[0.223s] Invoking command in '/home/ming/turtle_ws/build/turtlebot3_fake_node': CMAKE_PREFIX_PATH=/opt/ros/humble:${CMAKE_PREFIX_PATH} PYTHONPATH=/home/ming/turtle_ws/install/lib/python3.10/site-packages:/home/ming/turtle_ws/build/turtlebot3_teleop:/home/ming/turtle_ws/build/turtlebot3_example:/home/ming/turtle_ws/install/local/lib/python3.10/dist-packages:/opt/ros/humble/lib/python3.10/site-packages:/opt/ros/humble/local/lib/python3.10/dist-packages /usr/bin/cmake /home/ming/turtle_ws/src/turtlebot3_simulations/turtlebot3_fake_node -DAMENT_CMAKE_SYMLINK_INSTALL=1 -DCMAKE_INSTALL_PREFIX=/home/ming/turtle_ws/install
[0.282s] -- The C compiler identification is GNU 11.4.0
[0.343s] -- The CXX compiler identification is GNU 11.4.0
[0.352s] -- Detecting C compiler ABI info
[0.432s] -- Detecting C compiler ABI info - done
[0.442s] -- Check for working C compiler: /usr/bin/cc - skipped
[0.442s] -- Detecting C compile features
[0.443s] -- Detecting C compile features - done
[0.447s] -- Detecting CXX compiler ABI info
[0.549s] -- Detecting CXX compiler ABI info - done
[0.558s] -- Check for working CXX compiler: /usr/bin/c++ - skipped
[0.558s] -- Detecting CXX compile features
[0.558s] -- Detecting CXX compile features - done
[0.560s] -- Found ament_cmake: 1.3.12 (/opt/ros/humble/share/ament_cmake/cmake)
[0.721s] -- Found Python3: /usr/bin/python3 (found version "3.10.12") found components: Interpreter 
[0.809s] -- Override CMake install command with custom implementation using symlinks instead of copying resources
[0.845s] -- Found geometry_msgs: 4.9.0 (/opt/ros/humble/share/geometry_msgs/cmake)
[0.896s] -- Found rosidl_generator_c: 3.1.7 (/opt/ros/humble/share/rosidl_generator_c/cmake)
[0.903s] -- Found rosidl_adapter: 3.1.7 (/opt/ros/humble/share/rosidl_adapter/cmake)
[0.914s] -- Found rosidl_generator_cpp: 3.1.7 (/opt/ros/humble/share/rosidl_generator_cpp/cmake)
[0.923s] -- Using all available rosidl_typesupport_c: rosidl_typesupport_fastrtps_c;rosidl_typesupport_introspection_c
[0.937s] -- Using all available rosidl_typesupport_cpp: rosidl_typesupport_fastrtps_cpp;rosidl_typesupport_introspection_cpp
[0.970s] -- Found nav_msgs: 4.9.0 (/opt/ros/humble/share/nav_msgs/cmake)
[0.984s] -- Found rclcpp: 16.0.15 (/opt/ros/humble/share/rclcpp/cmake)
[1.015s] -- Found rmw_implementation_cmake: 6.1.2 (/opt/ros/humble/share/rmw_implementation_cmake/cmake)
[1.017s] -- Found rmw_fastrtps_cpp: 6.2.8 (/opt/ros/humble/share/rmw_fastrtps_cpp/cmake)
[1.100s] -- Found OpenSSL: /usr/lib/x86_64-linux-gnu/libcrypto.so (found version "3.0.2")  
[1.136s] -- Found FastRTPS: /opt/ros/humble/include  
[1.190s] -- Using RMW implementation 'rmw_fastrtps_cpp' as default
[1.201s] -- Looking for pthread.h
[1.290s] -- Looking for pthread.h - found
[1.290s] -- Performing Test CMAKE_HAVE_LIBC_PTHREAD
[1.374s] -- Performing Test CMAKE_HAVE_LIBC_PTHREAD - Success
[1.375s] -- Found Threads: TRUE  
[1.411s] -- Found sensor_msgs: 4.9.0 (/opt/ros/humble/share/sensor_msgs/cmake)
[1.425s] -- Found tf2: 0.25.16 (/opt/ros/humble/share/tf2/cmake)
[1.434s] -- Found tf2_msgs: 0.25.16 (/opt/ros/humble/share/tf2_msgs/cmake)
[1.491s] -- Found turtlebot3_msgs: 2.4.0 (/opt/ros/humble/share/turtlebot3_msgs/cmake)
[1.737s] -- Configuring done
[1.783s] -- Generating done
[1.798s] -- Build files have been written to: /home/ming/turtle_ws/build/turtlebot3_fake_node
[1.834s] Invoked command in '/home/ming/turtle_ws/build/turtlebot3_fake_node' returned '0': CMAKE_PREFIX_PATH=/opt/ros/humble:${CMAKE_PREFIX_PATH} PYTHONPATH=/home/ming/turtle_ws/install/lib/python3.10/site-packages:/home/ming/turtle_ws/build/turtlebot3_teleop:/home/ming/turtle_ws/build/turtlebot3_example:/home/ming/turtle_ws/install/local/lib/python3.10/dist-packages:/opt/ros/humble/lib/python3.10/site-packages:/opt/ros/humble/local/lib/python3.10/dist-packages /usr/bin/cmake /home/ming/turtle_ws/src/turtlebot3_simulations/turtlebot3_fake_node -DAMENT_CMAKE_SYMLINK_INSTALL=1 -DCMAKE_INSTALL_PREFIX=/home/ming/turtle_ws/install
[1.837s] Invoking command in '/home/ming/turtle_ws/build/turtlebot3_fake_node': CMAKE_PREFIX_PATH=/opt/ros/humble:${CMAKE_PREFIX_PATH} PYTHONPATH=/home/ming/turtle_ws/install/lib/python3.10/site-packages:/home/ming/turtle_ws/build/turtlebot3_teleop:/home/ming/turtle_ws/build/turtlebot3_example:/home/ming/turtle_ws/install/local/lib/python3.10/dist-packages:/opt/ros/humble/lib/python3.10/site-packages:/opt/ros/humble/local/lib/python3.10/dist-packages /usr/bin/cmake --build /home/ming/turtle_ws/build/turtlebot3_fake_node -- -j16 -l16
[2.040s] [ 50%] [32mBuilding CXX object CMakeFiles/turtlebot3_fake_node.dir/src/turtlebot3_fake_node.cpp.o[0m
[17.410s] [100%] [32m[1mLinking CXX executable turtlebot3_fake_node[0m
[17.879s] [100%] Built target turtlebot3_fake_node
[17.891s] Invoked command in '/home/ming/turtle_ws/build/turtlebot3_fake_node' returned '0': CMAKE_PREFIX_PATH=/opt/ros/humble:${CMAKE_PREFIX_PATH} PYTHONPATH=/home/ming/turtle_ws/install/lib/python3.10/site-packages:/home/ming/turtle_ws/build/turtlebot3_teleop:/home/ming/turtle_ws/build/turtlebot3_example:/home/ming/turtle_ws/install/local/lib/python3.10/dist-packages:/opt/ros/humble/lib/python3.10/site-packages:/opt/ros/humble/local/lib/python3.10/dist-packages /usr/bin/cmake --build /home/ming/turtle_ws/build/turtlebot3_fake_node -- -j16 -l16
[17.894s] Invoking command in '/home/ming/turtle_ws/build/turtlebot3_fake_node': CMAKE_PREFIX_PATH=/opt/ros/humble:${CMAKE_PREFIX_PATH} PYTHONPATH=/home/ming/turtle_ws/install/lib/python3.10/site-packages:/home/ming/turtle_ws/build/turtlebot3_teleop:/home/ming/turtle_ws/build/turtlebot3_example:/home/ming/turtle_ws/install/local/lib/python3.10/dist-packages:/opt/ros/humble/lib/python3.10/site-packages:/opt/ros/humble/local/lib/python3.10/dist-packages /usr/bin/cmake --install /home/ming/turtle_ws/build/turtlebot3_fake_node
[17.903s] -- Install configuration: ""
[17.903s] -- Execute custom install script
[17.903s] -- Symlinking: /home/ming/turtle_ws/install/lib/turtlebot3_fake_node/turtlebot3_fake_node
[17.915s] -- Symlinking: /home/ming/turtle_ws/install/share/turtlebot3_fake_node/launch/rviz2.launch.py
[17.923s] -- Symlinking: /home/ming/turtle_ws/install/share/turtlebot3_fake_node/launch/turtlebot3_fake_node.launch.py
[17.930s] -- Symlinking: /home/ming/turtle_ws/install/share/turtlebot3_fake_node/param/burger.yaml
[17.938s] -- Symlinking: /home/ming/turtle_ws/install/share/turtlebot3_fake_node/param/waffle.yaml
[17.946s] -- Symlinking: /home/ming/turtle_ws/install/share/turtlebot3_fake_node/param/waffle_pi.yaml
[17.954s] -- Symlinking: /home/ming/turtle_ws/install/include//turtlebot3_fake_node/turtlebot3_fake_node.hpp
[17.963s] -- Symlinking: /home/ming/turtle_ws/install/share/ament_index/resource_index/package_run_dependencies/turtlebot3_fake_node
[17.970s] -- Symlinking: /home/ming/turtle_ws/install/share/ament_index/resource_index/parent_prefix_path/turtlebot3_fake_node
[17.979s] -- Symlinking: /home/ming/turtle_ws/install/share/turtlebot3_fake_node/environment/ament_prefix_path.sh
[17.987s] -- Symlinking: /home/ming/turtle_ws/install/share/turtlebot3_fake_node/environment/ament_prefix_path.dsv
[17.998s] -- Symlinking: /home/ming/turtle_ws/install/share/turtlebot3_fake_node/environment/path.sh
[18.010s] -- Symlinking: /home/ming/turtle_ws/install/share/turtlebot3_fake_node/environment/path.dsv
[18.018s] -- Symlinking: /home/ming/turtle_ws/install/share/turtlebot3_fake_node/local_setup.bash
[18.026s] -- Symlinking: /home/ming/turtle_ws/install/share/turtlebot3_fake_node/local_setup.sh
[18.034s] -- Symlinking: /home/ming/turtle_ws/install/share/turtlebot3_fake_node/local_setup.zsh
[18.042s] -- Symlinking: /home/ming/turtle_ws/install/share/turtlebot3_fake_node/local_setup.dsv
[18.050s] -- Symlinking: /home/ming/turtle_ws/install/share/turtlebot3_fake_node/package.dsv
[18.058s] -- Symlinking: /home/ming/turtle_ws/install/share/ament_index/resource_index/packages/turtlebot3_fake_node
[18.066s] -- Symlinking: /home/ming/turtle_ws/install/share/turtlebot3_fake_node/cmake/ament_cmake_export_include_directories-extras.cmake
[18.074s] -- Symlinking: /home/ming/turtle_ws/install/share/turtlebot3_fake_node/cmake/ament_cmake_export_dependencies-extras.cmake
[18.086s] -- Symlinking: /home/ming/turtle_ws/install/share/turtlebot3_fake_node/cmake/turtlebot3_fake_nodeConfig.cmake
[18.096s] -- Symlinking: /home/ming/turtle_ws/install/share/turtlebot3_fake_node/cmake/turtlebot3_fake_nodeConfig-version.cmake
[18.105s] -- Symlinking: /home/ming/turtle_ws/install/share/turtlebot3_fake_node/package.xml
[18.117s] Invoked command in '/home/ming/turtle_ws/build/turtlebot3_fake_node' returned '0': CMAKE_PREFIX_PATH=/opt/ros/humble:${CMAKE_PREFIX_PATH} PYTHONPATH=/home/ming/turtle_ws/install/lib/python3.10/site-packages:/home/ming/turtle_ws/build/turtlebot3_teleop:/home/ming/turtle_ws/build/turtlebot3_example:/home/ming/turtle_ws/install/local/lib/python3.10/dist-packages:/opt/ros/humble/lib/python3.10/site-packages:/opt/ros/humble/local/lib/python3.10/dist-packages /usr/bin/cmake --install /home/ming/turtle_ws/build/turtlebot3_fake_node
