[0.016s] Invoking command in '/home/ming/turtle_ws/build/turtlebot3_description': CMAKE_PREFIX_PATH=${CMAKE_PREFIX_PATH}:/opt/ros/humble /usr/bin/cmake /home/ming/turtle_ws/src/turtlebot3/turtlebot3_description -DAMENT_CMAKE_SYMLINK_INSTALL=1 -DCMAKE_INSTALL_PREFIX=/home/ming/turtle_ws/install
[0.183s] -- The C compiler identification is GNU 11.4.0
[0.184s] -- The CXX compiler identification is GNU 11.4.0
[0.184s] -- Detecting C compiler ABI info
[0.185s] -- Detecting C compiler ABI info - done
[0.185s] -- Check for working C compiler: /usr/bin/cc - skipped
[0.185s] -- Detecting C compile features
[0.185s] -- Detecting C compile features - done
[0.185s] -- Detecting CXX compiler ABI info
[0.229s] -- Detecting CXX compiler ABI info - done
[0.235s] -- Check for working CXX compiler: /usr/bin/c++ - skipped
[0.235s] -- Detecting CXX compile features
[0.235s] -- Detecting CXX compile features - done
[0.237s] -- Found ament_cmake: 1.3.12 (/opt/ros/humble/share/ament_cmake/cmake)
[0.374s] -- Found Python3: /usr/bin/python3 (found version "3.10.12") found components: Interpreter 
[0.418s] -- Override CMake install command with custom implementation using symlinks instead of copying resources
[0.438s] -- Found urdf: 2.6.1 (/opt/ros/humble/share/urdf/cmake)
[0.555s] -- Configuring done
[0.558s] -- Generating done
[0.560s] -- Build files have been written to: /home/ming/turtle_ws/build/turtlebot3_description
[0.566s] Invoked command in '/home/ming/turtle_ws/build/turtlebot3_description' returned '0': CMAKE_PREFIX_PATH=${CMAKE_PREFIX_PATH}:/opt/ros/humble /usr/bin/cmake /home/ming/turtle_ws/src/turtlebot3/turtlebot3_description -DAMENT_CMAKE_SYMLINK_INSTALL=1 -DCMAKE_INSTALL_PREFIX=/home/ming/turtle_ws/install
[0.568s] Invoking command in '/home/ming/turtle_ws/build/turtlebot3_description': CMAKE_PREFIX_PATH=${CMAKE_PREFIX_PATH}:/opt/ros/humble /usr/bin/cmake --build /home/ming/turtle_ws/build/turtlebot3_description -- -j16 -l16
[0.596s] Invoked command in '/home/ming/turtle_ws/build/turtlebot3_description' returned '0': CMAKE_PREFIX_PATH=${CMAKE_PREFIX_PATH}:/opt/ros/humble /usr/bin/cmake --build /home/ming/turtle_ws/build/turtlebot3_description -- -j16 -l16
[0.598s] Invoking command in '/home/ming/turtle_ws/build/turtlebot3_description': CMAKE_PREFIX_PATH=${CMAKE_PREFIX_PATH}:/opt/ros/humble /usr/bin/cmake --install /home/ming/turtle_ws/build/turtlebot3_description
[0.605s] -- Install configuration: ""
[0.606s] -- Execute custom install script
[0.606s] -- Symlinking: /home/ming/turtle_ws/install/share/turtlebot3_description/meshes/bases/burger_base.stl
[0.612s] -- Symlinking: /home/ming/turtle_ws/install/share/turtlebot3_description/meshes/bases/waffle_base.stl
[0.619s] -- Symlinking: /home/ming/turtle_ws/install/share/turtlebot3_description/meshes/bases/waffle_pi_base.stl
[0.624s] -- Symlinking: /home/ming/turtle_ws/install/share/turtlebot3_description/meshes/sensors/astra.dae
[0.629s] -- Symlinking: /home/ming/turtle_ws/install/share/turtlebot3_description/meshes/sensors/astra.jpg
[0.636s] -- Symlinking: /home/ming/turtle_ws/install/share/turtlebot3_description/meshes/sensors/lds.stl
[0.642s] -- Symlinking: /home/ming/turtle_ws/install/share/turtlebot3_description/meshes/sensors/r200.dae
[0.647s] -- Symlinking: /home/ming/turtle_ws/install/share/turtlebot3_description/meshes/sensors/r200.jpg
[0.653s] -- Symlinking: /home/ming/turtle_ws/install/share/turtlebot3_description/meshes/wheels/left_tire.stl
[0.658s] -- Symlinking: /home/ming/turtle_ws/install/share/turtlebot3_description/meshes/wheels/right_tire.stl
[0.666s] -- Symlinking: /home/ming/turtle_ws/install/share/turtlebot3_description/rviz/model.rviz
[0.674s] -- Symlinking: /home/ming/turtle_ws/install/share/turtlebot3_description/urdf/common_properties.urdf
[0.683s] -- Symlinking: /home/ming/turtle_ws/install/share/turtlebot3_description/urdf/turtlebot3_burger.urdf
[0.688s] -- Symlinking: /home/ming/turtle_ws/install/share/turtlebot3_description/urdf/turtlebot3_waffle.urdf
[0.693s] -- Symlinking: /home/ming/turtle_ws/install/share/turtlebot3_description/urdf/turtlebot3_waffle_pi.urdf
[0.698s] -- Symlinking: /home/ming/turtle_ws/install/share/ament_index/resource_index/package_run_dependencies/turtlebot3_description
[0.707s] -- Symlinking: /home/ming/turtle_ws/install/share/ament_index/resource_index/parent_prefix_path/turtlebot3_description
[0.713s] -- Symlinking: /home/ming/turtle_ws/install/share/turtlebot3_description/environment/ament_prefix_path.sh
[0.721s] -- Symlinking: /home/ming/turtle_ws/install/share/turtlebot3_description/environment/ament_prefix_path.dsv
[0.727s] -- Symlinking: /home/ming/turtle_ws/install/share/turtlebot3_description/environment/path.sh
[0.734s] -- Symlinking: /home/ming/turtle_ws/install/share/turtlebot3_description/environment/path.dsv
[0.739s] -- Symlinking: /home/ming/turtle_ws/install/share/turtlebot3_description/local_setup.bash
[0.746s] -- Symlinking: /home/ming/turtle_ws/install/share/turtlebot3_description/local_setup.sh
[0.754s] -- Symlinking: /home/ming/turtle_ws/install/share/turtlebot3_description/local_setup.zsh
[0.762s] -- Symlinking: /home/ming/turtle_ws/install/share/turtlebot3_description/local_setup.dsv
[0.767s] -- Symlinking: /home/ming/turtle_ws/install/share/turtlebot3_description/package.dsv
[0.773s] -- Symlinking: /home/ming/turtle_ws/install/share/ament_index/resource_index/packages/turtlebot3_description
[0.778s] -- Symlinking: /home/ming/turtle_ws/install/share/turtlebot3_description/cmake/turtlebot3_descriptionConfig.cmake
[0.784s] -- Symlinking: /home/ming/turtle_ws/install/share/turtlebot3_description/cmake/turtlebot3_descriptionConfig-version.cmake
[0.789s] -- Symlinking: /home/ming/turtle_ws/install/share/turtlebot3_description/package.xml
[0.798s] Invoked command in '/home/ming/turtle_ws/build/turtlebot3_description' returned '0': CMAKE_PREFIX_PATH=${CMAKE_PREFIX_PATH}:/opt/ros/humble /usr/bin/cmake --install /home/ming/turtle_ws/build/turtlebot3_description
