[0.017s] Invoking command in '/home/ming/turtle_ws/build/turtlebot3_msgs': CMAKE_PREFIX_PATH=${CMAKE_PREFIX_PATH}:/opt/ros/humble /usr/bin/cmake /home/ming/turtle_ws/src/turtlebot3_msgs -DAMENT_CMAKE_SYMLINK_INSTALL=1 -DCMAKE_INSTALL_PREFIX=/home/ming/turtle_ws/install
[0.188s] -- The C compiler identification is GNU 11.4.0
[0.189s] -- The CXX compiler identification is GNU 11.4.0
[0.189s] -- Detecting C compiler ABI info
[0.189s] -- Detecting C compiler ABI info - done
[0.189s] -- Check for working C compiler: /usr/bin/cc - skipped
[0.189s] -- Detecting C compile features
[0.189s] -- Detecting C compile features - done
[0.189s] -- Detecting CXX compiler ABI info
[0.214s] -- Detecting CXX compiler ABI info - done
[0.219s] -- Check for working CXX compiler: /usr/bin/c++ - skipped
[0.219s] -- Detecting CXX compile features
[0.220s] -- Detecting CXX compile features - done
[0.221s] -- Found action_msgs: 1.2.2 (/opt/ros/humble/share/action_msgs/cmake)
[0.351s] -- Found Python3: /usr/bin/python3 (found version "3.10.12") found components: Interpreter 
[0.397s] -- Override CMake install command with custom implementation using symlinks instead of copying resources
[0.466s] -- Found rosidl_generator_c: 3.1.7 (/opt/ros/humble/share/rosidl_generator_c/cmake)
[0.472s] -- Found rosidl_adapter: 3.1.7 (/opt/ros/humble/share/rosidl_adapter/cmake)
[0.481s] -- Found rosidl_generator_cpp: 3.1.7 (/opt/ros/humble/share/rosidl_generator_cpp/cmake)
[0.494s] -- Using all available rosidl_typesupport_c: rosidl_typesupport_fastrtps_c;rosidl_typesupport_introspection_c
[0.512s] -- Using all available rosidl_typesupport_cpp: rosidl_typesupport_fastrtps_cpp;rosidl_typesupport_introspection_cpp
[0.556s] -- Found rosidl_default_generators: 1.2.0 (/opt/ros/humble/share/rosidl_default_generators/cmake)
[0.566s] -- Found std_msgs: 4.9.0 (/opt/ros/humble/share/std_msgs/cmake)
[0.580s] -- Found geometry_msgs: 4.9.0 (/opt/ros/humble/share/geometry_msgs/cmake)
[0.892s] -- Found ament_cmake_cppcheck: 0.12.14 (/opt/ros/humble/share/ament_cmake_cppcheck/cmake)
[0.893s] -- Found ament_cmake_cpplint: 0.12.14 (/opt/ros/humble/share/ament_cmake_cpplint/cmake)
[0.895s] -- Found ament_cmake_uncrustify: 0.12.14 (/opt/ros/humble/share/ament_cmake_uncrustify/cmake)
[0.898s] -- Found ament_cmake_ros: 0.10.0 (/opt/ros/humble/share/ament_cmake_ros/cmake)
[1.237s] -- Using all available rosidl_typesupport_c: rosidl_typesupport_fastrtps_c;rosidl_typesupport_introspection_c
[1.365s] -- Using all available rosidl_typesupport_cpp: rosidl_typesupport_fastrtps_cpp;rosidl_typesupport_introspection_cpp
[1.379s] -- Found PythonInterp: /usr/bin/python3 (found suitable version "3.10.12", minimum required is "3.6") 
[1.380s] -- Found python_cmake_module: 0.10.0 (/opt/ros/humble/share/python_cmake_module/cmake)
[1.396s] -- Found PythonLibs: /usr/lib/x86_64-linux-gnu/libpython3.10.so (found suitable version "3.10.12", minimum required is "3.5") 
[1.396s] -- Using PYTHON_EXECUTABLE: /usr/bin/python3
[1.396s] -- Using PYTHON_INCLUDE_DIRS: /usr/include/python3.10
[1.396s] -- Using PYTHON_LIBRARIES: /usr/lib/x86_64-linux-gnu/libpython3.10.so
[1.410s] -- Found PythonExtra: .so  
[1.448s] -- Found ament_cmake_flake8: 0.12.14 (/opt/ros/humble/share/ament_cmake_flake8/cmake)
[1.449s] -- Found ament_cmake_pep257: 0.12.14 (/opt/ros/humble/share/ament_cmake_pep257/cmake)
[1.454s] -- Configuring done
[1.476s] -- Generating done
[1.482s] -- Build files have been written to: /home/ming/turtle_ws/build/turtlebot3_msgs
[1.488s] Invoked command in '/home/ming/turtle_ws/build/turtlebot3_msgs' returned '0': CMAKE_PREFIX_PATH=${CMAKE_PREFIX_PATH}:/opt/ros/humble /usr/bin/cmake /home/ming/turtle_ws/src/turtlebot3_msgs -DAMENT_CMAKE_SYMLINK_INSTALL=1 -DCMAKE_INSTALL_PREFIX=/home/ming/turtle_ws/install
[1.489s] Invoking command in '/home/ming/turtle_ws/build/turtlebot3_msgs': CMAKE_PREFIX_PATH=${CMAKE_PREFIX_PATH}:/opt/ros/humble /usr/bin/cmake --build /home/ming/turtle_ws/build/turtlebot3_msgs -- -j16 -l16
[1.518s] [  1%] [34m[1mGenerating C code for ROS interfaces[0m
[1.525s] [  2%] [34m[1mGenerating C++ code for ROS interfaces[0m
[1.533s] [  2%] Built target ament_cmake_python_symlink_turtlebot3_msgs
[1.681s] running egg_info
[1.681s] creating turtlebot3_msgs.egg-info
[1.681s] writing turtlebot3_msgs.egg-info/PKG-INFO
[1.681s] writing dependency_links to turtlebot3_msgs.egg-info/dependency_links.txt
[1.681s] writing top-level names to turtlebot3_msgs.egg-info/top_level.txt
[1.682s] writing manifest file 'turtlebot3_msgs.egg-info/SOURCES.txt'
[1.683s] reading manifest file 'turtlebot3_msgs.egg-info/SOURCES.txt'
[1.684s] writing manifest file 'turtlebot3_msgs.egg-info/SOURCES.txt'
[1.704s] [  2%] Built target ament_cmake_python_build_turtlebot3_msgs_egg
[2.109s] [  2%] Built target turtlebot3_msgs__cpp
[2.116s] [  3%] [34m[1mGenerating C++ introspection for ROS interfaces[0m
[2.119s] [  6%] [34m[1mGenerating C++ type support for eProsima Fast-RTPS[0m
[2.119s] [  6%] [34m[1mGenerating C++ type support dispatch for ROS interfaces[0m
[2.509s] [  8%] [32mBuilding C object CMakeFiles/turtlebot3_msgs__rosidl_generator_c.dir/rosidl_generator_c/turtlebot3_msgs/srv/detail/sound__functions.c.o[0m
[2.509s] [  8%] [32mBuilding C object CMakeFiles/turtlebot3_msgs__rosidl_generator_c.dir/rosidl_generator_c/turtlebot3_msgs/msg/detail/sound__functions.c.o[0m
[2.509s] [ 11%] [32mBuilding C object CMakeFiles/turtlebot3_msgs__rosidl_generator_c.dir/rosidl_generator_c/turtlebot3_msgs/msg/detail/version_info__functions.c.o[0m
[2.509s] [ 11%] [32mBuilding C object CMakeFiles/turtlebot3_msgs__rosidl_generator_c.dir/rosidl_generator_c/turtlebot3_msgs/msg/detail/sensor_state__functions.c.o[0m
[2.511s] [ 13%] [32mBuilding C object CMakeFiles/turtlebot3_msgs__rosidl_generator_c.dir/rosidl_generator_c/turtlebot3_msgs/srv/detail/goal__functions.c.o[0m
[2.511s] [ 13%] [32mBuilding C object CMakeFiles/turtlebot3_msgs__rosidl_generator_c.dir/rosidl_generator_c/turtlebot3_msgs/srv/detail/dqn__functions.c.o[0m
[2.512s] [ 15%] [32mBuilding C object CMakeFiles/turtlebot3_msgs__rosidl_generator_c.dir/rosidl_generator_c/turtlebot3_msgs/action/detail/patrol__functions.c.o[0m
[2.655s] [ 16%] [32m[1mLinking C shared library libturtlebot3_msgs__rosidl_generator_c.so[0m
[2.684s] [ 16%] Built target turtlebot3_msgs__rosidl_generator_c
[2.692s] [ 17%] [34m[1mGenerating C type support for eProsima Fast-RTPS[0m
[2.692s] [ 18%] [34m[1mGenerating C type support dispatch for ROS interfaces[0m
[2.695s] [ 20%] [34m[1mGenerating C introspection for ROS interfaces[0m
[2.741s] [ 21%] [32mBuilding CXX object CMakeFiles/turtlebot3_msgs__rosidl_typesupport_introspection_cpp.dir/rosidl_typesupport_introspection_cpp/turtlebot3_msgs/msg/detail/version_info__type_support.cpp.o[0m
[2.742s] [ 22%] [32mBuilding CXX object CMakeFiles/turtlebot3_msgs__rosidl_typesupport_introspection_cpp.dir/rosidl_typesupport_introspection_cpp/turtlebot3_msgs/msg/detail/sensor_state__type_support.cpp.o[0m
[2.742s] [ 24%] [32mBuilding CXX object CMakeFiles/turtlebot3_msgs__rosidl_typesupport_introspection_cpp.dir/rosidl_typesupport_introspection_cpp/turtlebot3_msgs/srv/detail/sound__type_support.cpp.o[0m
[2.742s] [ 25%] [32mBuilding CXX object CMakeFiles/turtlebot3_msgs__rosidl_typesupport_introspection_cpp.dir/rosidl_typesupport_introspection_cpp/turtlebot3_msgs/msg/detail/sound__type_support.cpp.o[0m
[2.744s] [ 26%] [32mBuilding CXX object CMakeFiles/turtlebot3_msgs__rosidl_typesupport_introspection_cpp.dir/rosidl_typesupport_introspection_cpp/turtlebot3_msgs/srv/detail/goal__type_support.cpp.o[0m
[2.749s] [ 27%] [32mBuilding CXX object CMakeFiles/turtlebot3_msgs__rosidl_typesupport_introspection_cpp.dir/rosidl_typesupport_introspection_cpp/turtlebot3_msgs/action/detail/patrol__type_support.cpp.o[0m
[2.750s] [ 29%] [32mBuilding CXX object CMakeFiles/turtlebot3_msgs__rosidl_typesupport_introspection_cpp.dir/rosidl_typesupport_introspection_cpp/turtlebot3_msgs/srv/detail/dqn__type_support.cpp.o[0m
[2.928s] [ 30%] [32mBuilding CXX object CMakeFiles/turtlebot3_msgs__rosidl_typesupport_cpp.dir/rosidl_typesupport_cpp/turtlebot3_msgs/msg/sound__type_support.cpp.o[0m
[2.938s] [ 31%] [32mBuilding CXX object CMakeFiles/turtlebot3_msgs__rosidl_typesupport_cpp.dir/rosidl_typesupport_cpp/turtlebot3_msgs/msg/sensor_state__type_support.cpp.o[0m
[2.938s] [ 34%] [32mBuilding CXX object CMakeFiles/turtlebot3_msgs__rosidl_typesupport_cpp.dir/rosidl_typesupport_cpp/turtlebot3_msgs/srv/dqn__type_support.cpp.o[0m
[2.938s] [ 35%] [32mBuilding CXX object CMakeFiles/turtlebot3_msgs__rosidl_typesupport_cpp.dir/rosidl_typesupport_cpp/turtlebot3_msgs/msg/version_info__type_support.cpp.o[0m
[2.938s] [ 35%] [32mBuilding CXX object CMakeFiles/turtlebot3_msgs__rosidl_typesupport_cpp.dir/rosidl_typesupport_cpp/turtlebot3_msgs/srv/sound__type_support.cpp.o[0m
[3.194s] [ 36%] [32mBuilding CXX object CMakeFiles/turtlebot3_msgs__rosidl_typesupport_cpp.dir/rosidl_typesupport_cpp/turtlebot3_msgs/srv/goal__type_support.cpp.o[0m
[3.241s] [ 37%] [32mBuilding CXX object CMakeFiles/turtlebot3_msgs__rosidl_typesupport_cpp.dir/rosidl_typesupport_cpp/turtlebot3_msgs/action/patrol__type_support.cpp.o[0m
[3.288s] [ 39%] [32mBuilding CXX object CMakeFiles/turtlebot3_msgs__rosidl_typesupport_fastrtps_cpp.dir/rosidl_typesupport_fastrtps_cpp/turtlebot3_msgs/msg/detail/dds_fastrtps/sensor_state__type_support.cpp.o[0m
[3.291s] [ 40%] [32mBuilding CXX object CMakeFiles/turtlebot3_msgs__rosidl_typesupport_fastrtps_cpp.dir/rosidl_typesupport_fastrtps_cpp/turtlebot3_msgs/srv/detail/dds_fastrtps/sound__type_support.cpp.o[0m
[3.292s] [ 41%] [32mBuilding CXX object CMakeFiles/turtlebot3_msgs__rosidl_typesupport_fastrtps_cpp.dir/rosidl_typesupport_fastrtps_cpp/turtlebot3_msgs/msg/detail/dds_fastrtps/version_info__type_support.cpp.o[0m
[3.297s] [ 43%] [32mBuilding CXX object CMakeFiles/turtlebot3_msgs__rosidl_typesupport_fastrtps_cpp.dir/rosidl_typesupport_fastrtps_cpp/turtlebot3_msgs/msg/detail/dds_fastrtps/sound__type_support.cpp.o[0m
[3.312s] [ 44%] [32mBuilding CXX object CMakeFiles/turtlebot3_msgs__rosidl_typesupport_fastrtps_cpp.dir/rosidl_typesupport_fastrtps_cpp/turtlebot3_msgs/srv/detail/dds_fastrtps/dqn__type_support.cpp.o[0m
[3.347s] [ 45%] [32mBuilding CXX object CMakeFiles/turtlebot3_msgs__rosidl_typesupport_fastrtps_cpp.dir/rosidl_typesupport_fastrtps_cpp/turtlebot3_msgs/srv/detail/dds_fastrtps/goal__type_support.cpp.o[0m
[3.360s] [ 46%] [32mBuilding CXX object CMakeFiles/turtlebot3_msgs__rosidl_typesupport_fastrtps_cpp.dir/rosidl_typesupport_fastrtps_cpp/turtlebot3_msgs/action/detail/dds_fastrtps/patrol__type_support.cpp.o[0m
[3.694s] [ 48%] [32mBuilding CXX object CMakeFiles/turtlebot3_msgs__rosidl_typesupport_c.dir/rosidl_typesupport_c/turtlebot3_msgs/msg/sensor_state__type_support.cpp.o[0m
[3.701s] [ 49%] [32mBuilding CXX object CMakeFiles/turtlebot3_msgs__rosidl_typesupport_c.dir/rosidl_typesupport_c/turtlebot3_msgs/msg/version_info__type_support.cpp.o[0m
[3.705s] [ 50%] [32mBuilding CXX object CMakeFiles/turtlebot3_msgs__rosidl_typesupport_c.dir/rosidl_typesupport_c/turtlebot3_msgs/msg/sound__type_support.cpp.o[0m
[3.710s] [ 51%] [32mBuilding CXX object CMakeFiles/turtlebot3_msgs__rosidl_typesupport_c.dir/rosidl_typesupport_c/turtlebot3_msgs/srv/sound__type_support.cpp.o[0m
[3.711s] [ 53%] [32mBuilding CXX object CMakeFiles/turtlebot3_msgs__rosidl_typesupport_c.dir/rosidl_typesupport_c/turtlebot3_msgs/srv/dqn__type_support.cpp.o[0m
[3.757s] [ 55%] [32m[1mLinking CXX shared library libturtlebot3_msgs__rosidl_typesupport_introspection_cpp.so[0m
[3.757s] [ 55%] [32mBuilding CXX object CMakeFiles/turtlebot3_msgs__rosidl_typesupport_c.dir/rosidl_typesupport_c/turtlebot3_msgs/srv/goal__type_support.cpp.o[0m
[3.764s] [ 56%] [32mBuilding CXX object CMakeFiles/turtlebot3_msgs__rosidl_typesupport_c.dir/rosidl_typesupport_c/turtlebot3_msgs/action/patrol__type_support.cpp.o[0m
[3.820s] [ 58%] [32mBuilding CXX object CMakeFiles/turtlebot3_msgs__rosidl_typesupport_fastrtps_c.dir/rosidl_typesupport_fastrtps_c/turtlebot3_msgs/msg/detail/sound__type_support_c.cpp.o[0m
[3.824s] [ 59%] [32mBuilding CXX object CMakeFiles/turtlebot3_msgs__rosidl_typesupport_fastrtps_c.dir/rosidl_typesupport_fastrtps_c/turtlebot3_msgs/msg/detail/sensor_state__type_support_c.cpp.o[0m
[3.825s] [ 60%] [32mBuilding CXX object CMakeFiles/turtlebot3_msgs__rosidl_typesupport_fastrtps_c.dir/rosidl_typesupport_fastrtps_c/turtlebot3_msgs/msg/detail/version_info__type_support_c.cpp.o[0m
[3.831s] [ 62%] [32mBuilding CXX object CMakeFiles/turtlebot3_msgs__rosidl_typesupport_fastrtps_c.dir/rosidl_typesupport_fastrtps_c/turtlebot3_msgs/srv/detail/dqn__type_support_c.cpp.o[0m
[3.831s] [ 63%] [32mBuilding CXX object CMakeFiles/turtlebot3_msgs__rosidl_typesupport_fastrtps_c.dir/rosidl_typesupport_fastrtps_c/turtlebot3_msgs/srv/detail/sound__type_support_c.cpp.o[0m
[3.838s] [ 64%] [32mBuilding CXX object CMakeFiles/turtlebot3_msgs__rosidl_typesupport_fastrtps_c.dir/rosidl_typesupport_fastrtps_c/turtlebot3_msgs/srv/detail/goal__type_support_c.cpp.o[0m
[3.851s] [ 65%] [32m[1mLinking CXX shared library libturtlebot3_msgs__rosidl_typesupport_c.so[0m
[3.913s] [ 67%] [32mBuilding CXX object CMakeFiles/turtlebot3_msgs__rosidl_typesupport_fastrtps_c.dir/rosidl_typesupport_fastrtps_c/turtlebot3_msgs/action/detail/patrol__type_support_c.cpp.o[0m
[3.924s] [ 67%] Built target turtlebot3_msgs__rosidl_typesupport_introspection_cpp
[3.976s] [ 67%] Built target turtlebot3_msgs__rosidl_typesupport_c
[4.004s] [ 68%] [32m[1mLinking CXX shared library libturtlebot3_msgs__rosidl_typesupport_cpp.so[0m
[4.012s] [ 69%] [32mBuilding C object CMakeFiles/turtlebot3_msgs__rosidl_typesupport_introspection_c.dir/rosidl_typesupport_introspection_c/turtlebot3_msgs/msg/detail/sensor_state__type_support.c.o[0m
[4.019s] [ 70%] [32mBuilding C object CMakeFiles/turtlebot3_msgs__rosidl_typesupport_introspection_c.dir/rosidl_typesupport_introspection_c/turtlebot3_msgs/msg/detail/sound__type_support.c.o[0m
[4.019s] [ 72%] [32mBuilding C object CMakeFiles/turtlebot3_msgs__rosidl_typesupport_introspection_c.dir/rosidl_typesupport_introspection_c/turtlebot3_msgs/msg/detail/version_info__type_support.c.o[0m
[4.023s] [ 73%] [32mBuilding C object CMakeFiles/turtlebot3_msgs__rosidl_typesupport_introspection_c.dir/rosidl_typesupport_introspection_c/turtlebot3_msgs/srv/detail/sound__type_support.c.o[0m
[4.027s] [ 74%] [32mBuilding C object CMakeFiles/turtlebot3_msgs__rosidl_typesupport_introspection_c.dir/rosidl_typesupport_introspection_c/turtlebot3_msgs/srv/detail/dqn__type_support.c.o[0m
[4.032s] [ 75%] [32mBuilding C object CMakeFiles/turtlebot3_msgs__rosidl_typesupport_introspection_c.dir/rosidl_typesupport_introspection_c/turtlebot3_msgs/srv/detail/goal__type_support.c.o[0m
[4.064s] [ 75%] Built target turtlebot3_msgs__rosidl_typesupport_cpp
[4.079s] [ 77%] [32mBuilding C object CMakeFiles/turtlebot3_msgs__rosidl_typesupport_introspection_c.dir/rosidl_typesupport_introspection_c/turtlebot3_msgs/action/detail/patrol__type_support.c.o[0m
[4.147s] [ 78%] [32m[1mLinking C shared library libturtlebot3_msgs__rosidl_typesupport_introspection_c.so[0m
[4.168s] [ 79%] [32m[1mLinking CXX shared library libturtlebot3_msgs__rosidl_typesupport_fastrtps_cpp.so[0m
[4.189s] [ 79%] Built target turtlebot3_msgs__rosidl_typesupport_introspection_c
[4.294s] [ 79%] Built target turtlebot3_msgs__rosidl_typesupport_fastrtps_cpp
[4.474s] [ 81%] [32m[1mLinking CXX shared library libturtlebot3_msgs__rosidl_typesupport_fastrtps_c.so[0m
[4.557s] [ 81%] Built target turtlebot3_msgs__rosidl_typesupport_fastrtps_c
[4.573s] [ 81%] Built target turtlebot3_msgs
[4.597s] [ 82%] [34m[1mGenerating Python code for ROS interfaces[0m
[6.339s] [ 82%] Built target turtlebot3_msgs__py
[6.364s] [ 91%] [32mBuilding C object CMakeFiles/turtlebot3_msgs__rosidl_generator_py.dir/rosidl_generator_py/turtlebot3_msgs/action/_patrol_s.c.o[0m
[6.364s] [ 91%] [32mBuilding C object CMakeFiles/turtlebot3_msgs__rosidl_generator_py.dir/rosidl_generator_py/turtlebot3_msgs/msg/_sensor_state_s.c.o[0m
[6.364s] [ 91%] [32mBuilding C object CMakeFiles/turtlebot3_msgs__rosidl_generator_py.dir/rosidl_generator_py/turtlebot3_msgs/msg/_sound_s.c.o[0m
[6.364s] [ 91%] [32mBuilding C object CMakeFiles/turtlebot3_msgs__rosidl_generator_py.dir/rosidl_generator_py/turtlebot3_msgs/srv/_dqn_s.c.o[0m
[6.364s] [ 91%] [32mBuilding C object CMakeFiles/turtlebot3_msgs__rosidl_generator_py.dir/rosidl_generator_py/turtlebot3_msgs/srv/_sound_s.c.o[0m
[6.364s] [ 91%] [32mBuilding C object CMakeFiles/turtlebot3_msgs__rosidl_generator_py.dir/rosidl_generator_py/turtlebot3_msgs/msg/_version_info_s.c.o[0m
[6.364s] [ 91%] [32mBuilding C object CMakeFiles/turtlebot3_msgs__rosidl_generator_py.dir/rosidl_generator_py/turtlebot3_msgs/srv/_goal_s.c.o[0m
[6.550s] [ 92%] [32m[1mLinking C shared library rosidl_generator_py/turtlebot3_msgs/libturtlebot3_msgs__rosidl_generator_py.so[0m
[6.594s] [ 92%] Built target turtlebot3_msgs__rosidl_generator_py
[6.619s] [ 96%] [32mBuilding C object CMakeFiles/turtlebot3_msgs__rosidl_typesupport_c__pyext.dir/rosidl_generator_py/turtlebot3_msgs/_turtlebot3_msgs_s.ep.rosidl_typesupport_c.c.o[0m
[6.619s] [ 96%] [32mBuilding C object CMakeFiles/turtlebot3_msgs__rosidl_typesupport_fastrtps_c__pyext.dir/rosidl_generator_py/turtlebot3_msgs/_turtlebot3_msgs_s.ep.rosidl_typesupport_fastrtps_c.c.o[0m
[6.619s] [ 96%] [32mBuilding C object CMakeFiles/turtlebot3_msgs__rosidl_typesupport_introspection_c__pyext.dir/rosidl_generator_py/turtlebot3_msgs/_turtlebot3_msgs_s.ep.rosidl_typesupport_introspection_c.c.o[0m
[6.810s] [ 98%] [32m[1mLinking C shared library rosidl_generator_py/turtlebot3_msgs/turtlebot3_msgs_s__rosidl_typesupport_introspection_c.cpython-310-x86_64-linux-gnu.so[0m
[6.810s] [ 98%] [32m[1mLinking C shared library rosidl_generator_py/turtlebot3_msgs/turtlebot3_msgs_s__rosidl_typesupport_c.cpython-310-x86_64-linux-gnu.so[0m
[6.816s] [100%] [32m[1mLinking C shared library rosidl_generator_py/turtlebot3_msgs/turtlebot3_msgs_s__rosidl_typesupport_fastrtps_c.cpython-310-x86_64-linux-gnu.so[0m
[6.871s] [100%] Built target turtlebot3_msgs__rosidl_typesupport_introspection_c__pyext
[6.871s] [100%] Built target turtlebot3_msgs__rosidl_typesupport_c__pyext
[6.876s] [100%] Built target turtlebot3_msgs__rosidl_typesupport_fastrtps_c__pyext
[6.891s] Invoked command in '/home/ming/turtle_ws/build/turtlebot3_msgs' returned '0': CMAKE_PREFIX_PATH=${CMAKE_PREFIX_PATH}:/opt/ros/humble /usr/bin/cmake --build /home/ming/turtle_ws/build/turtlebot3_msgs -- -j16 -l16
[6.893s] Invoking command in '/home/ming/turtle_ws/build/turtlebot3_msgs': CMAKE_PREFIX_PATH=${CMAKE_PREFIX_PATH}:/opt/ros/humble /usr/bin/cmake --install /home/ming/turtle_ws/build/turtlebot3_msgs
[6.902s] -- Install configuration: ""
[6.903s] -- Execute custom install script
[6.903s] -- Symlinking: /home/ming/turtle_ws/install/share/ament_index/resource_index/rosidl_interfaces/turtlebot3_msgs
[6.914s] -- Symlinking: /home/ming/turtle_ws/install/include/turtlebot3_msgs/turtlebot3_msgs/action/detail/patrol__functions.h
[6.924s] -- Symlinking: /home/ming/turtle_ws/install/include/turtlebot3_msgs/turtlebot3_msgs/action/detail/patrol__struct.h
[6.931s] -- Symlinking: /home/ming/turtle_ws/install/include/turtlebot3_msgs/turtlebot3_msgs/action/detail/patrol__type_support.h
[6.938s] -- Symlinking: /home/ming/turtle_ws/install/include/turtlebot3_msgs/turtlebot3_msgs/action/patrol.h
[6.946s] -- Symlinking: /home/ming/turtle_ws/install/include/turtlebot3_msgs/turtlebot3_msgs/msg/detail/sensor_state__functions.h
[6.954s] -- Symlinking: /home/ming/turtle_ws/install/include/turtlebot3_msgs/turtlebot3_msgs/msg/detail/sensor_state__struct.h
[6.961s] -- Symlinking: /home/ming/turtle_ws/install/include/turtlebot3_msgs/turtlebot3_msgs/msg/detail/sensor_state__type_support.h
[6.971s] -- Symlinking: /home/ming/turtle_ws/install/include/turtlebot3_msgs/turtlebot3_msgs/msg/detail/sound__functions.h
[6.980s] -- Symlinking: /home/ming/turtle_ws/install/include/turtlebot3_msgs/turtlebot3_msgs/msg/detail/sound__struct.h
[6.987s] -- Symlinking: /home/ming/turtle_ws/install/include/turtlebot3_msgs/turtlebot3_msgs/msg/detail/sound__type_support.h
[6.994s] -- Symlinking: /home/ming/turtle_ws/install/include/turtlebot3_msgs/turtlebot3_msgs/msg/detail/version_info__functions.h
[7.002s] -- Symlinking: /home/ming/turtle_ws/install/include/turtlebot3_msgs/turtlebot3_msgs/msg/detail/version_info__struct.h
[7.012s] -- Symlinking: /home/ming/turtle_ws/install/include/turtlebot3_msgs/turtlebot3_msgs/msg/detail/version_info__type_support.h
[7.021s] -- Symlinking: /home/ming/turtle_ws/install/include/turtlebot3_msgs/turtlebot3_msgs/msg/rosidl_generator_c__visibility_control.h
[7.030s] -- Symlinking: /home/ming/turtle_ws/install/include/turtlebot3_msgs/turtlebot3_msgs/msg/sensor_state.h
[7.039s] -- Symlinking: /home/ming/turtle_ws/install/include/turtlebot3_msgs/turtlebot3_msgs/msg/sound.h
[7.049s] -- Symlinking: /home/ming/turtle_ws/install/include/turtlebot3_msgs/turtlebot3_msgs/msg/version_info.h
[7.059s] -- Symlinking: /home/ming/turtle_ws/install/include/turtlebot3_msgs/turtlebot3_msgs/srv/detail/dqn__functions.h
[7.069s] -- Symlinking: /home/ming/turtle_ws/install/include/turtlebot3_msgs/turtlebot3_msgs/srv/detail/dqn__struct.h
[7.079s] -- Symlinking: /home/ming/turtle_ws/install/include/turtlebot3_msgs/turtlebot3_msgs/srv/detail/dqn__type_support.h
[7.089s] -- Symlinking: /home/ming/turtle_ws/install/include/turtlebot3_msgs/turtlebot3_msgs/srv/detail/goal__functions.h
[7.099s] -- Symlinking: /home/ming/turtle_ws/install/include/turtlebot3_msgs/turtlebot3_msgs/srv/detail/goal__struct.h
[7.109s] -- Symlinking: /home/ming/turtle_ws/install/include/turtlebot3_msgs/turtlebot3_msgs/srv/detail/goal__type_support.h
[7.118s] -- Symlinking: /home/ming/turtle_ws/install/include/turtlebot3_msgs/turtlebot3_msgs/srv/detail/sound__functions.h
[7.128s] -- Symlinking: /home/ming/turtle_ws/install/include/turtlebot3_msgs/turtlebot3_msgs/srv/detail/sound__struct.h
[7.138s] -- Symlinking: /home/ming/turtle_ws/install/include/turtlebot3_msgs/turtlebot3_msgs/srv/detail/sound__type_support.h
[7.148s] -- Symlinking: /home/ming/turtle_ws/install/include/turtlebot3_msgs/turtlebot3_msgs/srv/dqn.h
[7.158s] -- Symlinking: /home/ming/turtle_ws/install/include/turtlebot3_msgs/turtlebot3_msgs/srv/goal.h
[7.167s] -- Symlinking: /home/ming/turtle_ws/install/include/turtlebot3_msgs/turtlebot3_msgs/srv/sound.h
[7.177s] -- Symlinking: /home/ming/turtle_ws/install/share/turtlebot3_msgs/environment/library_path.sh
[7.187s] -- Symlinking: /home/ming/turtle_ws/install/share/turtlebot3_msgs/environment/library_path.dsv
[7.198s] -- Symlinking: /home/ming/turtle_ws/install/include/turtlebot3_msgs/turtlebot3_msgs/action/detail/patrol__rosidl_typesupport_fastrtps_c.h
[7.207s] -- Symlinking: /home/ming/turtle_ws/install/include/turtlebot3_msgs/turtlebot3_msgs/msg/detail/sensor_state__rosidl_typesupport_fastrtps_c.h
[7.217s] -- Symlinking: /home/ming/turtle_ws/install/include/turtlebot3_msgs/turtlebot3_msgs/msg/detail/sound__rosidl_typesupport_fastrtps_c.h
[7.226s] -- Symlinking: /home/ming/turtle_ws/install/include/turtlebot3_msgs/turtlebot3_msgs/msg/detail/version_info__rosidl_typesupport_fastrtps_c.h
[7.236s] -- Symlinking: /home/ming/turtle_ws/install/include/turtlebot3_msgs/turtlebot3_msgs/msg/rosidl_typesupport_fastrtps_c__visibility_control.h
[7.245s] -- Symlinking: /home/ming/turtle_ws/install/include/turtlebot3_msgs/turtlebot3_msgs/srv/detail/dqn__rosidl_typesupport_fastrtps_c.h
[7.255s] -- Symlinking: /home/ming/turtle_ws/install/include/turtlebot3_msgs/turtlebot3_msgs/srv/detail/goal__rosidl_typesupport_fastrtps_c.h
[7.265s] -- Symlinking: /home/ming/turtle_ws/install/include/turtlebot3_msgs/turtlebot3_msgs/srv/detail/sound__rosidl_typesupport_fastrtps_c.h
[7.275s] -- Symlinking: /home/ming/turtle_ws/install/include/turtlebot3_msgs/turtlebot3_msgs/action/detail/patrol__builder.hpp
[7.284s] -- Symlinking: /home/ming/turtle_ws/install/include/turtlebot3_msgs/turtlebot3_msgs/action/detail/patrol__struct.hpp
[7.294s] -- Symlinking: /home/ming/turtle_ws/install/include/turtlebot3_msgs/turtlebot3_msgs/action/detail/patrol__traits.hpp
[7.303s] -- Symlinking: /home/ming/turtle_ws/install/include/turtlebot3_msgs/turtlebot3_msgs/action/detail/patrol__type_support.hpp
[7.313s] -- Symlinking: /home/ming/turtle_ws/install/include/turtlebot3_msgs/turtlebot3_msgs/action/patrol.hpp
[7.322s] -- Symlinking: /home/ming/turtle_ws/install/include/turtlebot3_msgs/turtlebot3_msgs/msg/detail/sensor_state__builder.hpp
[7.335s] -- Symlinking: /home/ming/turtle_ws/install/include/turtlebot3_msgs/turtlebot3_msgs/msg/detail/sensor_state__struct.hpp
[7.345s] -- Symlinking: /home/ming/turtle_ws/install/include/turtlebot3_msgs/turtlebot3_msgs/msg/detail/sensor_state__traits.hpp
[7.355s] -- Symlinking: /home/ming/turtle_ws/install/include/turtlebot3_msgs/turtlebot3_msgs/msg/detail/sensor_state__type_support.hpp
[7.365s] -- Symlinking: /home/ming/turtle_ws/install/include/turtlebot3_msgs/turtlebot3_msgs/msg/detail/sound__builder.hpp
[7.375s] -- Symlinking: /home/ming/turtle_ws/install/include/turtlebot3_msgs/turtlebot3_msgs/msg/detail/sound__struct.hpp
[7.385s] -- Symlinking: /home/ming/turtle_ws/install/include/turtlebot3_msgs/turtlebot3_msgs/msg/detail/sound__traits.hpp
[7.392s] -- Symlinking: /home/ming/turtle_ws/install/include/turtlebot3_msgs/turtlebot3_msgs/msg/detail/sound__type_support.hpp
[7.399s] -- Symlinking: /home/ming/turtle_ws/install/include/turtlebot3_msgs/turtlebot3_msgs/msg/detail/version_info__builder.hpp
[7.407s] -- Symlinking: /home/ming/turtle_ws/install/include/turtlebot3_msgs/turtlebot3_msgs/msg/detail/version_info__struct.hpp
[7.417s] -- Symlinking: /home/ming/turtle_ws/install/include/turtlebot3_msgs/turtlebot3_msgs/msg/detail/version_info__traits.hpp
[7.426s] -- Symlinking: /home/ming/turtle_ws/install/include/turtlebot3_msgs/turtlebot3_msgs/msg/detail/version_info__type_support.hpp
[7.435s] -- Symlinking: /home/ming/turtle_ws/install/include/turtlebot3_msgs/turtlebot3_msgs/msg/rosidl_generator_cpp__visibility_control.hpp
[7.445s] -- Symlinking: /home/ming/turtle_ws/install/include/turtlebot3_msgs/turtlebot3_msgs/msg/sensor_state.hpp
[7.454s] -- Symlinking: /home/ming/turtle_ws/install/include/turtlebot3_msgs/turtlebot3_msgs/msg/sound.hpp
[7.464s] -- Symlinking: /home/ming/turtle_ws/install/include/turtlebot3_msgs/turtlebot3_msgs/msg/version_info.hpp
[7.474s] -- Symlinking: /home/ming/turtle_ws/install/include/turtlebot3_msgs/turtlebot3_msgs/srv/detail/dqn__builder.hpp
[7.483s] -- Symlinking: /home/ming/turtle_ws/install/include/turtlebot3_msgs/turtlebot3_msgs/srv/detail/dqn__struct.hpp
[7.493s] -- Symlinking: /home/ming/turtle_ws/install/include/turtlebot3_msgs/turtlebot3_msgs/srv/detail/dqn__traits.hpp
[7.503s] -- Symlinking: /home/ming/turtle_ws/install/include/turtlebot3_msgs/turtlebot3_msgs/srv/detail/dqn__type_support.hpp
[7.513s] -- Symlinking: /home/ming/turtle_ws/install/include/turtlebot3_msgs/turtlebot3_msgs/srv/detail/goal__builder.hpp
[7.522s] -- Symlinking: /home/ming/turtle_ws/install/include/turtlebot3_msgs/turtlebot3_msgs/srv/detail/goal__struct.hpp
[7.532s] -- Symlinking: /home/ming/turtle_ws/install/include/turtlebot3_msgs/turtlebot3_msgs/srv/detail/goal__traits.hpp
[7.541s] -- Symlinking: /home/ming/turtle_ws/install/include/turtlebot3_msgs/turtlebot3_msgs/srv/detail/goal__type_support.hpp
[7.551s] -- Symlinking: /home/ming/turtle_ws/install/include/turtlebot3_msgs/turtlebot3_msgs/srv/detail/sound__builder.hpp
[7.561s] -- Symlinking: /home/ming/turtle_ws/install/include/turtlebot3_msgs/turtlebot3_msgs/srv/detail/sound__struct.hpp
[7.570s] -- Symlinking: /home/ming/turtle_ws/install/include/turtlebot3_msgs/turtlebot3_msgs/srv/detail/sound__traits.hpp
[7.580s] -- Symlinking: /home/ming/turtle_ws/install/include/turtlebot3_msgs/turtlebot3_msgs/srv/detail/sound__type_support.hpp
[7.590s] -- Symlinking: /home/ming/turtle_ws/install/include/turtlebot3_msgs/turtlebot3_msgs/srv/dqn.hpp
[7.600s] -- Symlinking: /home/ming/turtle_ws/install/include/turtlebot3_msgs/turtlebot3_msgs/srv/goal.hpp
[7.610s] -- Symlinking: /home/ming/turtle_ws/install/include/turtlebot3_msgs/turtlebot3_msgs/srv/sound.hpp
[7.620s] -- Symlinking: /home/ming/turtle_ws/install/include/turtlebot3_msgs/turtlebot3_msgs/action/detail/patrol__rosidl_typesupport_fastrtps_cpp.hpp
[7.630s] -- Symlinking: /home/ming/turtle_ws/install/include/turtlebot3_msgs/turtlebot3_msgs/msg/detail/sensor_state__rosidl_typesupport_fastrtps_cpp.hpp
[7.640s] -- Symlinking: /home/ming/turtle_ws/install/include/turtlebot3_msgs/turtlebot3_msgs/msg/detail/sound__rosidl_typesupport_fastrtps_cpp.hpp
[7.649s] -- Symlinking: /home/ming/turtle_ws/install/include/turtlebot3_msgs/turtlebot3_msgs/msg/detail/version_info__rosidl_typesupport_fastrtps_cpp.hpp
[7.659s] -- Symlinking: /home/ming/turtle_ws/install/include/turtlebot3_msgs/turtlebot3_msgs/msg/rosidl_typesupport_fastrtps_cpp__visibility_control.h
[7.668s] -- Symlinking: /home/ming/turtle_ws/install/include/turtlebot3_msgs/turtlebot3_msgs/srv/detail/dqn__rosidl_typesupport_fastrtps_cpp.hpp
[7.678s] -- Symlinking: /home/ming/turtle_ws/install/include/turtlebot3_msgs/turtlebot3_msgs/srv/detail/goal__rosidl_typesupport_fastrtps_cpp.hpp
[7.687s] -- Symlinking: /home/ming/turtle_ws/install/include/turtlebot3_msgs/turtlebot3_msgs/srv/detail/sound__rosidl_typesupport_fastrtps_cpp.hpp
[7.698s] -- Symlinking: /home/ming/turtle_ws/install/include/turtlebot3_msgs/turtlebot3_msgs/action/detail/patrol__rosidl_typesupport_introspection_c.h
[7.708s] -- Symlinking: /home/ming/turtle_ws/install/include/turtlebot3_msgs/turtlebot3_msgs/msg/detail/sensor_state__rosidl_typesupport_introspection_c.h
[7.718s] -- Symlinking: /home/ming/turtle_ws/install/include/turtlebot3_msgs/turtlebot3_msgs/msg/detail/sound__rosidl_typesupport_introspection_c.h
[7.727s] -- Symlinking: /home/ming/turtle_ws/install/include/turtlebot3_msgs/turtlebot3_msgs/msg/detail/version_info__rosidl_typesupport_introspection_c.h
[7.738s] -- Symlinking: /home/ming/turtle_ws/install/include/turtlebot3_msgs/turtlebot3_msgs/msg/rosidl_typesupport_introspection_c__visibility_control.h
[7.747s] -- Symlinking: /home/ming/turtle_ws/install/include/turtlebot3_msgs/turtlebot3_msgs/srv/detail/dqn__rosidl_typesupport_introspection_c.h
[7.757s] -- Symlinking: /home/ming/turtle_ws/install/include/turtlebot3_msgs/turtlebot3_msgs/srv/detail/goal__rosidl_typesupport_introspection_c.h
[7.767s] -- Symlinking: /home/ming/turtle_ws/install/include/turtlebot3_msgs/turtlebot3_msgs/srv/detail/sound__rosidl_typesupport_introspection_c.h
[7.777s] -- Symlinking: /home/ming/turtle_ws/install/include/turtlebot3_msgs/turtlebot3_msgs/action/detail/patrol__rosidl_typesupport_introspection_cpp.hpp
[7.787s] -- Symlinking: /home/ming/turtle_ws/install/include/turtlebot3_msgs/turtlebot3_msgs/msg/detail/sensor_state__rosidl_typesupport_introspection_cpp.hpp
[7.797s] -- Symlinking: /home/ming/turtle_ws/install/include/turtlebot3_msgs/turtlebot3_msgs/msg/detail/sound__rosidl_typesupport_introspection_cpp.hpp
[7.807s] -- Symlinking: /home/ming/turtle_ws/install/include/turtlebot3_msgs/turtlebot3_msgs/msg/detail/version_info__rosidl_typesupport_introspection_cpp.hpp
[7.816s] -- Symlinking: /home/ming/turtle_ws/install/include/turtlebot3_msgs/turtlebot3_msgs/srv/detail/dqn__rosidl_typesupport_introspection_cpp.hpp
[7.826s] -- Symlinking: /home/ming/turtle_ws/install/include/turtlebot3_msgs/turtlebot3_msgs/srv/detail/goal__rosidl_typesupport_introspection_cpp.hpp
[7.836s] -- Symlinking: /home/ming/turtle_ws/install/include/turtlebot3_msgs/turtlebot3_msgs/srv/detail/sound__rosidl_typesupport_introspection_cpp.hpp
[7.846s] -- Symlinking: /home/ming/turtle_ws/install/share/turtlebot3_msgs/environment/pythonpath.sh
[7.856s] -- Symlinking: /home/ming/turtle_ws/install/share/turtlebot3_msgs/environment/pythonpath.dsv
[7.866s] -- Symlinking: /home/ming/turtle_ws/install/local/lib/python3.10/dist-packages/turtlebot3_msgs-2.4.0-py3.10.egg-info/PKG-INFO
[7.876s] -- Symlinking: /home/ming/turtle_ws/install/local/lib/python3.10/dist-packages/turtlebot3_msgs-2.4.0-py3.10.egg-info/SOURCES.txt
[7.886s] -- Symlinking: /home/ming/turtle_ws/install/local/lib/python3.10/dist-packages/turtlebot3_msgs-2.4.0-py3.10.egg-info/dependency_links.txt
[7.895s] -- Symlinking: /home/ming/turtle_ws/install/local/lib/python3.10/dist-packages/turtlebot3_msgs-2.4.0-py3.10.egg-info/top_level.txt
[7.906s] -- Symlinking: /home/ming/turtle_ws/install/local/lib/python3.10/dist-packages/turtlebot3_msgs/__init__.py
[7.916s] -- Symlinking: /home/ming/turtle_ws/install/local/lib/python3.10/dist-packages/turtlebot3_msgs/_turtlebot3_msgs_s.ep.rosidl_typesupport_c.c
[7.925s] -- Symlinking: /home/ming/turtle_ws/install/local/lib/python3.10/dist-packages/turtlebot3_msgs/_turtlebot3_msgs_s.ep.rosidl_typesupport_fastrtps_c.c
[7.935s] -- Symlinking: /home/ming/turtle_ws/install/local/lib/python3.10/dist-packages/turtlebot3_msgs/_turtlebot3_msgs_s.ep.rosidl_typesupport_introspection_c.c
[7.945s] -- Symlinking: /home/ming/turtle_ws/install/local/lib/python3.10/dist-packages/turtlebot3_msgs/action/__init__.py
[7.955s] -- Symlinking: /home/ming/turtle_ws/install/local/lib/python3.10/dist-packages/turtlebot3_msgs/action/_patrol.py
[7.965s] -- Symlinking: /home/ming/turtle_ws/install/local/lib/python3.10/dist-packages/turtlebot3_msgs/action/_patrol_s.c
[7.974s] -- Symlinking: /home/ming/turtle_ws/install/local/lib/python3.10/dist-packages/turtlebot3_msgs/libturtlebot3_msgs__rosidl_generator_py.so
[7.984s] -- Symlinking: /home/ming/turtle_ws/install/local/lib/python3.10/dist-packages/turtlebot3_msgs/msg/__init__.py
[7.994s] -- Symlinking: /home/ming/turtle_ws/install/local/lib/python3.10/dist-packages/turtlebot3_msgs/msg/_sensor_state.py
[8.004s] -- Symlinking: /home/ming/turtle_ws/install/local/lib/python3.10/dist-packages/turtlebot3_msgs/msg/_sensor_state_s.c
[8.013s] -- Symlinking: /home/ming/turtle_ws/install/local/lib/python3.10/dist-packages/turtlebot3_msgs/msg/_sound.py
[8.023s] -- Symlinking: /home/ming/turtle_ws/install/local/lib/python3.10/dist-packages/turtlebot3_msgs/msg/_sound_s.c
[8.033s] -- Symlinking: /home/ming/turtle_ws/install/local/lib/python3.10/dist-packages/turtlebot3_msgs/msg/_version_info.py
[8.043s] -- Symlinking: /home/ming/turtle_ws/install/local/lib/python3.10/dist-packages/turtlebot3_msgs/msg/_version_info_s.c
[8.052s] -- Symlinking: /home/ming/turtle_ws/install/local/lib/python3.10/dist-packages/turtlebot3_msgs/srv/__init__.py
[8.062s] -- Symlinking: /home/ming/turtle_ws/install/local/lib/python3.10/dist-packages/turtlebot3_msgs/srv/_dqn.py
[8.072s] -- Symlinking: /home/ming/turtle_ws/install/local/lib/python3.10/dist-packages/turtlebot3_msgs/srv/_dqn_s.c
[8.082s] -- Symlinking: /home/ming/turtle_ws/install/local/lib/python3.10/dist-packages/turtlebot3_msgs/srv/_goal.py
[8.091s] -- Symlinking: /home/ming/turtle_ws/install/local/lib/python3.10/dist-packages/turtlebot3_msgs/srv/_goal_s.c
[8.101s] -- Symlinking: /home/ming/turtle_ws/install/local/lib/python3.10/dist-packages/turtlebot3_msgs/srv/_sound.py
[8.111s] -- Symlinking: /home/ming/turtle_ws/install/local/lib/python3.10/dist-packages/turtlebot3_msgs/srv/_sound_s.c
[8.121s] -- Symlinking: /home/ming/turtle_ws/install/local/lib/python3.10/dist-packages/turtlebot3_msgs/turtlebot3_msgs_s__rosidl_typesupport_c.cpython-310-x86_64-linux-gnu.so
[8.131s] -- Symlinking: /home/ming/turtle_ws/install/local/lib/python3.10/dist-packages/turtlebot3_msgs/turtlebot3_msgs_s__rosidl_typesupport_fastrtps_c.cpython-310-x86_64-linux-gnu.so
[8.141s] -- Symlinking: /home/ming/turtle_ws/install/local/lib/python3.10/dist-packages/turtlebot3_msgs/turtlebot3_msgs_s__rosidl_typesupport_introspection_c.cpython-310-x86_64-linux-gnu.so
[8.151s] -- Up-to-date symlink: /home/ming/turtle_ws/install/local/lib/python3.10/dist-packages/turtlebot3_msgs/turtlebot3_msgs_s__rosidl_typesupport_fastrtps_c.cpython-310-x86_64-linux-gnu.so
[8.151s] -- Up-to-date symlink: /home/ming/turtle_ws/install/local/lib/python3.10/dist-packages/turtlebot3_msgs/turtlebot3_msgs_s__rosidl_typesupport_introspection_c.cpython-310-x86_64-linux-gnu.so
[8.151s] -- Up-to-date symlink: /home/ming/turtle_ws/install/local/lib/python3.10/dist-packages/turtlebot3_msgs/turtlebot3_msgs_s__rosidl_typesupport_c.cpython-310-x86_64-linux-gnu.so
[8.152s] -- Symlinking: /home/ming/turtle_ws/install/share/turtlebot3_msgs/msg/SensorState.idl
[8.162s] -- Symlinking: /home/ming/turtle_ws/install/share/turtlebot3_msgs/msg/Sound.idl
[8.172s] -- Symlinking: /home/ming/turtle_ws/install/share/turtlebot3_msgs/msg/VersionInfo.idl
[8.183s] -- Symlinking: /home/ming/turtle_ws/install/share/turtlebot3_msgs/srv/Sound.idl
[8.192s] -- Symlinking: /home/ming/turtle_ws/install/share/turtlebot3_msgs/srv/Dqn.idl
[8.202s] -- Symlinking: /home/ming/turtle_ws/install/share/turtlebot3_msgs/srv/Goal.idl
[8.212s] -- Symlinking: /home/ming/turtle_ws/install/share/turtlebot3_msgs/action/Patrol.idl
[8.222s] -- Symlinking: /home/ming/turtle_ws/install/share/turtlebot3_msgs/msg/SensorState.msg
[8.232s] -- Symlinking: /home/ming/turtle_ws/install/share/turtlebot3_msgs/msg/Sound.msg
[8.241s] -- Symlinking: /home/ming/turtle_ws/install/share/turtlebot3_msgs/msg/VersionInfo.msg
[8.251s] -- Symlinking: /home/ming/turtle_ws/install/share/turtlebot3_msgs/srv/Sound.srv
[8.261s] -- Symlinking: /home/ming/turtle_ws/install/share/turtlebot3_msgs/srv/Sound_Request.msg
[8.271s] -- Symlinking: /home/ming/turtle_ws/install/share/turtlebot3_msgs/srv/Sound_Response.msg
[8.281s] -- Symlinking: /home/ming/turtle_ws/install/share/turtlebot3_msgs/srv/Dqn.srv
[8.288s] -- Symlinking: /home/ming/turtle_ws/install/share/turtlebot3_msgs/srv/Dqn_Request.msg
[8.298s] -- Symlinking: /home/ming/turtle_ws/install/share/turtlebot3_msgs/srv/Dqn_Response.msg
[8.308s] -- Symlinking: /home/ming/turtle_ws/install/share/turtlebot3_msgs/srv/Goal.srv
[8.317s] -- Symlinking: /home/ming/turtle_ws/install/share/turtlebot3_msgs/srv/Goal_Request.msg
[8.326s] -- Symlinking: /home/ming/turtle_ws/install/share/turtlebot3_msgs/srv/Goal_Response.msg
[8.334s] -- Symlinking: /home/ming/turtle_ws/install/share/turtlebot3_msgs/action/Patrol.action
[8.344s] -- Symlinking: /home/ming/turtle_ws/install/share/ament_index/resource_index/package_run_dependencies/turtlebot3_msgs
[8.352s] -- Symlinking: /home/ming/turtle_ws/install/share/ament_index/resource_index/parent_prefix_path/turtlebot3_msgs
[8.361s] -- Symlinking: /home/ming/turtle_ws/install/share/turtlebot3_msgs/environment/ament_prefix_path.sh
[8.368s] -- Symlinking: /home/ming/turtle_ws/install/share/turtlebot3_msgs/environment/ament_prefix_path.dsv
[8.378s] -- Symlinking: /home/ming/turtle_ws/install/share/turtlebot3_msgs/environment/path.sh
[8.386s] -- Symlinking: /home/ming/turtle_ws/install/share/turtlebot3_msgs/environment/path.dsv
[8.395s] -- Symlinking: /home/ming/turtle_ws/install/share/turtlebot3_msgs/local_setup.bash
[8.403s] -- Symlinking: /home/ming/turtle_ws/install/share/turtlebot3_msgs/local_setup.sh
[8.413s] -- Symlinking: /home/ming/turtle_ws/install/share/turtlebot3_msgs/local_setup.zsh
[8.422s] -- Symlinking: /home/ming/turtle_ws/install/share/turtlebot3_msgs/local_setup.dsv
[8.431s] -- Symlinking: /home/ming/turtle_ws/install/share/turtlebot3_msgs/package.dsv
[8.441s] -- Symlinking: /home/ming/turtle_ws/install/share/ament_index/resource_index/packages/turtlebot3_msgs
[8.449s] -- Symlinking: /home/ming/turtle_ws/install/share/turtlebot3_msgs/cmake/rosidl_cmake-extras.cmake
[8.459s] -- Symlinking: /home/ming/turtle_ws/install/share/turtlebot3_msgs/cmake/ament_cmake_export_dependencies-extras.cmake
[8.466s] -- Symlinking: /home/ming/turtle_ws/install/share/turtlebot3_msgs/cmake/ament_cmake_export_include_directories-extras.cmake
[8.475s] -- Symlinking: /home/ming/turtle_ws/install/share/turtlebot3_msgs/cmake/ament_cmake_export_libraries-extras.cmake
[8.485s] -- Symlinking: /home/ming/turtle_ws/install/share/turtlebot3_msgs/cmake/ament_cmake_export_targets-extras.cmake
[8.495s] -- Symlinking: /home/ming/turtle_ws/install/share/turtlebot3_msgs/cmake/rosidl_cmake_export_typesupport_targets-extras.cmake
[8.504s] -- Symlinking: /home/ming/turtle_ws/install/share/turtlebot3_msgs/cmake/rosidl_cmake_export_typesupport_libraries-extras.cmake
[8.511s] -- Symlinking: /home/ming/turtle_ws/install/share/turtlebot3_msgs/cmake/turtlebot3_msgsConfig.cmake
[8.520s] -- Symlinking: /home/ming/turtle_ws/install/share/turtlebot3_msgs/cmake/turtlebot3_msgsConfig-version.cmake
[8.528s] -- Symlinking: /home/ming/turtle_ws/install/share/turtlebot3_msgs/package.xml
[8.537s] -- Installing: /home/ming/turtle_ws/install/lib/libturtlebot3_msgs__rosidl_generator_c.so
[8.538s] -- Set runtime path of "/home/ming/turtle_ws/install/lib/libturtlebot3_msgs__rosidl_generator_c.so" to ""
[8.538s] -- Installing: /home/ming/turtle_ws/install/lib/libturtlebot3_msgs__rosidl_typesupport_fastrtps_c.so
[8.538s] -- Set runtime path of "/home/ming/turtle_ws/install/lib/libturtlebot3_msgs__rosidl_typesupport_fastrtps_c.so" to ""
[8.538s] -- Installing: /home/ming/turtle_ws/install/lib/libturtlebot3_msgs__rosidl_typesupport_fastrtps_cpp.so
[8.538s] -- Set runtime path of "/home/ming/turtle_ws/install/lib/libturtlebot3_msgs__rosidl_typesupport_fastrtps_cpp.so" to ""
[8.538s] -- Installing: /home/ming/turtle_ws/install/lib/libturtlebot3_msgs__rosidl_typesupport_introspection_c.so
[8.538s] -- Set runtime path of "/home/ming/turtle_ws/install/lib/libturtlebot3_msgs__rosidl_typesupport_introspection_c.so" to ""
[8.538s] -- Installing: /home/ming/turtle_ws/install/lib/libturtlebot3_msgs__rosidl_typesupport_c.so
[8.538s] -- Set runtime path of "/home/ming/turtle_ws/install/lib/libturtlebot3_msgs__rosidl_typesupport_c.so" to ""
[8.538s] -- Installing: /home/ming/turtle_ws/install/lib/libturtlebot3_msgs__rosidl_typesupport_introspection_cpp.so
[8.539s] -- Set runtime path of "/home/ming/turtle_ws/install/lib/libturtlebot3_msgs__rosidl_typesupport_introspection_cpp.so" to ""
[8.539s] -- Installing: /home/ming/turtle_ws/install/lib/libturtlebot3_msgs__rosidl_typesupport_cpp.so
[8.539s] -- Set runtime path of "/home/ming/turtle_ws/install/lib/libturtlebot3_msgs__rosidl_typesupport_cpp.so" to ""
[8.579s] Listing '/home/ming/turtle_ws/install/local/lib/python3.10/dist-packages/turtlebot3_msgs'...
[8.579s] Compiling '/home/ming/turtle_ws/install/local/lib/python3.10/dist-packages/turtlebot3_msgs/__init__.py'...
[8.579s] Listing '/home/ming/turtle_ws/install/local/lib/python3.10/dist-packages/turtlebot3_msgs/action'...
[8.579s] Compiling '/home/ming/turtle_ws/install/local/lib/python3.10/dist-packages/turtlebot3_msgs/action/__init__.py'...
[8.579s] Compiling '/home/ming/turtle_ws/install/local/lib/python3.10/dist-packages/turtlebot3_msgs/action/_patrol.py'...
[8.579s] Listing '/home/ming/turtle_ws/install/local/lib/python3.10/dist-packages/turtlebot3_msgs/msg'...
[8.579s] Compiling '/home/ming/turtle_ws/install/local/lib/python3.10/dist-packages/turtlebot3_msgs/msg/__init__.py'...
[8.579s] Compiling '/home/ming/turtle_ws/install/local/lib/python3.10/dist-packages/turtlebot3_msgs/msg/_sensor_state.py'...
[8.579s] Compiling '/home/ming/turtle_ws/install/local/lib/python3.10/dist-packages/turtlebot3_msgs/msg/_sound.py'...
[8.579s] Compiling '/home/ming/turtle_ws/install/local/lib/python3.10/dist-packages/turtlebot3_msgs/msg/_version_info.py'...
[8.579s] Listing '/home/ming/turtle_ws/install/local/lib/python3.10/dist-packages/turtlebot3_msgs/srv'...
[8.579s] Compiling '/home/ming/turtle_ws/install/local/lib/python3.10/dist-packages/turtlebot3_msgs/srv/__init__.py'...
[8.580s] Compiling '/home/ming/turtle_ws/install/local/lib/python3.10/dist-packages/turtlebot3_msgs/srv/_dqn.py'...
[8.580s] Compiling '/home/ming/turtle_ws/install/local/lib/python3.10/dist-packages/turtlebot3_msgs/srv/_goal.py'...
[8.580s] Compiling '/home/ming/turtle_ws/install/local/lib/python3.10/dist-packages/turtlebot3_msgs/srv/_sound.py'...
[8.583s] -- Installing: /home/ming/turtle_ws/install/lib/libturtlebot3_msgs__rosidl_generator_py.so
[8.583s] -- Set runtime path of "/home/ming/turtle_ws/install/lib/libturtlebot3_msgs__rosidl_generator_py.so" to ""
[8.583s] -- Installing: /home/ming/turtle_ws/install/share/turtlebot3_msgs/cmake/export_turtlebot3_msgs__rosidl_generator_cExport.cmake
[8.584s] -- Installing: /home/ming/turtle_ws/install/share/turtlebot3_msgs/cmake/export_turtlebot3_msgs__rosidl_generator_cExport-noconfig.cmake
[8.584s] -- Installing: /home/ming/turtle_ws/install/share/turtlebot3_msgs/cmake/export_turtlebot3_msgs__rosidl_typesupport_fastrtps_cExport.cmake
[8.584s] -- Installing: /home/ming/turtle_ws/install/share/turtlebot3_msgs/cmake/export_turtlebot3_msgs__rosidl_typesupport_fastrtps_cExport-noconfig.cmake
[8.584s] -- Installing: /home/ming/turtle_ws/install/share/turtlebot3_msgs/cmake/export_turtlebot3_msgs__rosidl_generator_cppExport.cmake
[8.584s] -- Installing: /home/ming/turtle_ws/install/share/turtlebot3_msgs/cmake/export_turtlebot3_msgs__rosidl_typesupport_fastrtps_cppExport.cmake
[8.584s] -- Installing: /home/ming/turtle_ws/install/share/turtlebot3_msgs/cmake/export_turtlebot3_msgs__rosidl_typesupport_fastrtps_cppExport-noconfig.cmake
[8.584s] -- Installing: /home/ming/turtle_ws/install/share/turtlebot3_msgs/cmake/turtlebot3_msgs__rosidl_typesupport_introspection_cExport.cmake
[8.584s] -- Installing: /home/ming/turtle_ws/install/share/turtlebot3_msgs/cmake/turtlebot3_msgs__rosidl_typesupport_introspection_cExport-noconfig.cmake
[8.584s] -- Installing: /home/ming/turtle_ws/install/share/turtlebot3_msgs/cmake/turtlebot3_msgs__rosidl_typesupport_cExport.cmake
[8.584s] -- Installing: /home/ming/turtle_ws/install/share/turtlebot3_msgs/cmake/turtlebot3_msgs__rosidl_typesupport_cExport-noconfig.cmake
[8.584s] -- Installing: /home/ming/turtle_ws/install/share/turtlebot3_msgs/cmake/turtlebot3_msgs__rosidl_typesupport_introspection_cppExport.cmake
[8.585s] -- Installing: /home/ming/turtle_ws/install/share/turtlebot3_msgs/cmake/turtlebot3_msgs__rosidl_typesupport_introspection_cppExport-noconfig.cmake
[8.585s] -- Installing: /home/ming/turtle_ws/install/share/turtlebot3_msgs/cmake/turtlebot3_msgs__rosidl_typesupport_cppExport.cmake
[8.585s] -- Installing: /home/ming/turtle_ws/install/share/turtlebot3_msgs/cmake/turtlebot3_msgs__rosidl_typesupport_cppExport-noconfig.cmake
[8.585s] -- Installing: /home/ming/turtle_ws/install/share/turtlebot3_msgs/cmake/export_turtlebot3_msgs__rosidl_generator_pyExport.cmake
[8.585s] -- Installing: /home/ming/turtle_ws/install/share/turtlebot3_msgs/cmake/export_turtlebot3_msgs__rosidl_generator_pyExport-noconfig.cmake
[8.587s] Invoked command in '/home/ming/turtle_ws/build/turtlebot3_msgs' returned '0': CMAKE_PREFIX_PATH=${CMAKE_PREFIX_PATH}:/opt/ros/humble /usr/bin/cmake --install /home/ming/turtle_ws/build/turtlebot3_msgs
