[0.013s] Invoking command in '/home/ming/turtle_ws/build/turtlebot3_navigation2': CMAKE_PREFIX_PATH=${CMAKE_PREFIX_PATH}:/opt/ros/humble /usr/bin/cmake /home/ming/turtle_ws/src/turtlebot3/turtlebot3_navigation2 -DAMENT_CMAKE_SYMLINK_INSTALL=1 -DCMAKE_INSTALL_PREFIX=/home/ming/turtle_ws/install
[0.182s] -- The C compiler identification is GNU 11.4.0
[0.183s] -- The CXX compiler identification is GNU 11.4.0
[0.183s] -- Detecting C compiler ABI info
[0.183s] -- Detecting C compiler ABI info - done
[0.183s] -- Check for working C compiler: /usr/bin/cc - skipped
[0.183s] -- Detecting C compile features
[0.183s] -- Detecting C compile features - done
[0.184s] -- Detecting CXX compiler ABI info
[0.235s] -- Detecting CXX compiler ABI info - done
[0.240s] -- Check for working CXX compiler: /usr/bin/c++ - skipped
[0.240s] -- Detecting CXX compile features
[0.240s] -- Detecting CXX compile features - done
[0.242s] -- Found ament_cmake: 1.3.12 (/opt/ros/humble/share/ament_cmake/cmake)
[0.369s] -- Found Python3: /usr/bin/python3 (found version "3.10.12") found components: Interpreter 
[0.425s] -- Override CMake install command with custom implementation using symlinks instead of copying resources
[0.499s] -- Configuring done
[0.501s] -- Generating done
[0.502s] -- Build files have been written to: /home/ming/turtle_ws/build/turtlebot3_navigation2
[0.507s] Invoked command in '/home/ming/turtle_ws/build/turtlebot3_navigation2' returned '0': CMAKE_PREFIX_PATH=${CMAKE_PREFIX_PATH}:/opt/ros/humble /usr/bin/cmake /home/ming/turtle_ws/src/turtlebot3/turtlebot3_navigation2 -DAMENT_CMAKE_SYMLINK_INSTALL=1 -DCMAKE_INSTALL_PREFIX=/home/ming/turtle_ws/install
[0.508s] Invoking command in '/home/ming/turtle_ws/build/turtlebot3_navigation2': CMAKE_PREFIX_PATH=${CMAKE_PREFIX_PATH}:/opt/ros/humble /usr/bin/cmake --build /home/ming/turtle_ws/build/turtlebot3_navigation2 -- -j16 -l16
[0.544s] Invoked command in '/home/ming/turtle_ws/build/turtlebot3_navigation2' returned '0': CMAKE_PREFIX_PATH=${CMAKE_PREFIX_PATH}:/opt/ros/humble /usr/bin/cmake --build /home/ming/turtle_ws/build/turtlebot3_navigation2 -- -j16 -l16
[0.545s] Invoking command in '/home/ming/turtle_ws/build/turtlebot3_navigation2': CMAKE_PREFIX_PATH=${CMAKE_PREFIX_PATH}:/opt/ros/humble /usr/bin/cmake --install /home/ming/turtle_ws/build/turtlebot3_navigation2
[0.549s] -- Install configuration: ""
[0.549s] -- Execute custom install script
[0.550s] -- Symlinking: /home/ming/turtle_ws/install/share/turtlebot3_navigation2/launch/navigation2.launch.py
[0.555s] -- Symlinking: /home/ming/turtle_ws/install/share/turtlebot3_navigation2/map/map.pgm
[0.561s] -- Symlinking: /home/ming/turtle_ws/install/share/turtlebot3_navigation2/map/map.yaml
[0.568s] -- Symlinking: /home/ming/turtle_ws/install/share/turtlebot3_navigation2/param/burger.yaml
[0.574s] -- Symlinking: /home/ming/turtle_ws/install/share/turtlebot3_navigation2/param/burger_cam.yaml
[0.578s] -- Symlinking: /home/ming/turtle_ws/install/share/turtlebot3_navigation2/param/humble/burger.yaml
[0.586s] -- Symlinking: /home/ming/turtle_ws/install/share/turtlebot3_navigation2/param/humble/burger_cam.yaml
[0.594s] -- Symlinking: /home/ming/turtle_ws/install/share/turtlebot3_navigation2/param/humble/waffle.yaml
[0.602s] -- Symlinking: /home/ming/turtle_ws/install/share/turtlebot3_navigation2/param/humble/waffle_pi.yaml
[0.609s] -- Symlinking: /home/ming/turtle_ws/install/share/turtlebot3_navigation2/param/waffle.yaml
[0.614s] -- Symlinking: /home/ming/turtle_ws/install/share/turtlebot3_navigation2/param/waffle_pi.yaml
[0.623s] -- Symlinking: /home/ming/turtle_ws/install/share/turtlebot3_navigation2/rviz/tb3_navigation2.rviz
[0.630s] -- Symlinking: /home/ming/turtle_ws/install/share/ament_index/resource_index/package_run_dependencies/turtlebot3_navigation2
[0.639s] -- Symlinking: /home/ming/turtle_ws/install/share/ament_index/resource_index/parent_prefix_path/turtlebot3_navigation2
[0.647s] -- Symlinking: /home/ming/turtle_ws/install/share/turtlebot3_navigation2/environment/ament_prefix_path.sh
[0.654s] -- Symlinking: /home/ming/turtle_ws/install/share/turtlebot3_navigation2/environment/ament_prefix_path.dsv
[0.659s] -- Symlinking: /home/ming/turtle_ws/install/share/turtlebot3_navigation2/environment/path.sh
[0.666s] -- Symlinking: /home/ming/turtle_ws/install/share/turtlebot3_navigation2/environment/path.dsv
[0.672s] -- Symlinking: /home/ming/turtle_ws/install/share/turtlebot3_navigation2/local_setup.bash
[0.677s] -- Symlinking: /home/ming/turtle_ws/install/share/turtlebot3_navigation2/local_setup.sh
[0.685s] -- Symlinking: /home/ming/turtle_ws/install/share/turtlebot3_navigation2/local_setup.zsh
[0.691s] -- Symlinking: /home/ming/turtle_ws/install/share/turtlebot3_navigation2/local_setup.dsv
[0.700s] -- Symlinking: /home/ming/turtle_ws/install/share/turtlebot3_navigation2/package.dsv
[0.709s] -- Symlinking: /home/ming/turtle_ws/install/share/ament_index/resource_index/packages/turtlebot3_navigation2
[0.715s] -- Symlinking: /home/ming/turtle_ws/install/share/turtlebot3_navigation2/cmake/turtlebot3_navigation2Config.cmake
[0.721s] -- Symlinking: /home/ming/turtle_ws/install/share/turtlebot3_navigation2/cmake/turtlebot3_navigation2Config-version.cmake
[0.727s] -- Symlinking: /home/ming/turtle_ws/install/share/turtlebot3_navigation2/package.xml
[0.737s] Invoked command in '/home/ming/turtle_ws/build/turtlebot3_navigation2' returned '0': CMAKE_PREFIX_PATH=${CMAKE_PREFIX_PATH}:/opt/ros/humble /usr/bin/cmake --install /home/ming/turtle_ws/build/turtlebot3_navigation2
