[0.011s] Invoking command in '/home/ming/turtle_ws/build/turtlebot3_simulations': CMAKE_PREFIX_PATH=/opt/ros/humble:${CMAKE_PREFIX_PATH} PYTHONPATH=/home/ming/turtle_ws/install/lib/python3.10/site-packages:/home/ming/turtle_ws/build/turtlebot3_teleop:/home/ming/turtle_ws/build/turtlebot3_example:/home/ming/turtle_ws/install/local/lib/python3.10/dist-packages:/opt/ros/humble/lib/python3.10/site-packages:/opt/ros/humble/local/lib/python3.10/dist-packages /usr/bin/cmake --build /home/ming/turtle_ws/build/turtlebot3_simulations -- -j16 -l16
[0.045s] Invoked command in '/home/ming/turtle_ws/build/turtlebot3_simulations' returned '0': CMAKE_PREFIX_PATH=/opt/ros/humble:${CMAKE_PREFIX_PATH} PYTHONPATH=/home/ming/turtle_ws/install/lib/python3.10/site-packages:/home/ming/turtle_ws/build/turtlebot3_teleop:/home/ming/turtle_ws/build/turtlebot3_example:/home/ming/turtle_ws/install/local/lib/python3.10/dist-packages:/opt/ros/humble/lib/python3.10/site-packages:/opt/ros/humble/local/lib/python3.10/dist-packages /usr/bin/cmake --build /home/ming/turtle_ws/build/turtlebot3_simulations -- -j16 -l16
[0.046s] Invoking command in '/home/ming/turtle_ws/build/turtlebot3_simulations': CMAKE_PREFIX_PATH=/opt/ros/humble:${CMAKE_PREFIX_PATH} PYTHONPATH=/home/ming/turtle_ws/install/lib/python3.10/site-packages:/home/ming/turtle_ws/build/turtlebot3_teleop:/home/ming/turtle_ws/build/turtlebot3_example:/home/ming/turtle_ws/install/local/lib/python3.10/dist-packages:/opt/ros/humble/lib/python3.10/site-packages:/opt/ros/humble/local/lib/python3.10/dist-packages /usr/bin/cmake --install /home/ming/turtle_ws/build/turtlebot3_simulations
[0.051s] -- Install configuration: ""
[0.052s] -- Execute custom install script
[0.052s] -- Up-to-date symlink: /home/ming/turtle_ws/install/share/ament_index/resource_index/package_run_dependencies/turtlebot3_simulations
[0.052s] -- Up-to-date symlink: /home/ming/turtle_ws/install/share/ament_index/resource_index/parent_prefix_path/turtlebot3_simulations
[0.052s] -- Up-to-date symlink: /home/ming/turtle_ws/install/share/turtlebot3_simulations/environment/ament_prefix_path.sh
[0.052s] -- Up-to-date symlink: /home/ming/turtle_ws/install/share/turtlebot3_simulations/environment/ament_prefix_path.dsv
[0.052s] -- Up-to-date symlink: /home/ming/turtle_ws/install/share/turtlebot3_simulations/environment/path.sh
[0.052s] -- Up-to-date symlink: /home/ming/turtle_ws/install/share/turtlebot3_simulations/environment/path.dsv
[0.052s] -- Up-to-date symlink: /home/ming/turtle_ws/install/share/turtlebot3_simulations/local_setup.bash
[0.052s] -- Up-to-date symlink: /home/ming/turtle_ws/install/share/turtlebot3_simulations/local_setup.sh
[0.052s] -- Up-to-date symlink: /home/ming/turtle_ws/install/share/turtlebot3_simulations/local_setup.zsh
[0.052s] -- Up-to-date symlink: /home/ming/turtle_ws/install/share/turtlebot3_simulations/local_setup.dsv
[0.053s] -- Symlinking: /home/ming/turtle_ws/install/share/turtlebot3_simulations/package.dsv
[0.060s] -- Up-to-date symlink: /home/ming/turtle_ws/install/share/ament_index/resource_index/packages/turtlebot3_simulations
[0.060s] -- Up-to-date symlink: /home/ming/turtle_ws/install/share/turtlebot3_simulations/cmake/turtlebot3_simulationsConfig.cmake
[0.060s] -- Up-to-date symlink: /home/ming/turtle_ws/install/share/turtlebot3_simulations/cmake/turtlebot3_simulationsConfig-version.cmake
[0.060s] -- Up-to-date symlink: /home/ming/turtle_ws/install/share/turtlebot3_simulations/package.xml
[0.062s] Invoked command in '/home/ming/turtle_ws/build/turtlebot3_simulations' returned '0': CMAKE_PREFIX_PATH=/opt/ros/humble:${CMAKE_PREFIX_PATH} PYTHONPATH=/home/ming/turtle_ws/install/lib/python3.10/site-packages:/home/ming/turtle_ws/build/turtlebot3_teleop:/home/ming/turtle_ws/build/turtlebot3_example:/home/ming/turtle_ws/install/local/lib/python3.10/dist-packages:/opt/ros/humble/lib/python3.10/site-packages:/opt/ros/humble/local/lib/python3.10/dist-packages /usr/bin/cmake --install /home/ming/turtle_ws/build/turtlebot3_simulations
