[0.429s] Invoking command in '/home/ming/turtle_ws/build/turtlebot3_teleop': PYTHONPATH=/home/ming/turtle_ws/build/turtlebot3_teleop/prefix_override:/usr/lib/python3/dist-packages/colcon_core/task/python/colcon_distutils_commands:/home/ming/turtle_ws/install/lib/python3.10/site-packages:${PYTHONPATH} /usr/bin/python3 -W ignore:setup.py install is deprecated -W ignore:easy_install command is deprecated setup.py develop --editable --build-directory /home/ming/turtle_ws/build/turtlebot3_teleop/build --no-deps symlink_data
[0.593s] running develop
[0.693s] running egg_info
[0.693s] creating turtlebot3_teleop.egg-info
[0.693s] writing turtlebot3_teleop.egg-info/PKG-INFO
[0.694s] writing dependency_links to turtlebot3_teleop.egg-info/dependency_links.txt
[0.694s] writing entry points to turtlebot3_teleop.egg-info/entry_points.txt
[0.694s] writing requirements to turtlebot3_teleop.egg-info/requires.txt
[0.694s] writing top-level names to turtlebot3_teleop.egg-info/top_level.txt
[0.694s] writing manifest file 'turtlebot3_teleop.egg-info/SOURCES.txt'
[0.695s] reading manifest file 'turtlebot3_teleop.egg-info/SOURCES.txt'
[0.695s] writing manifest file 'turtlebot3_teleop.egg-info/SOURCES.txt'
[0.696s] running build_ext
[0.696s] Creating /home/ming/turtle_ws/install/lib/python3.10/site-packages/turtlebot3-teleop.egg-link (link to .)
[0.697s] Installing teleop_keyboard script to /home/ming/turtle_ws/install/lib/turtlebot3_teleop
[0.697s] 
[0.697s] Installed /home/ming/turtle_ws/build/turtlebot3_teleop
[0.697s] running symlink_data
[0.697s] symbolically linking /home/ming/turtle_ws/build/turtlebot3_teleop/resource/turtlebot3_teleop -> /home/ming/turtle_ws/install/share/ament_index/resource_index/packages
[0.697s] symbolically linking /home/ming/turtle_ws/build/turtlebot3_teleop/package.xml -> /home/ming/turtle_ws/install/share/turtlebot3_teleop
[0.721s] Invoked command in '/home/ming/turtle_ws/build/turtlebot3_teleop' returned '0': PYTHONPATH=/home/ming/turtle_ws/build/turtlebot3_teleop/prefix_override:/usr/lib/python3/dist-packages/colcon_core/task/python/colcon_distutils_commands:/home/ming/turtle_ws/install/lib/python3.10/site-packages:${PYTHONPATH} /usr/bin/python3 -W ignore:setup.py install is deprecated -W ignore:easy_install command is deprecated setup.py develop --editable --build-directory /home/ming/turtle_ws/build/turtlebot3_teleop/build --no-deps symlink_data
