[0.363s] Invoking command in '/home/ming/turtle_ws/build/turtlebot3_example': PYTHONPATH=/home/ming/turtle_ws/build/turtlebot3_example/prefix_override:/usr/lib/python3/dist-packages/colcon_core/task/python/colcon_distutils_commands:/home/ming/turtle_ws/install/lib/python3.10/site-packages:/home/ming/turtle_ws/install/lib/python3.10/site-packages:/home/ming/turtle_ws/build/turtlebot3_teleop:/home/ming/turtle_ws/build/turtlebot3_example:/home/ming/turtle_ws/install/local/lib/python3.10/dist-packages:/opt/ros/humble/lib/python3.10/site-packages:/opt/ros/humble/local/lib/python3.10/dist-packages /usr/bin/python3 -W ignore:setup.py install is deprecated -W ignore:easy_install command is deprecated setup.py develop --editable --build-directory /home/ming/turtle_ws/build/turtlebot3_example/build --no-deps symlink_data
[0.494s] running develop
[0.580s] running egg_info
[0.580s] writing turtlebot3_example.egg-info/PKG-INFO
[0.580s] writing dependency_links to turtlebot3_example.egg-info/dependency_links.txt
[0.580s] writing entry points to turtlebot3_example.egg-info/entry_points.txt
[0.580s] writing requirements to turtlebot3_example.egg-info/requires.txt
[0.580s] writing top-level names to turtlebot3_example.egg-info/top_level.txt
[0.581s] reading manifest file 'turtlebot3_example.egg-info/SOURCES.txt'
[0.581s] writing manifest file 'turtlebot3_example.egg-info/SOURCES.txt'
[0.582s] running build_ext
[0.582s] Creating /home/ming/turtle_ws/install/lib/python3.10/site-packages/turtlebot3-example.egg-link (link to .)
[0.582s] Installing turtlebot3_absolute_move script to /home/ming/turtle_ws/install/lib/turtlebot3_example
[0.582s] Installing turtlebot3_interactive_marker script to /home/ming/turtle_ws/install/lib/turtlebot3_example
[0.582s] Installing turtlebot3_obstacle_detection script to /home/ming/turtle_ws/install/lib/turtlebot3_example
[0.583s] Installing turtlebot3_patrol_client script to /home/ming/turtle_ws/install/lib/turtlebot3_example
[0.583s] Installing turtlebot3_patrol_server script to /home/ming/turtle_ws/install/lib/turtlebot3_example
[0.583s] Installing turtlebot3_relative_move script to /home/ming/turtle_ws/install/lib/turtlebot3_example
[0.583s] 
[0.583s] Installed /home/ming/turtle_ws/build/turtlebot3_example
[0.583s] running symlink_data
[0.596s] Invoked command in '/home/ming/turtle_ws/build/turtlebot3_example' returned '0': PYTHONPATH=/home/ming/turtle_ws/build/turtlebot3_example/prefix_override:/usr/lib/python3/dist-packages/colcon_core/task/python/colcon_distutils_commands:/home/ming/turtle_ws/install/lib/python3.10/site-packages:/home/ming/turtle_ws/install/lib/python3.10/site-packages:/home/ming/turtle_ws/build/turtlebot3_teleop:/home/ming/turtle_ws/build/turtlebot3_example:/home/ming/turtle_ws/install/local/lib/python3.10/dist-packages:/opt/ros/humble/lib/python3.10/site-packages:/opt/ros/humble/local/lib/python3.10/dist-packages /usr/bin/python3 -W ignore:setup.py install is deprecated -W ignore:easy_install command is deprecated setup.py develop --editable --build-directory /home/ming/turtle_ws/build/turtlebot3_example/build --no-deps symlink_data
