[0.010s] Invoking command in '/home/ming/turtle_ws/build/turtlebot3_bringup': CMAKE_PREFIX_PATH=/opt/ros/humble:${CMAKE_PREFIX_PATH} PYTHONPATH=/home/ming/turtle_ws/install/lib/python3.10/site-packages:/home/ming/turtle_ws/build/turtlebot3_teleop:/home/ming/turtle_ws/build/turtlebot3_example:/home/ming/turtle_ws/install/local/lib/python3.10/dist-packages:/opt/ros/humble/lib/python3.10/site-packages:/opt/ros/humble/local/lib/python3.10/dist-packages /usr/bin/cmake /home/ming/turtle_ws/src/turtlebot3/turtlebot3_bringup -DAMENT_CMAKE_SYMLINK_INSTALL=1 -DCMAKE_INSTALL_PREFIX=/home/ming/turtle_ws/install
[0.084s] -- The C compiler identification is GNU 11.4.0
[0.136s] -- The CXX compiler identification is GNU 11.4.0
[0.140s] -- Detecting C compiler ABI info
[0.198s] -- Detecting C compiler ABI info - done
[0.207s] -- Check for working C compiler: /usr/bin/cc - skipped
[0.207s] -- Detecting C compile features
[0.207s] -- Detecting C compile features - done
[0.210s] -- Detecting CXX compiler ABI info
[0.293s] -- Detecting CXX compiler ABI info - done
[0.297s] -- Check for working CXX compiler: /usr/bin/c++ - skipped
[0.297s] -- Detecting CXX compile features
[0.297s] -- Detecting CXX compile features - done
[0.299s] -- Found ament_cmake: 1.3.12 (/opt/ros/humble/share/ament_cmake/cmake)
[0.404s] -- Found Python3: /usr/bin/python3 (found version "3.10.12") found components: Interpreter 
[0.438s] -- Override CMake install command with custom implementation using symlinks instead of copying resources
[0.503s] -- Configuring done
[0.504s] -- Generating done
[0.505s] -- Build files have been written to: /home/ming/turtle_ws/build/turtlebot3_bringup
[0.508s] Invoked command in '/home/ming/turtle_ws/build/turtlebot3_bringup' returned '0': CMAKE_PREFIX_PATH=/opt/ros/humble:${CMAKE_PREFIX_PATH} PYTHONPATH=/home/ming/turtle_ws/install/lib/python3.10/site-packages:/home/ming/turtle_ws/build/turtlebot3_teleop:/home/ming/turtle_ws/build/turtlebot3_example:/home/ming/turtle_ws/install/local/lib/python3.10/dist-packages:/opt/ros/humble/lib/python3.10/site-packages:/opt/ros/humble/local/lib/python3.10/dist-packages /usr/bin/cmake /home/ming/turtle_ws/src/turtlebot3/turtlebot3_bringup -DAMENT_CMAKE_SYMLINK_INSTALL=1 -DCMAKE_INSTALL_PREFIX=/home/ming/turtle_ws/install
[0.509s] Invoking command in '/home/ming/turtle_ws/build/turtlebot3_bringup': CMAKE_PREFIX_PATH=/opt/ros/humble:${CMAKE_PREFIX_PATH} PYTHONPATH=/home/ming/turtle_ws/install/lib/python3.10/site-packages:/home/ming/turtle_ws/build/turtlebot3_teleop:/home/ming/turtle_ws/build/turtlebot3_example:/home/ming/turtle_ws/install/local/lib/python3.10/dist-packages:/opt/ros/humble/lib/python3.10/site-packages:/opt/ros/humble/local/lib/python3.10/dist-packages /usr/bin/cmake --build /home/ming/turtle_ws/build/turtlebot3_bringup -- -j16 -l16
[0.536s] Invoked command in '/home/ming/turtle_ws/build/turtlebot3_bringup' returned '0': CMAKE_PREFIX_PATH=/opt/ros/humble:${CMAKE_PREFIX_PATH} PYTHONPATH=/home/ming/turtle_ws/install/lib/python3.10/site-packages:/home/ming/turtle_ws/build/turtlebot3_teleop:/home/ming/turtle_ws/build/turtlebot3_example:/home/ming/turtle_ws/install/local/lib/python3.10/dist-packages:/opt/ros/humble/lib/python3.10/site-packages:/opt/ros/humble/local/lib/python3.10/dist-packages /usr/bin/cmake --build /home/ming/turtle_ws/build/turtlebot3_bringup -- -j16 -l16
[0.537s] Invoking command in '/home/ming/turtle_ws/build/turtlebot3_bringup': CMAKE_PREFIX_PATH=/opt/ros/humble:${CMAKE_PREFIX_PATH} PYTHONPATH=/home/ming/turtle_ws/install/lib/python3.10/site-packages:/home/ming/turtle_ws/build/turtlebot3_teleop:/home/ming/turtle_ws/build/turtlebot3_example:/home/ming/turtle_ws/install/local/lib/python3.10/dist-packages:/opt/ros/humble/lib/python3.10/site-packages:/opt/ros/humble/local/lib/python3.10/dist-packages /usr/bin/cmake --install /home/ming/turtle_ws/build/turtlebot3_bringup
[0.545s] -- Install configuration: ""
[0.546s] -- Execute custom install script
[0.546s] -- Symlinking: /home/ming/turtle_ws/install/share/turtlebot3_bringup/launch/camera.launch.py
[0.555s] -- Symlinking: /home/ming/turtle_ws/install/share/turtlebot3_bringup/launch/robot.launch.py
[0.565s] -- Symlinking: /home/ming/turtle_ws/install/share/turtlebot3_bringup/launch/rviz2.launch.py
[0.576s] -- Symlinking: /home/ming/turtle_ws/install/share/turtlebot3_bringup/launch/turtlebot3_state_publisher.launch.py
[0.588s] -- Symlinking: /home/ming/turtle_ws/install/share/turtlebot3_bringup/param/burger.yaml
[0.600s] -- Symlinking: /home/ming/turtle_ws/install/share/turtlebot3_bringup/param/humble/burger.yaml
[0.610s] -- Symlinking: /home/ming/turtle_ws/install/share/turtlebot3_bringup/param/humble/waffle.yaml
[0.620s] -- Symlinking: /home/ming/turtle_ws/install/share/turtlebot3_bringup/param/humble/waffle_pi.yaml
[0.631s] -- Symlinking: /home/ming/turtle_ws/install/share/turtlebot3_bringup/param/waffle.yaml
[0.640s] -- Symlinking: /home/ming/turtle_ws/install/share/turtlebot3_bringup/param/waffle_pi.yaml
[0.651s] -- Symlinking: /home/ming/turtle_ws/install/share/turtlebot3_bringup/script/99-turtlebot3-cdc.rules
[0.662s] -- Symlinking: /home/ming/turtle_ws/install/share/turtlebot3_bringup/script/create_udev_rules
[0.673s] -- Symlinking: /home/ming/turtle_ws/install/share/ament_index/resource_index/package_run_dependencies/turtlebot3_bringup
[0.683s] -- Symlinking: /home/ming/turtle_ws/install/share/ament_index/resource_index/parent_prefix_path/turtlebot3_bringup
[0.694s] -- Symlinking: /home/ming/turtle_ws/install/share/turtlebot3_bringup/environment/ament_prefix_path.sh
[0.705s] -- Symlinking: /home/ming/turtle_ws/install/share/turtlebot3_bringup/environment/ament_prefix_path.dsv
[0.716s] -- Symlinking: /home/ming/turtle_ws/install/share/turtlebot3_bringup/environment/path.sh
[0.726s] -- Symlinking: /home/ming/turtle_ws/install/share/turtlebot3_bringup/environment/path.dsv
[0.735s] -- Symlinking: /home/ming/turtle_ws/install/share/turtlebot3_bringup/local_setup.bash
[0.746s] -- Symlinking: /home/ming/turtle_ws/install/share/turtlebot3_bringup/local_setup.sh
[0.756s] -- Symlinking: /home/ming/turtle_ws/install/share/turtlebot3_bringup/local_setup.zsh
[0.766s] -- Symlinking: /home/ming/turtle_ws/install/share/turtlebot3_bringup/local_setup.dsv
[0.776s] -- Symlinking: /home/ming/turtle_ws/install/share/turtlebot3_bringup/package.dsv
[0.788s] -- Symlinking: /home/ming/turtle_ws/install/share/ament_index/resource_index/packages/turtlebot3_bringup
[0.794s] -- Symlinking: /home/ming/turtle_ws/install/share/turtlebot3_bringup/cmake/turtlebot3_bringupConfig.cmake
[0.800s] -- Symlinking: /home/ming/turtle_ws/install/share/turtlebot3_bringup/cmake/turtlebot3_bringupConfig-version.cmake
[0.807s] -- Symlinking: /home/ming/turtle_ws/install/share/turtlebot3_bringup/package.xml
[0.818s] Invoked command in '/home/ming/turtle_ws/build/turtlebot3_bringup' returned '0': CMAKE_PREFIX_PATH=/opt/ros/humble:${CMAKE_PREFIX_PATH} PYTHONPATH=/home/ming/turtle_ws/install/lib/python3.10/site-packages:/home/ming/turtle_ws/build/turtlebot3_teleop:/home/ming/turtle_ws/build/turtlebot3_example:/home/ming/turtle_ws/install/local/lib/python3.10/dist-packages:/opt/ros/humble/lib/python3.10/site-packages:/opt/ros/humble/local/lib/python3.10/dist-packages /usr/bin/cmake --install /home/ming/turtle_ws/build/turtlebot3_bringup
