-- Install configuration: ""
-- Up-to-date: /home/ming/turtle_ws/install/share/graph_world/launch
-- Up-to-date: /home/ming/turtle_ws/install/share/graph_world/launch/graph_routes.launch.py
-- Up-to-date: /home/ming/turtle_ws/install/share/graph_world/worlds
-- Installing: /home/ming/turtle_ws/install/share/graph_world/worlds/graph_routes.world
-- Installing: /home/ming/turtle_ws/install/lib/graph_world/world_gen.py
-- Up-to-date: /home/ming/turtle_ws/install/share/ament_index/resource_index/package_run_dependencies/graph_world
-- Up-to-date: /home/ming/turtle_ws/install/share/ament_index/resource_index/parent_prefix_path/graph_world
-- Up-to-date: /home/ming/turtle_ws/install/share/graph_world/environment/ament_prefix_path.sh
-- Up-to-date: /home/ming/turtle_ws/install/share/graph_world/environment/ament_prefix_path.dsv
-- Up-to-date: /home/ming/turtle_ws/install/share/graph_world/environment/path.sh
-- Up-to-date: /home/ming/turtle_ws/install/share/graph_world/environment/path.dsv
-- Up-to-date: /home/ming/turtle_ws/install/share/graph_world/local_setup.bash
-- Up-to-date: /home/ming/turtle_ws/install/share/graph_world/local_setup.sh
-- Up-to-date: /home/ming/turtle_ws/install/share/graph_world/local_setup.zsh
-- Up-to-date: /home/ming/turtle_ws/install/share/graph_world/local_setup.dsv
-- Up-to-date: /home/ming/turtle_ws/install/share/graph_world/package.dsv
-- Up-to-date: /home/ming/turtle_ws/install/share/ament_index/resource_index/packages/graph_world
-- Up-to-date: /home/ming/turtle_ws/install/share/graph_world/cmake/graph_worldConfig.cmake
-- Up-to-date: /home/ming/turtle_ws/install/share/graph_world/cmake/graph_worldConfig-version.cmake
-- Up-to-date: /home/ming/turtle_ws/install/share/graph_world/package.xml
