[0.037s] Invoking command in '/home/ming/turtle_ws/build/graph_world': PYTHONPATH=/home/ming/turtle_ws/install/lib/python3.10/site-packages:/home/ming/turtle_ws/build/turtlebot3_teleop:/home/ming/turtle_ws/build/turtlebot3_example:/home/ming/turtle_ws/install/local/lib/python3.10/dist-packages:/opt/ros/humble/lib/python3.10/site-packages:/opt/ros/humble/local/lib/python3.10/dist-packages /usr/bin/cmake --build /home/ming/turtle_ws/build/graph_world -- -j16 -l16
[0.191s] Invoked command in '/home/ming/turtle_ws/build/graph_world' returned '0': PYTHONPATH=/home/ming/turtle_ws/install/lib/python3.10/site-packages:/home/ming/turtle_ws/build/turtlebot3_teleop:/home/ming/turtle_ws/build/turtlebot3_example:/home/ming/turtle_ws/install/local/lib/python3.10/dist-packages:/opt/ros/humble/lib/python3.10/site-packages:/opt/ros/humble/local/lib/python3.10/dist-packages /usr/bin/cmake --build /home/ming/turtle_ws/build/graph_world -- -j16 -l16
[0.191s] Invoking command in '/home/ming/turtle_ws/build/graph_world': PYTHONPATH=/home/ming/turtle_ws/install/lib/python3.10/site-packages:/home/ming/turtle_ws/build/turtlebot3_teleop:/home/ming/turtle_ws/build/turtlebot3_example:/home/ming/turtle_ws/install/local/lib/python3.10/dist-packages:/opt/ros/humble/lib/python3.10/site-packages:/opt/ros/humble/local/lib/python3.10/dist-packages /usr/bin/cmake --install /home/ming/turtle_ws/build/graph_world
[0.197s] -- Install configuration: ""
[0.197s] -- Up-to-date: /home/ming/turtle_ws/install/share/graph_world/launch
[0.197s] -- Up-to-date: /home/ming/turtle_ws/install/share/graph_world/launch/graph_routes.launch.py
[0.197s] -- Up-to-date: /home/ming/turtle_ws/install/share/graph_world/worlds
[0.197s] -- Installing: /home/ming/turtle_ws/install/share/graph_world/worlds/graph_routes.world
[0.197s] -- Installing: /home/ming/turtle_ws/install/lib/graph_world/world_gen.py
[0.197s] -- Up-to-date: /home/ming/turtle_ws/install/share/ament_index/resource_index/package_run_dependencies/graph_world
[0.197s] -- Up-to-date: /home/ming/turtle_ws/install/share/ament_index/resource_index/parent_prefix_path/graph_world
[0.197s] -- Up-to-date: /home/ming/turtle_ws/install/share/graph_world/environment/ament_prefix_path.sh
[0.198s] -- Up-to-date: /home/ming/turtle_ws/install/share/graph_world/environment/ament_prefix_path.dsv
[0.198s] -- Up-to-date: /home/ming/turtle_ws/install/share/graph_world/environment/path.sh
[0.198s] -- Up-to-date: /home/ming/turtle_ws/install/share/graph_world/environment/path.dsv
[0.198s] -- Up-to-date: /home/ming/turtle_ws/install/share/graph_world/local_setup.bash
[0.198s] -- Up-to-date: /home/ming/turtle_ws/install/share/graph_world/local_setup.sh
[0.198s] -- Up-to-date: /home/ming/turtle_ws/install/share/graph_world/local_setup.zsh
[0.198s] -- Up-to-date: /home/ming/turtle_ws/install/share/graph_world/local_setup.dsv
[0.198s] -- Up-to-date: /home/ming/turtle_ws/install/share/graph_world/package.dsv
[0.198s] -- Up-to-date: /home/ming/turtle_ws/install/share/ament_index/resource_index/packages/graph_world
[0.198s] -- Up-to-date: /home/ming/turtle_ws/install/share/graph_world/cmake/graph_worldConfig.cmake
[0.198s] -- Up-to-date: /home/ming/turtle_ws/install/share/graph_world/cmake/graph_worldConfig-version.cmake
[0.198s] -- Up-to-date: /home/ming/turtle_ws/install/share/graph_world/package.xml
[0.199s] Invoked command in '/home/ming/turtle_ws/build/graph_world' returned '0': PYTHONPATH=/home/ming/turtle_ws/install/lib/python3.10/site-packages:/home/ming/turtle_ws/build/turtlebot3_teleop:/home/ming/turtle_ws/build/turtlebot3_example:/home/ming/turtle_ws/install/local/lib/python3.10/dist-packages:/opt/ros/humble/lib/python3.10/site-packages:/opt/ros/humble/local/lib/python3.10/dist-packages /usr/bin/cmake --install /home/ming/turtle_ws/build/graph_world
