[0.023s] Invoking command in '/home/ming/turtle_ws/build/turtlebot3': CMAKE_PREFIX_PATH=/opt/ros/humble:${CMAKE_PREFIX_PATH} PYTHONPATH=/home/ming/turtle_ws/install/lib/python3.10/site-packages:/home/ming/turtle_ws/build/turtlebot3_example:/home/ming/turtle_ws/build/turtlebot3_teleop:/home/ming/turtle_ws/install/local/lib/python3.10/dist-packages:/opt/ros/humble/lib/python3.10/site-packages:/opt/ros/humble/local/lib/python3.10/dist-packages /usr/bin/cmake /home/ming/turtle_ws/src/turtlebot3/turtlebot3 -DAMENT_CMAKE_SYMLINK_INSTALL=1 -DCMAKE_INSTALL_PREFIX=/home/ming/turtle_ws/install
[0.097s] -- The C compiler identification is GNU 11.4.0
[0.161s] -- The CXX compiler identification is GNU 11.4.0
[0.169s] -- Detecting C compiler ABI info
[0.257s] -- Detecting C compiler ABI info - done
[0.267s] -- Check for working C compiler: /usr/bin/cc - skipped
[0.268s] -- Detecting C compile features
[0.268s] -- Detecting C compile features - done
[0.272s] -- Detecting CXX compiler ABI info
[0.359s] -- Detecting CXX compiler ABI info - done
[0.363s] -- Check for working CXX compiler: /usr/bin/c++ - skipped
[0.363s] -- Detecting CXX compile features
[0.363s] -- Detecting CXX compile features - done
[0.365s] -- Found ament_cmake: 1.3.12 (/opt/ros/humble/share/ament_cmake/cmake)
[0.485s] -- Found Python3: /usr/bin/python3 (found version "3.10.12") found components: Interpreter 
[0.530s] -- Override CMake install command with custom implementation using symlinks instead of copying resources
[0.595s] -- Configuring done
[0.595s] -- Generating done
[0.596s] -- Build files have been written to: /home/ming/turtle_ws/build/turtlebot3
[0.599s] Invoked command in '/home/ming/turtle_ws/build/turtlebot3' returned '0': CMAKE_PREFIX_PATH=/opt/ros/humble:${CMAKE_PREFIX_PATH} PYTHONPATH=/home/ming/turtle_ws/install/lib/python3.10/site-packages:/home/ming/turtle_ws/build/turtlebot3_example:/home/ming/turtle_ws/build/turtlebot3_teleop:/home/ming/turtle_ws/install/local/lib/python3.10/dist-packages:/opt/ros/humble/lib/python3.10/site-packages:/opt/ros/humble/local/lib/python3.10/dist-packages /usr/bin/cmake /home/ming/turtle_ws/src/turtlebot3/turtlebot3 -DAMENT_CMAKE_SYMLINK_INSTALL=1 -DCMAKE_INSTALL_PREFIX=/home/ming/turtle_ws/install
[0.600s] Invoking command in '/home/ming/turtle_ws/build/turtlebot3': CMAKE_PREFIX_PATH=/opt/ros/humble:${CMAKE_PREFIX_PATH} PYTHONPATH=/home/ming/turtle_ws/install/lib/python3.10/site-packages:/home/ming/turtle_ws/build/turtlebot3_example:/home/ming/turtle_ws/build/turtlebot3_teleop:/home/ming/turtle_ws/install/local/lib/python3.10/dist-packages:/opt/ros/humble/lib/python3.10/site-packages:/opt/ros/humble/local/lib/python3.10/dist-packages /usr/bin/cmake --build /home/ming/turtle_ws/build/turtlebot3 -- -j16 -l16
[0.643s] Invoked command in '/home/ming/turtle_ws/build/turtlebot3' returned '0': CMAKE_PREFIX_PATH=/opt/ros/humble:${CMAKE_PREFIX_PATH} PYTHONPATH=/home/ming/turtle_ws/install/lib/python3.10/site-packages:/home/ming/turtle_ws/build/turtlebot3_example:/home/ming/turtle_ws/build/turtlebot3_teleop:/home/ming/turtle_ws/install/local/lib/python3.10/dist-packages:/opt/ros/humble/lib/python3.10/site-packages:/opt/ros/humble/local/lib/python3.10/dist-packages /usr/bin/cmake --build /home/ming/turtle_ws/build/turtlebot3 -- -j16 -l16
[0.645s] Invoking command in '/home/ming/turtle_ws/build/turtlebot3': CMAKE_PREFIX_PATH=/opt/ros/humble:${CMAKE_PREFIX_PATH} PYTHONPATH=/home/ming/turtle_ws/install/lib/python3.10/site-packages:/home/ming/turtle_ws/build/turtlebot3_example:/home/ming/turtle_ws/build/turtlebot3_teleop:/home/ming/turtle_ws/install/local/lib/python3.10/dist-packages:/opt/ros/humble/lib/python3.10/site-packages:/opt/ros/humble/local/lib/python3.10/dist-packages /usr/bin/cmake --install /home/ming/turtle_ws/build/turtlebot3
[0.655s] -- Install configuration: ""
[0.655s] -- Execute custom install script
[0.655s] -- Symlinking: /home/ming/turtle_ws/install/share/ament_index/resource_index/package_run_dependencies/turtlebot3
[0.665s] -- Symlinking: /home/ming/turtle_ws/install/share/ament_index/resource_index/parent_prefix_path/turtlebot3
[0.677s] -- Symlinking: /home/ming/turtle_ws/install/share/turtlebot3/environment/ament_prefix_path.sh
[0.687s] -- Symlinking: /home/ming/turtle_ws/install/share/turtlebot3/environment/ament_prefix_path.dsv
[0.697s] -- Symlinking: /home/ming/turtle_ws/install/share/turtlebot3/environment/path.sh
[0.706s] -- Symlinking: /home/ming/turtle_ws/install/share/turtlebot3/environment/path.dsv
[0.718s] -- Symlinking: /home/ming/turtle_ws/install/share/turtlebot3/local_setup.bash
[0.730s] -- Symlinking: /home/ming/turtle_ws/install/share/turtlebot3/local_setup.sh
[0.740s] -- Symlinking: /home/ming/turtle_ws/install/share/turtlebot3/local_setup.zsh
[0.752s] -- Symlinking: /home/ming/turtle_ws/install/share/turtlebot3/local_setup.dsv
[0.763s] -- Symlinking: /home/ming/turtle_ws/install/share/turtlebot3/package.dsv
[0.774s] -- Symlinking: /home/ming/turtle_ws/install/share/ament_index/resource_index/packages/turtlebot3
[0.785s] -- Symlinking: /home/ming/turtle_ws/install/share/turtlebot3/cmake/turtlebot3Config.cmake
[0.795s] -- Symlinking: /home/ming/turtle_ws/install/share/turtlebot3/cmake/turtlebot3Config-version.cmake
[0.803s] -- Symlinking: /home/ming/turtle_ws/install/share/turtlebot3/package.xml
[0.810s] Invoked command in '/home/ming/turtle_ws/build/turtlebot3' returned '0': CMAKE_PREFIX_PATH=/opt/ros/humble:${CMAKE_PREFIX_PATH} PYTHONPATH=/home/ming/turtle_ws/install/lib/python3.10/site-packages:/home/ming/turtle_ws/build/turtlebot3_example:/home/ming/turtle_ws/build/turtlebot3_teleop:/home/ming/turtle_ws/install/local/lib/python3.10/dist-packages:/opt/ros/humble/lib/python3.10/site-packages:/opt/ros/humble/local/lib/python3.10/dist-packages /usr/bin/cmake --install /home/ming/turtle_ws/build/turtlebot3
