[0.017s] Invoking command in '/home/ming/turtle_ws/build/turtlebot3_simulations': CMAKE_PREFIX_PATH=/opt/ros/humble:${CMAKE_PREFIX_PATH} PYTHONPATH=/home/ming/turtle_ws/install/lib/python3.10/site-packages:/home/ming/turtle_ws/build/turtlebot3_teleop:/home/ming/turtle_ws/build/turtlebot3_example:/home/ming/turtle_ws/install/local/lib/python3.10/dist-packages:/opt/ros/humble/lib/python3.10/site-packages:/opt/ros/humble/local/lib/python3.10/dist-packages /usr/bin/cmake /home/ming/turtle_ws/src/turtlebot3_simulations/turtlebot3_simulations -DAMENT_CMAKE_SYMLINK_INSTALL=1 -DCMAKE_INSTALL_PREFIX=/home/ming/turtle_ws/install
[0.079s] -- The C compiler identification is GNU 11.4.0
[0.135s] -- The CXX compiler identification is GNU 11.4.0
[0.143s] -- Detecting C compiler ABI info
[0.223s] -- Detecting C compiler ABI info - done
[0.232s] -- Check for working C compiler: /usr/bin/cc - skipped
[0.232s] -- Detecting C compile features
[0.232s] -- Detecting C compile features - done
[0.235s] -- Detecting CXX compiler ABI info
[0.316s] -- Detecting CXX compiler ABI info - done
[0.329s] -- Check for working CXX compiler: /usr/bin/c++ - skipped
[0.329s] -- Detecting CXX compile features
[0.330s] -- Detecting CXX compile features - done
[0.332s] -- Found ament_cmake: 1.3.12 (/opt/ros/humble/share/ament_cmake/cmake)
[0.510s] -- Found Python3: /usr/bin/python3 (found version "3.10.12") found components: Interpreter 
[0.577s] -- Override CMake install command with custom implementation using symlinks instead of copying resources
[0.686s] -- Configuring done
[0.687s] -- Generating done
[0.688s] -- Build files have been written to: /home/ming/turtle_ws/build/turtlebot3_simulations
[0.692s] Invoked command in '/home/ming/turtle_ws/build/turtlebot3_simulations' returned '0': CMAKE_PREFIX_PATH=/opt/ros/humble:${CMAKE_PREFIX_PATH} PYTHONPATH=/home/ming/turtle_ws/install/lib/python3.10/site-packages:/home/ming/turtle_ws/build/turtlebot3_teleop:/home/ming/turtle_ws/build/turtlebot3_example:/home/ming/turtle_ws/install/local/lib/python3.10/dist-packages:/opt/ros/humble/lib/python3.10/site-packages:/opt/ros/humble/local/lib/python3.10/dist-packages /usr/bin/cmake /home/ming/turtle_ws/src/turtlebot3_simulations/turtlebot3_simulations -DAMENT_CMAKE_SYMLINK_INSTALL=1 -DCMAKE_INSTALL_PREFIX=/home/ming/turtle_ws/install
[0.694s] Invoking command in '/home/ming/turtle_ws/build/turtlebot3_simulations': CMAKE_PREFIX_PATH=/opt/ros/humble:${CMAKE_PREFIX_PATH} PYTHONPATH=/home/ming/turtle_ws/install/lib/python3.10/site-packages:/home/ming/turtle_ws/build/turtlebot3_teleop:/home/ming/turtle_ws/build/turtlebot3_example:/home/ming/turtle_ws/install/local/lib/python3.10/dist-packages:/opt/ros/humble/lib/python3.10/site-packages:/opt/ros/humble/local/lib/python3.10/dist-packages /usr/bin/cmake --build /home/ming/turtle_ws/build/turtlebot3_simulations -- -j16 -l16
[0.742s] Invoked command in '/home/ming/turtle_ws/build/turtlebot3_simulations' returned '0': CMAKE_PREFIX_PATH=/opt/ros/humble:${CMAKE_PREFIX_PATH} PYTHONPATH=/home/ming/turtle_ws/install/lib/python3.10/site-packages:/home/ming/turtle_ws/build/turtlebot3_teleop:/home/ming/turtle_ws/build/turtlebot3_example:/home/ming/turtle_ws/install/local/lib/python3.10/dist-packages:/opt/ros/humble/lib/python3.10/site-packages:/opt/ros/humble/local/lib/python3.10/dist-packages /usr/bin/cmake --build /home/ming/turtle_ws/build/turtlebot3_simulations -- -j16 -l16
[0.745s] Invoking command in '/home/ming/turtle_ws/build/turtlebot3_simulations': CMAKE_PREFIX_PATH=/opt/ros/humble:${CMAKE_PREFIX_PATH} PYTHONPATH=/home/ming/turtle_ws/install/lib/python3.10/site-packages:/home/ming/turtle_ws/build/turtlebot3_teleop:/home/ming/turtle_ws/build/turtlebot3_example:/home/ming/turtle_ws/install/local/lib/python3.10/dist-packages:/opt/ros/humble/lib/python3.10/site-packages:/opt/ros/humble/local/lib/python3.10/dist-packages /usr/bin/cmake --install /home/ming/turtle_ws/build/turtlebot3_simulations
[0.754s] -- Install configuration: ""
[0.755s] -- Execute custom install script
[0.755s] -- Symlinking: /home/ming/turtle_ws/install/share/ament_index/resource_index/package_run_dependencies/turtlebot3_simulations
[0.764s] -- Symlinking: /home/ming/turtle_ws/install/share/ament_index/resource_index/parent_prefix_path/turtlebot3_simulations
[0.775s] -- Symlinking: /home/ming/turtle_ws/install/share/turtlebot3_simulations/environment/ament_prefix_path.sh
[0.786s] -- Symlinking: /home/ming/turtle_ws/install/share/turtlebot3_simulations/environment/ament_prefix_path.dsv
[0.797s] -- Symlinking: /home/ming/turtle_ws/install/share/turtlebot3_simulations/environment/path.sh
[0.808s] -- Symlinking: /home/ming/turtle_ws/install/share/turtlebot3_simulations/environment/path.dsv
[0.817s] -- Symlinking: /home/ming/turtle_ws/install/share/turtlebot3_simulations/local_setup.bash
[0.826s] -- Symlinking: /home/ming/turtle_ws/install/share/turtlebot3_simulations/local_setup.sh
[0.834s] -- Symlinking: /home/ming/turtle_ws/install/share/turtlebot3_simulations/local_setup.zsh
[0.843s] -- Symlinking: /home/ming/turtle_ws/install/share/turtlebot3_simulations/local_setup.dsv
[0.854s] -- Symlinking: /home/ming/turtle_ws/install/share/turtlebot3_simulations/package.dsv
[0.864s] -- Symlinking: /home/ming/turtle_ws/install/share/ament_index/resource_index/packages/turtlebot3_simulations
[0.873s] -- Symlinking: /home/ming/turtle_ws/install/share/turtlebot3_simulations/cmake/turtlebot3_simulationsConfig.cmake
[0.881s] -- Symlinking: /home/ming/turtle_ws/install/share/turtlebot3_simulations/cmake/turtlebot3_simulationsConfig-version.cmake
[0.889s] -- Symlinking: /home/ming/turtle_ws/install/share/turtlebot3_simulations/package.xml
[0.900s] Invoked command in '/home/ming/turtle_ws/build/turtlebot3_simulations' returned '0': CMAKE_PREFIX_PATH=/opt/ros/humble:${CMAKE_PREFIX_PATH} PYTHONPATH=/home/ming/turtle_ws/install/lib/python3.10/site-packages:/home/ming/turtle_ws/build/turtlebot3_teleop:/home/ming/turtle_ws/build/turtlebot3_example:/home/ming/turtle_ws/install/local/lib/python3.10/dist-packages:/opt/ros/humble/lib/python3.10/site-packages:/opt/ros/humble/local/lib/python3.10/dist-packages /usr/bin/cmake --install /home/ming/turtle_ws/build/turtlebot3_simulations
