[0.020s] Invoking command in '/home/ming/turtle_ws/build/turtlebot3_node': CMAKE_PREFIX_PATH=/opt/ros/humble:${CMAKE_PREFIX_PATH} PYTHONPATH=/home/ming/turtle_ws/install/lib/python3.10/site-packages:/home/ming/turtle_ws/build/turtlebot3_teleop:/home/ming/turtle_ws/build/turtlebot3_example:/home/ming/turtle_ws/install/local/lib/python3.10/dist-packages:/opt/ros/humble/lib/python3.10/site-packages:/opt/ros/humble/local/lib/python3.10/dist-packages /usr/bin/cmake /home/ming/turtle_ws/src/turtlebot3/turtlebot3_node -DAMENT_CMAKE_SYMLINK_INSTALL=1 -DCMAKE_INSTALL_PREFIX=/home/ming/turtle_ws/install
[0.232s] -- The C compiler identification is GNU 11.4.0
[0.232s] -- The CXX compiler identification is GNU 11.4.0
[0.232s] -- Detecting C compiler ABI info
[0.243s] -- Detecting C compiler ABI info - done
[0.249s] -- Check for working C compiler: /usr/bin/cc - skipped
[0.250s] -- Detecting C compile features
[0.250s] -- Detecting C compile features - done
[0.252s] -- Detecting CXX compiler ABI info
[0.327s] -- Detecting CXX compiler ABI info - done
[0.334s] -- Check for working CXX compiler: /usr/bin/c++ - skipped
[0.334s] -- Detecting CXX compile features
[0.334s] -- Detecting CXX compile features - done
[0.336s] -- Found ament_cmake: 1.3.12 (/opt/ros/humble/share/ament_cmake/cmake)
[0.503s] -- Found Python3: /usr/bin/python3 (found version "3.10.12") found components: Interpreter 
[0.562s] -- Override CMake install command with custom implementation using symlinks instead of copying resources
[0.600s] -- Found dynamixel_sdk: 3.8.4 (/opt/ros/humble/share/dynamixel_sdk/cmake)
[0.605s] -- Found geometry_msgs: 4.9.0 (/opt/ros/humble/share/geometry_msgs/cmake)
[0.652s] -- Found rosidl_generator_c: 3.1.7 (/opt/ros/humble/share/rosidl_generator_c/cmake)
[0.659s] -- Found rosidl_adapter: 3.1.7 (/opt/ros/humble/share/rosidl_adapter/cmake)
[0.671s] -- Found rosidl_generator_cpp: 3.1.7 (/opt/ros/humble/share/rosidl_generator_cpp/cmake)
[0.687s] -- Using all available rosidl_typesupport_c: rosidl_typesupport_fastrtps_c;rosidl_typesupport_introspection_c
[0.709s] -- Using all available rosidl_typesupport_cpp: rosidl_typesupport_fastrtps_cpp;rosidl_typesupport_introspection_cpp
[0.751s] -- Found message_filters: 4.3.8 (/opt/ros/humble/share/message_filters/cmake)
[0.784s] -- Found rmw_implementation_cmake: 6.1.2 (/opt/ros/humble/share/rmw_implementation_cmake/cmake)
[0.786s] -- Found rmw_fastrtps_cpp: 6.2.8 (/opt/ros/humble/share/rmw_fastrtps_cpp/cmake)
[0.869s] -- Found OpenSSL: /usr/lib/x86_64-linux-gnu/libcrypto.so (found version "3.0.2")  
[0.891s] -- Found FastRTPS: /opt/ros/humble/include  
[0.930s] -- Using RMW implementation 'rmw_fastrtps_cpp' as default
[0.941s] -- Looking for pthread.h
[1.031s] -- Looking for pthread.h - found
[1.031s] -- Performing Test CMAKE_HAVE_LIBC_PTHREAD
[1.108s] -- Performing Test CMAKE_HAVE_LIBC_PTHREAD - Success
[1.109s] -- Found Threads: TRUE  
[1.142s] -- Found nav_msgs: 4.9.0 (/opt/ros/humble/share/nav_msgs/cmake)
[1.156s] -- Found sensor_msgs: 4.9.0 (/opt/ros/humble/share/sensor_msgs/cmake)
[1.171s] -- Found std_srvs: 4.9.0 (/opt/ros/humble/share/std_srvs/cmake)
[1.179s] -- Found tf2: 0.25.16 (/opt/ros/humble/share/tf2/cmake)
[1.188s] -- Found tf2_ros: 0.25.16 (/opt/ros/humble/share/tf2_ros/cmake)
[1.258s] -- Found turtlebot3_msgs: 2.4.0 (/opt/ros/humble/share/turtlebot3_msgs/cmake)
[1.359s] -- Configuring done
[1.380s] -- Generating done
[1.389s] -- Build files have been written to: /home/ming/turtle_ws/build/turtlebot3_node
[1.406s] Invoked command in '/home/ming/turtle_ws/build/turtlebot3_node' returned '0': CMAKE_PREFIX_PATH=/opt/ros/humble:${CMAKE_PREFIX_PATH} PYTHONPATH=/home/ming/turtle_ws/install/lib/python3.10/site-packages:/home/ming/turtle_ws/build/turtlebot3_teleop:/home/ming/turtle_ws/build/turtlebot3_example:/home/ming/turtle_ws/install/local/lib/python3.10/dist-packages:/opt/ros/humble/lib/python3.10/site-packages:/opt/ros/humble/local/lib/python3.10/dist-packages /usr/bin/cmake /home/ming/turtle_ws/src/turtlebot3/turtlebot3_node -DAMENT_CMAKE_SYMLINK_INSTALL=1 -DCMAKE_INSTALL_PREFIX=/home/ming/turtle_ws/install
[1.407s] Invoking command in '/home/ming/turtle_ws/build/turtlebot3_node': CMAKE_PREFIX_PATH=/opt/ros/humble:${CMAKE_PREFIX_PATH} PYTHONPATH=/home/ming/turtle_ws/install/lib/python3.10/site-packages:/home/ming/turtle_ws/build/turtlebot3_teleop:/home/ming/turtle_ws/build/turtlebot3_example:/home/ming/turtle_ws/install/local/lib/python3.10/dist-packages:/opt/ros/humble/lib/python3.10/site-packages:/opt/ros/humble/local/lib/python3.10/dist-packages /usr/bin/cmake --build /home/ming/turtle_ws/build/turtlebot3_node -- -j16 -l16
[1.469s] [  7%] [32mBuilding CXX object CMakeFiles/turtlebot3_node_lib.dir/src/devices/motor_power.cpp.o[0m
[1.469s] [ 21%] [32mBuilding CXX object CMakeFiles/turtlebot3_node_lib.dir/src/turtlebot3.cpp.o[0m
[1.469s] [ 21%] [32mBuilding CXX object CMakeFiles/turtlebot3_node_lib.dir/src/devices/reset.cpp.o[0m
[1.471s] [ 28%] [32mBuilding CXX object CMakeFiles/turtlebot3_node_lib.dir/src/diff_drive_controller.cpp.o[0m
[1.471s] [ 35%] [32mBuilding CXX object CMakeFiles/turtlebot3_node_lib.dir/src/dynamixel_sdk_wrapper.cpp.o[0m
[1.471s] [ 50%] [32mBuilding CXX object CMakeFiles/turtlebot3_node_lib.dir/src/sensors/imu.cpp.o[0m
[1.471s] [ 50%] [32mBuilding CXX object CMakeFiles/turtlebot3_node_lib.dir/src/sensors/battery_state.cpp.o[0m
[1.475s] [ 57%] [32mBuilding CXX object CMakeFiles/turtlebot3_node_lib.dir/src/sensors/sensor_state.cpp.o[0m
[1.476s] [ 64%] [32mBuilding CXX object CMakeFiles/turtlebot3_node_lib.dir/src/sensors/joint_state.cpp.o[0m
[1.477s] [ 71%] [32mBuilding CXX object CMakeFiles/turtlebot3_node_lib.dir/src/devices/sound.cpp.o[0m
[1.478s] [ 78%] [32mBuilding CXX object CMakeFiles/turtlebot3_node_lib.dir/src/odometry.cpp.o[0m
[21.805s] [ 85%] [32m[1mLinking CXX static library libturtlebot3_node_lib.a[0m
[22.170s] [ 85%] Built target turtlebot3_node_lib
[22.195s] [ 92%] [32mBuilding CXX object CMakeFiles/turtlebot3_ros.dir/src/node_main.cpp.o[0m
[24.231s] [100%] [32m[1mLinking CXX executable turtlebot3_ros[0m
[25.423s] [100%] Built target turtlebot3_ros
[25.433s] Invoked command in '/home/ming/turtle_ws/build/turtlebot3_node' returned '0': CMAKE_PREFIX_PATH=/opt/ros/humble:${CMAKE_PREFIX_PATH} PYTHONPATH=/home/ming/turtle_ws/install/lib/python3.10/site-packages:/home/ming/turtle_ws/build/turtlebot3_teleop:/home/ming/turtle_ws/build/turtlebot3_example:/home/ming/turtle_ws/install/local/lib/python3.10/dist-packages:/opt/ros/humble/lib/python3.10/site-packages:/opt/ros/humble/local/lib/python3.10/dist-packages /usr/bin/cmake --build /home/ming/turtle_ws/build/turtlebot3_node -- -j16 -l16
[25.435s] Invoking command in '/home/ming/turtle_ws/build/turtlebot3_node': CMAKE_PREFIX_PATH=/opt/ros/humble:${CMAKE_PREFIX_PATH} PYTHONPATH=/home/ming/turtle_ws/install/lib/python3.10/site-packages:/home/ming/turtle_ws/build/turtlebot3_teleop:/home/ming/turtle_ws/build/turtlebot3_example:/home/ming/turtle_ws/install/local/lib/python3.10/dist-packages:/opt/ros/humble/lib/python3.10/site-packages:/opt/ros/humble/local/lib/python3.10/dist-packages /usr/bin/cmake --install /home/ming/turtle_ws/build/turtlebot3_node
[25.446s] -- Install configuration: ""
[25.447s] -- Execute custom install script
[25.447s] -- Symlinking: /home/ming/turtle_ws/install/share/turtlebot3_node/param/burger.yaml
[25.457s] -- Symlinking: /home/ming/turtle_ws/install/share/turtlebot3_node/param/waffle.yaml
[25.468s] -- Symlinking: /home/ming/turtle_ws/install/share/turtlebot3_node/param/waffle_pi.yaml
[25.479s] -- Symlinking: /home/ming/turtle_ws/install/lib/turtlebot3_node/turtlebot3_ros
[25.489s] -- Symlinking: /home/ming/turtle_ws/install/share/ament_index/resource_index/package_run_dependencies/turtlebot3_node
[25.498s] -- Symlinking: /home/ming/turtle_ws/install/share/ament_index/resource_index/parent_prefix_path/turtlebot3_node
[25.507s] -- Symlinking: /home/ming/turtle_ws/install/share/turtlebot3_node/environment/ament_prefix_path.sh
[25.517s] -- Symlinking: /home/ming/turtle_ws/install/share/turtlebot3_node/environment/ament_prefix_path.dsv
[25.528s] -- Symlinking: /home/ming/turtle_ws/install/share/turtlebot3_node/environment/path.sh
[25.537s] -- Symlinking: /home/ming/turtle_ws/install/share/turtlebot3_node/environment/path.dsv
[25.544s] -- Symlinking: /home/ming/turtle_ws/install/share/turtlebot3_node/local_setup.bash
[25.549s] -- Symlinking: /home/ming/turtle_ws/install/share/turtlebot3_node/local_setup.sh
[25.554s] -- Symlinking: /home/ming/turtle_ws/install/share/turtlebot3_node/local_setup.zsh
[25.559s] -- Symlinking: /home/ming/turtle_ws/install/share/turtlebot3_node/local_setup.dsv
[25.564s] -- Symlinking: /home/ming/turtle_ws/install/share/turtlebot3_node/package.dsv
[25.571s] -- Symlinking: /home/ming/turtle_ws/install/share/ament_index/resource_index/packages/turtlebot3_node
[25.579s] -- Symlinking: /home/ming/turtle_ws/install/share/turtlebot3_node/cmake/ament_cmake_export_dependencies-extras.cmake
[25.588s] -- Symlinking: /home/ming/turtle_ws/install/share/turtlebot3_node/cmake/ament_cmake_export_include_directories-extras.cmake
[25.597s] -- Symlinking: /home/ming/turtle_ws/install/share/turtlebot3_node/cmake/turtlebot3_nodeConfig.cmake
[25.606s] -- Symlinking: /home/ming/turtle_ws/install/share/turtlebot3_node/cmake/turtlebot3_nodeConfig-version.cmake
[25.616s] -- Symlinking: /home/ming/turtle_ws/install/share/turtlebot3_node/package.xml
[25.629s] Invoked command in '/home/ming/turtle_ws/build/turtlebot3_node' returned '0': CMAKE_PREFIX_PATH=/opt/ros/humble:${CMAKE_PREFIX_PATH} PYTHONPATH=/home/ming/turtle_ws/install/lib/python3.10/site-packages:/home/ming/turtle_ws/build/turtlebot3_teleop:/home/ming/turtle_ws/build/turtlebot3_example:/home/ming/turtle_ws/install/local/lib/python3.10/dist-packages:/opt/ros/humble/lib/python3.10/site-packages:/opt/ros/humble/local/lib/python3.10/dist-packages /usr/bin/cmake --install /home/ming/turtle_ws/build/turtlebot3_node
