[0.025s] Invoking command in '/home/ming/turtle_ws/build/turtlebot3_node': CMAKE_PREFIX_PATH=/opt/ros/humble:${CMAKE_PREFIX_PATH} PYTHONPATH=/home/ming/turtle_ws/install/lib/python3.10/site-packages:/home/ming/turtle_ws/build/turtlebot3_teleop:/home/ming/turtle_ws/build/turtlebot3_example:/home/ming/turtle_ws/install/local/lib/python3.10/dist-packages:/opt/ros/humble/lib/python3.10/site-packages:/opt/ros/humble/local/lib/python3.10/dist-packages /usr/bin/cmake --build /home/ming/turtle_ws/build/turtlebot3_node -- -j16 -l16
[0.176s] [35m[1mConsolidate compiler generated dependencies of target turtlebot3_node_lib[0m
[0.176s] [ 85%] Built target turtlebot3_node_lib
[0.176s] [35m[1mConsolidate compiler generated dependencies of target turtlebot3_ros[0m
[0.176s] [100%] Built target turtlebot3_ros
[0.179s] Invoked command in '/home/ming/turtle_ws/build/turtlebot3_node' returned '0': CMAKE_PREFIX_PATH=/opt/ros/humble:${CMAKE_PREFIX_PATH} PYTHONPATH=/home/ming/turtle_ws/install/lib/python3.10/site-packages:/home/ming/turtle_ws/build/turtlebot3_teleop:/home/ming/turtle_ws/build/turtlebot3_example:/home/ming/turtle_ws/install/local/lib/python3.10/dist-packages:/opt/ros/humble/lib/python3.10/site-packages:/opt/ros/humble/local/lib/python3.10/dist-packages /usr/bin/cmake --build /home/ming/turtle_ws/build/turtlebot3_node -- -j16 -l16
[0.179s] Invoking command in '/home/ming/turtle_ws/build/turtlebot3_node': CMAKE_PREFIX_PATH=/opt/ros/humble:${CMAKE_PREFIX_PATH} PYTHONPATH=/home/ming/turtle_ws/install/lib/python3.10/site-packages:/home/ming/turtle_ws/build/turtlebot3_teleop:/home/ming/turtle_ws/build/turtlebot3_example:/home/ming/turtle_ws/install/local/lib/python3.10/dist-packages:/opt/ros/humble/lib/python3.10/site-packages:/opt/ros/humble/local/lib/python3.10/dist-packages /usr/bin/cmake --install /home/ming/turtle_ws/build/turtlebot3_node
[0.183s] -- Install configuration: ""
[0.184s] -- Execute custom install script
[0.184s] -- Up-to-date symlink: /home/ming/turtle_ws/install/share/turtlebot3_node/param/burger.yaml
[0.184s] -- Up-to-date symlink: /home/ming/turtle_ws/install/share/turtlebot3_node/param/waffle.yaml
[0.184s] -- Up-to-date symlink: /home/ming/turtle_ws/install/share/turtlebot3_node/param/waffle_pi.yaml
[0.185s] -- Up-to-date symlink: /home/ming/turtle_ws/install/lib/turtlebot3_node/turtlebot3_ros
[0.185s] -- Up-to-date symlink: /home/ming/turtle_ws/install/share/ament_index/resource_index/package_run_dependencies/turtlebot3_node
[0.185s] -- Up-to-date symlink: /home/ming/turtle_ws/install/share/ament_index/resource_index/parent_prefix_path/turtlebot3_node
[0.185s] -- Up-to-date symlink: /home/ming/turtle_ws/install/share/turtlebot3_node/environment/ament_prefix_path.sh
[0.185s] -- Up-to-date symlink: /home/ming/turtle_ws/install/share/turtlebot3_node/environment/ament_prefix_path.dsv
[0.185s] -- Up-to-date symlink: /home/ming/turtle_ws/install/share/turtlebot3_node/environment/path.sh
[0.185s] -- Up-to-date symlink: /home/ming/turtle_ws/install/share/turtlebot3_node/environment/path.dsv
[0.185s] -- Up-to-date symlink: /home/ming/turtle_ws/install/share/turtlebot3_node/local_setup.bash
[0.185s] -- Up-to-date symlink: /home/ming/turtle_ws/install/share/turtlebot3_node/local_setup.sh
[0.185s] -- Up-to-date symlink: /home/ming/turtle_ws/install/share/turtlebot3_node/local_setup.zsh
[0.185s] -- Up-to-date symlink: /home/ming/turtle_ws/install/share/turtlebot3_node/local_setup.dsv
[0.185s] -- Symlinking: /home/ming/turtle_ws/install/share/turtlebot3_node/package.dsv
[0.191s] -- Up-to-date symlink: /home/ming/turtle_ws/install/share/ament_index/resource_index/packages/turtlebot3_node
[0.191s] -- Up-to-date symlink: /home/ming/turtle_ws/install/share/turtlebot3_node/cmake/ament_cmake_export_dependencies-extras.cmake
[0.191s] -- Up-to-date symlink: /home/ming/turtle_ws/install/share/turtlebot3_node/cmake/ament_cmake_export_include_directories-extras.cmake
[0.191s] -- Up-to-date symlink: /home/ming/turtle_ws/install/share/turtlebot3_node/cmake/turtlebot3_nodeConfig.cmake
[0.191s] -- Up-to-date symlink: /home/ming/turtle_ws/install/share/turtlebot3_node/cmake/turtlebot3_nodeConfig-version.cmake
[0.192s] -- Up-to-date symlink: /home/ming/turtle_ws/install/share/turtlebot3_node/package.xml
[0.200s] Invoked command in '/home/ming/turtle_ws/build/turtlebot3_node' returned '0': CMAKE_PREFIX_PATH=/opt/ros/humble:${CMAKE_PREFIX_PATH} PYTHONPATH=/home/ming/turtle_ws/install/lib/python3.10/site-packages:/home/ming/turtle_ws/build/turtlebot3_teleop:/home/ming/turtle_ws/build/turtlebot3_example:/home/ming/turtle_ws/install/local/lib/python3.10/dist-packages:/opt/ros/humble/lib/python3.10/site-packages:/opt/ros/humble/local/lib/python3.10/dist-packages /usr/bin/cmake --install /home/ming/turtle_ws/build/turtlebot3_node
