[0.020s] Invoking command in '/home/ming/turtle_ws/build/turtlebot3_msgs': CMAKE_PREFIX_PATH=/opt/ros/humble:${CMAKE_PREFIX_PATH} /usr/bin/cmake --build /home/ming/turtle_ws/build/turtlebot3_msgs -- -j16 -l16
[0.211s] [35m[1mConsolidate compiler generated dependencies of target turtlebot3_msgs__rosidl_generator_c[0m
[0.211s] [  1%] Built target turtlebot3_msgs__cpp
[0.211s] [35m[1mConsolidate compiler generated dependencies of target turtlebot3_msgs__rosidl_typesupport_cpp[0m
[0.211s] [ 12%] Built target turtlebot3_msgs__rosidl_generator_c
[0.212s] [35m[1mConsolidate compiler generated dependencies of target turtlebot3_msgs__rosidl_typesupport_fastrtps_cpp[0m
[0.212s] [ 12%] Built target ament_cmake_python_symlink_turtlebot3_msgs
[0.213s] [35m[1mConsolidate compiler generated dependencies of target turtlebot3_msgs__rosidl_typesupport_introspection_cpp[0m
[0.213s] [35m[1mConsolidate compiler generated dependencies of target turtlebot3_msgs__rosidl_typesupport_c[0m
[0.213s] [35m[1mConsolidate compiler generated dependencies of target turtlebot3_msgs__rosidl_typesupport_fastrtps_c[0m
[0.213s] [35m[1mConsolidate compiler generated dependencies of target turtlebot3_msgs__rosidl_typesupport_introspection_c[0m
[0.213s] [ 24%] Built target turtlebot3_msgs__rosidl_typesupport_cpp
[0.213s] [ 35%] Built target turtlebot3_msgs__rosidl_typesupport_fastrtps_cpp
[0.213s] [ 46%] Built target turtlebot3_msgs__rosidl_typesupport_c
[0.213s] [ 58%] Built target turtlebot3_msgs__rosidl_typesupport_introspection_cpp
[0.213s] [ 69%] Built target turtlebot3_msgs__rosidl_typesupport_fastrtps_c
[0.213s] [ 81%] Built target turtlebot3_msgs__rosidl_typesupport_introspection_c
[0.213s] [ 81%] Built target turtlebot3_msgs
[0.213s] [ 82%] Built target turtlebot3_msgs__py
[0.213s] [35m[1mConsolidate compiler generated dependencies of target turtlebot3_msgs__rosidl_generator_py[0m
[0.213s] [ 92%] Built target turtlebot3_msgs__rosidl_generator_py
[0.213s] [35m[1mConsolidate compiler generated dependencies of target turtlebot3_msgs__rosidl_typesupport_introspection_c__pyext[0m
[0.213s] [35m[1mConsolidate compiler generated dependencies of target turtlebot3_msgs__rosidl_typesupport_c__pyext[0m
[0.213s] [35m[1mConsolidate compiler generated dependencies of target turtlebot3_msgs__rosidl_typesupport_fastrtps_c__pyext[0m
[0.213s] [ 97%] Built target turtlebot3_msgs__rosidl_typesupport_c__pyext
[0.213s] [ 97%] Built target turtlebot3_msgs__rosidl_typesupport_introspection_c__pyext
[0.213s] [100%] Built target turtlebot3_msgs__rosidl_typesupport_fastrtps_c__pyext
[0.213s] running egg_info
[0.213s] writing turtlebot3_msgs.egg-info/PKG-INFO
[0.213s] writing dependency_links to turtlebot3_msgs.egg-info/dependency_links.txt
[0.213s] writing top-level names to turtlebot3_msgs.egg-info/top_level.txt
[0.213s] reading manifest file 'turtlebot3_msgs.egg-info/SOURCES.txt'
[0.214s] writing manifest file 'turtlebot3_msgs.egg-info/SOURCES.txt'
[0.221s] [100%] Built target ament_cmake_python_build_turtlebot3_msgs_egg
[0.252s] Invoked command in '/home/ming/turtle_ws/build/turtlebot3_msgs' returned '0': CMAKE_PREFIX_PATH=/opt/ros/humble:${CMAKE_PREFIX_PATH} /usr/bin/cmake --build /home/ming/turtle_ws/build/turtlebot3_msgs -- -j16 -l16
[0.266s] Invoking command in '/home/ming/turtle_ws/build/turtlebot3_msgs': CMAKE_PREFIX_PATH=/opt/ros/humble:${CMAKE_PREFIX_PATH} /usr/bin/cmake --install /home/ming/turtle_ws/build/turtlebot3_msgs
[0.275s] -- Install configuration: ""
[0.275s] -- Execute custom install script
[0.275s] -- Up-to-date symlink: /home/ming/turtle_ws/install/share/ament_index/resource_index/rosidl_interfaces/turtlebot3_msgs
[0.275s] -- Up-to-date symlink: /home/ming/turtle_ws/install/include/turtlebot3_msgs/turtlebot3_msgs/action/detail/patrol__functions.h
[0.275s] -- Up-to-date symlink: /home/ming/turtle_ws/install/include/turtlebot3_msgs/turtlebot3_msgs/action/detail/patrol__struct.h
[0.275s] -- Up-to-date symlink: /home/ming/turtle_ws/install/include/turtlebot3_msgs/turtlebot3_msgs/action/detail/patrol__type_support.h
[0.275s] -- Up-to-date symlink: /home/ming/turtle_ws/install/include/turtlebot3_msgs/turtlebot3_msgs/action/patrol.h
[0.275s] -- Up-to-date symlink: /home/ming/turtle_ws/install/include/turtlebot3_msgs/turtlebot3_msgs/msg/detail/sensor_state__functions.h
[0.276s] -- Up-to-date symlink: /home/ming/turtle_ws/install/include/turtlebot3_msgs/turtlebot3_msgs/msg/detail/sensor_state__struct.h
[0.276s] -- Up-to-date symlink: /home/ming/turtle_ws/install/include/turtlebot3_msgs/turtlebot3_msgs/msg/detail/sensor_state__type_support.h
[0.276s] -- Up-to-date symlink: /home/ming/turtle_ws/install/include/turtlebot3_msgs/turtlebot3_msgs/msg/detail/sound__functions.h
[0.276s] -- Up-to-date symlink: /home/ming/turtle_ws/install/include/turtlebot3_msgs/turtlebot3_msgs/msg/detail/sound__struct.h
[0.276s] -- Up-to-date symlink: /home/ming/turtle_ws/install/include/turtlebot3_msgs/turtlebot3_msgs/msg/detail/sound__type_support.h
[0.276s] -- Up-to-date symlink: /home/ming/turtle_ws/install/include/turtlebot3_msgs/turtlebot3_msgs/msg/detail/version_info__functions.h
[0.277s] -- Up-to-date symlink: /home/ming/turtle_ws/install/include/turtlebot3_msgs/turtlebot3_msgs/msg/detail/version_info__struct.h
[0.277s] -- Up-to-date symlink: /home/ming/turtle_ws/install/include/turtlebot3_msgs/turtlebot3_msgs/msg/detail/version_info__type_support.h
[0.277s] -- Up-to-date symlink: /home/ming/turtle_ws/install/include/turtlebot3_msgs/turtlebot3_msgs/msg/rosidl_generator_c__visibility_control.h
[0.277s] -- Up-to-date symlink: /home/ming/turtle_ws/install/include/turtlebot3_msgs/turtlebot3_msgs/msg/sensor_state.h
[0.277s] -- Up-to-date symlink: /home/ming/turtle_ws/install/include/turtlebot3_msgs/turtlebot3_msgs/msg/sound.h
[0.277s] -- Up-to-date symlink: /home/ming/turtle_ws/install/include/turtlebot3_msgs/turtlebot3_msgs/msg/version_info.h
[0.277s] -- Up-to-date symlink: /home/ming/turtle_ws/install/include/turtlebot3_msgs/turtlebot3_msgs/srv/detail/dqn__functions.h
[0.277s] -- Up-to-date symlink: /home/ming/turtle_ws/install/include/turtlebot3_msgs/turtlebot3_msgs/srv/detail/dqn__struct.h
[0.277s] -- Up-to-date symlink: /home/ming/turtle_ws/install/include/turtlebot3_msgs/turtlebot3_msgs/srv/detail/dqn__type_support.h
[0.277s] -- Up-to-date symlink: /home/ming/turtle_ws/install/include/turtlebot3_msgs/turtlebot3_msgs/srv/detail/goal__functions.h
[0.278s] -- Up-to-date symlink: /home/ming/turtle_ws/install/include/turtlebot3_msgs/turtlebot3_msgs/srv/detail/goal__struct.h
[0.278s] -- Up-to-date symlink: /home/ming/turtle_ws/install/include/turtlebot3_msgs/turtlebot3_msgs/srv/detail/goal__type_support.h
[0.278s] -- Up-to-date symlink: /home/ming/turtle_ws/install/include/turtlebot3_msgs/turtlebot3_msgs/srv/detail/sound__functions.h
[0.278s] -- Up-to-date symlink: /home/ming/turtle_ws/install/include/turtlebot3_msgs/turtlebot3_msgs/srv/detail/sound__struct.h
[0.278s] -- Up-to-date symlink: /home/ming/turtle_ws/install/include/turtlebot3_msgs/turtlebot3_msgs/srv/detail/sound__type_support.h
[0.278s] -- Up-to-date symlink: /home/ming/turtle_ws/install/include/turtlebot3_msgs/turtlebot3_msgs/srv/dqn.h
[0.278s] -- Up-to-date symlink: /home/ming/turtle_ws/install/include/turtlebot3_msgs/turtlebot3_msgs/srv/goal.h
[0.278s] -- Up-to-date symlink: /home/ming/turtle_ws/install/include/turtlebot3_msgs/turtlebot3_msgs/srv/sound.h
[0.278s] -- Up-to-date symlink: /home/ming/turtle_ws/install/share/turtlebot3_msgs/environment/library_path.sh
[0.278s] -- Up-to-date symlink: /home/ming/turtle_ws/install/share/turtlebot3_msgs/environment/library_path.dsv
[0.278s] -- Up-to-date symlink: /home/ming/turtle_ws/install/include/turtlebot3_msgs/turtlebot3_msgs/action/detail/patrol__rosidl_typesupport_fastrtps_c.h
[0.278s] -- Up-to-date symlink: /home/ming/turtle_ws/install/include/turtlebot3_msgs/turtlebot3_msgs/msg/detail/sensor_state__rosidl_typesupport_fastrtps_c.h
[0.278s] -- Up-to-date symlink: /home/ming/turtle_ws/install/include/turtlebot3_msgs/turtlebot3_msgs/msg/detail/sound__rosidl_typesupport_fastrtps_c.h
[0.278s] -- Up-to-date symlink: /home/ming/turtle_ws/install/include/turtlebot3_msgs/turtlebot3_msgs/msg/detail/version_info__rosidl_typesupport_fastrtps_c.h
[0.278s] -- Up-to-date symlink: /home/ming/turtle_ws/install/include/turtlebot3_msgs/turtlebot3_msgs/msg/rosidl_typesupport_fastrtps_c__visibility_control.h
[0.279s] -- Up-to-date symlink: /home/ming/turtle_ws/install/include/turtlebot3_msgs/turtlebot3_msgs/srv/detail/dqn__rosidl_typesupport_fastrtps_c.h
[0.279s] -- Up-to-date symlink: /home/ming/turtle_ws/install/include/turtlebot3_msgs/turtlebot3_msgs/srv/detail/goal__rosidl_typesupport_fastrtps_c.h
[0.279s] -- Up-to-date symlink: /home/ming/turtle_ws/install/include/turtlebot3_msgs/turtlebot3_msgs/srv/detail/sound__rosidl_typesupport_fastrtps_c.h
[0.279s] -- Up-to-date symlink: /home/ming/turtle_ws/install/include/turtlebot3_msgs/turtlebot3_msgs/action/detail/patrol__builder.hpp
[0.279s] -- Up-to-date symlink: /home/ming/turtle_ws/install/include/turtlebot3_msgs/turtlebot3_msgs/action/detail/patrol__struct.hpp
[0.279s] -- Up-to-date symlink: /home/ming/turtle_ws/install/include/turtlebot3_msgs/turtlebot3_msgs/action/detail/patrol__traits.hpp
[0.279s] -- Up-to-date symlink: /home/ming/turtle_ws/install/include/turtlebot3_msgs/turtlebot3_msgs/action/detail/patrol__type_support.hpp
[0.279s] -- Up-to-date symlink: /home/ming/turtle_ws/install/include/turtlebot3_msgs/turtlebot3_msgs/action/patrol.hpp
[0.279s] -- Up-to-date symlink: /home/ming/turtle_ws/install/include/turtlebot3_msgs/turtlebot3_msgs/msg/detail/sensor_state__builder.hpp
[0.280s] -- Up-to-date symlink: /home/ming/turtle_ws/install/include/turtlebot3_msgs/turtlebot3_msgs/msg/detail/sensor_state__struct.hpp
[0.280s] -- Up-to-date symlink: /home/ming/turtle_ws/install/include/turtlebot3_msgs/turtlebot3_msgs/msg/detail/sensor_state__traits.hpp
[0.280s] -- Up-to-date symlink: /home/ming/turtle_ws/install/include/turtlebot3_msgs/turtlebot3_msgs/msg/detail/sensor_state__type_support.hpp
[0.280s] -- Up-to-date symlink: /home/ming/turtle_ws/install/include/turtlebot3_msgs/turtlebot3_msgs/msg/detail/sound__builder.hpp
[0.280s] -- Up-to-date symlink: /home/ming/turtle_ws/install/include/turtlebot3_msgs/turtlebot3_msgs/msg/detail/sound__struct.hpp
[0.280s] -- Up-to-date symlink: /home/ming/turtle_ws/install/include/turtlebot3_msgs/turtlebot3_msgs/msg/detail/sound__traits.hpp
[0.280s] -- Up-to-date symlink: /home/ming/turtle_ws/install/include/turtlebot3_msgs/turtlebot3_msgs/msg/detail/sound__type_support.hpp
[0.280s] -- Up-to-date symlink: /home/ming/turtle_ws/install/include/turtlebot3_msgs/turtlebot3_msgs/msg/detail/version_info__builder.hpp
[0.280s] -- Up-to-date symlink: /home/ming/turtle_ws/install/include/turtlebot3_msgs/turtlebot3_msgs/msg/detail/version_info__struct.hpp
[0.280s] -- Up-to-date symlink: /home/ming/turtle_ws/install/include/turtlebot3_msgs/turtlebot3_msgs/msg/detail/version_info__traits.hpp
[0.280s] -- Up-to-date symlink: /home/ming/turtle_ws/install/include/turtlebot3_msgs/turtlebot3_msgs/msg/detail/version_info__type_support.hpp
[0.280s] -- Up-to-date symlink: /home/ming/turtle_ws/install/include/turtlebot3_msgs/turtlebot3_msgs/msg/rosidl_generator_cpp__visibility_control.hpp
[0.280s] -- Up-to-date symlink: /home/ming/turtle_ws/install/include/turtlebot3_msgs/turtlebot3_msgs/msg/sensor_state.hpp
[0.280s] -- Up-to-date symlink: /home/ming/turtle_ws/install/include/turtlebot3_msgs/turtlebot3_msgs/msg/sound.hpp
[0.280s] -- Up-to-date symlink: /home/ming/turtle_ws/install/include/turtlebot3_msgs/turtlebot3_msgs/msg/version_info.hpp
[0.280s] -- Up-to-date symlink: /home/ming/turtle_ws/install/include/turtlebot3_msgs/turtlebot3_msgs/srv/detail/dqn__builder.hpp
[0.280s] -- Up-to-date symlink: /home/ming/turtle_ws/install/include/turtlebot3_msgs/turtlebot3_msgs/srv/detail/dqn__struct.hpp
[0.280s] -- Up-to-date symlink: /home/ming/turtle_ws/install/include/turtlebot3_msgs/turtlebot3_msgs/srv/detail/dqn__traits.hpp
[0.280s] -- Up-to-date symlink: /home/ming/turtle_ws/install/include/turtlebot3_msgs/turtlebot3_msgs/srv/detail/dqn__type_support.hpp
[0.280s] -- Up-to-date symlink: /home/ming/turtle_ws/install/include/turtlebot3_msgs/turtlebot3_msgs/srv/detail/goal__builder.hpp
[0.280s] -- Up-to-date symlink: /home/ming/turtle_ws/install/include/turtlebot3_msgs/turtlebot3_msgs/srv/detail/goal__struct.hpp
[0.280s] -- Up-to-date symlink: /home/ming/turtle_ws/install/include/turtlebot3_msgs/turtlebot3_msgs/srv/detail/goal__traits.hpp
[0.280s] -- Up-to-date symlink: /home/ming/turtle_ws/install/include/turtlebot3_msgs/turtlebot3_msgs/srv/detail/goal__type_support.hpp
[0.280s] -- Up-to-date symlink: /home/ming/turtle_ws/install/include/turtlebot3_msgs/turtlebot3_msgs/srv/detail/sound__builder.hpp
[0.280s] -- Up-to-date symlink: /home/ming/turtle_ws/install/include/turtlebot3_msgs/turtlebot3_msgs/srv/detail/sound__struct.hpp
[0.280s] -- Up-to-date symlink: /home/ming/turtle_ws/install/include/turtlebot3_msgs/turtlebot3_msgs/srv/detail/sound__traits.hpp
[0.280s] -- Up-to-date symlink: /home/ming/turtle_ws/install/include/turtlebot3_msgs/turtlebot3_msgs/srv/detail/sound__type_support.hpp
[0.280s] -- Up-to-date symlink: /home/ming/turtle_ws/install/include/turtlebot3_msgs/turtlebot3_msgs/srv/dqn.hpp
[0.280s] -- Up-to-date symlink: /home/ming/turtle_ws/install/include/turtlebot3_msgs/turtlebot3_msgs/srv/goal.hpp
[0.280s] -- Up-to-date symlink: /home/ming/turtle_ws/install/include/turtlebot3_msgs/turtlebot3_msgs/srv/sound.hpp
[0.280s] -- Up-to-date symlink: /home/ming/turtle_ws/install/include/turtlebot3_msgs/turtlebot3_msgs/action/detail/patrol__rosidl_typesupport_fastrtps_cpp.hpp
[0.280s] -- Up-to-date symlink: /home/ming/turtle_ws/install/include/turtlebot3_msgs/turtlebot3_msgs/msg/detail/sensor_state__rosidl_typesupport_fastrtps_cpp.hpp
[0.280s] -- Up-to-date symlink: /home/ming/turtle_ws/install/include/turtlebot3_msgs/turtlebot3_msgs/msg/detail/sound__rosidl_typesupport_fastrtps_cpp.hpp
[0.280s] -- Up-to-date symlink: /home/ming/turtle_ws/install/include/turtlebot3_msgs/turtlebot3_msgs/msg/detail/version_info__rosidl_typesupport_fastrtps_cpp.hpp
[0.280s] -- Up-to-date symlink: /home/ming/turtle_ws/install/include/turtlebot3_msgs/turtlebot3_msgs/msg/rosidl_typesupport_fastrtps_cpp__visibility_control.h
[0.280s] -- Up-to-date symlink: /home/ming/turtle_ws/install/include/turtlebot3_msgs/turtlebot3_msgs/srv/detail/dqn__rosidl_typesupport_fastrtps_cpp.hpp
[0.280s] -- Up-to-date symlink: /home/ming/turtle_ws/install/include/turtlebot3_msgs/turtlebot3_msgs/srv/detail/goal__rosidl_typesupport_fastrtps_cpp.hpp
[0.280s] -- Up-to-date symlink: /home/ming/turtle_ws/install/include/turtlebot3_msgs/turtlebot3_msgs/srv/detail/sound__rosidl_typesupport_fastrtps_cpp.hpp
[0.280s] -- Up-to-date symlink: /home/ming/turtle_ws/install/include/turtlebot3_msgs/turtlebot3_msgs/action/detail/patrol__rosidl_typesupport_introspection_c.h
[0.281s] -- Up-to-date symlink: /home/ming/turtle_ws/install/include/turtlebot3_msgs/turtlebot3_msgs/msg/detail/sensor_state__rosidl_typesupport_introspection_c.h
[0.281s] -- Up-to-date symlink: /home/ming/turtle_ws/install/include/turtlebot3_msgs/turtlebot3_msgs/msg/detail/sound__rosidl_typesupport_introspection_c.h
[0.281s] -- Up-to-date symlink: /home/ming/turtle_ws/install/include/turtlebot3_msgs/turtlebot3_msgs/msg/detail/version_info__rosidl_typesupport_introspection_c.h
[0.281s] -- Up-to-date symlink: /home/ming/turtle_ws/install/include/turtlebot3_msgs/turtlebot3_msgs/msg/rosidl_typesupport_introspection_c__visibility_control.h
[0.281s] -- Up-to-date symlink: /home/ming/turtle_ws/install/include/turtlebot3_msgs/turtlebot3_msgs/srv/detail/dqn__rosidl_typesupport_introspection_c.h
[0.281s] -- Up-to-date symlink: /home/ming/turtle_ws/install/include/turtlebot3_msgs/turtlebot3_msgs/srv/detail/goal__rosidl_typesupport_introspection_c.h
[0.281s] -- Up-to-date symlink: /home/ming/turtle_ws/install/include/turtlebot3_msgs/turtlebot3_msgs/srv/detail/sound__rosidl_typesupport_introspection_c.h
[0.281s] -- Up-to-date symlink: /home/ming/turtle_ws/install/include/turtlebot3_msgs/turtlebot3_msgs/action/detail/patrol__rosidl_typesupport_introspection_cpp.hpp
[0.281s] -- Up-to-date symlink: /home/ming/turtle_ws/install/include/turtlebot3_msgs/turtlebot3_msgs/msg/detail/sensor_state__rosidl_typesupport_introspection_cpp.hpp
[0.281s] -- Up-to-date symlink: /home/ming/turtle_ws/install/include/turtlebot3_msgs/turtlebot3_msgs/msg/detail/sound__rosidl_typesupport_introspection_cpp.hpp
[0.281s] -- Up-to-date symlink: /home/ming/turtle_ws/install/include/turtlebot3_msgs/turtlebot3_msgs/msg/detail/version_info__rosidl_typesupport_introspection_cpp.hpp
[0.281s] -- Up-to-date symlink: /home/ming/turtle_ws/install/include/turtlebot3_msgs/turtlebot3_msgs/srv/detail/dqn__rosidl_typesupport_introspection_cpp.hpp
[0.281s] -- Up-to-date symlink: /home/ming/turtle_ws/install/include/turtlebot3_msgs/turtlebot3_msgs/srv/detail/goal__rosidl_typesupport_introspection_cpp.hpp
[0.281s] -- Up-to-date symlink: /home/ming/turtle_ws/install/include/turtlebot3_msgs/turtlebot3_msgs/srv/detail/sound__rosidl_typesupport_introspection_cpp.hpp
[0.281s] -- Up-to-date symlink: /home/ming/turtle_ws/install/share/turtlebot3_msgs/environment/pythonpath.sh
[0.281s] -- Up-to-date symlink: /home/ming/turtle_ws/install/share/turtlebot3_msgs/environment/pythonpath.dsv
[0.281s] -- Up-to-date symlink: /home/ming/turtle_ws/install/local/lib/python3.10/dist-packages/turtlebot3_msgs-2.4.0-py3.10.egg-info/PKG-INFO
[0.281s] -- Up-to-date symlink: /home/ming/turtle_ws/install/local/lib/python3.10/dist-packages/turtlebot3_msgs-2.4.0-py3.10.egg-info/SOURCES.txt
[0.281s] -- Up-to-date symlink: /home/ming/turtle_ws/install/local/lib/python3.10/dist-packages/turtlebot3_msgs-2.4.0-py3.10.egg-info/dependency_links.txt
[0.281s] -- Up-to-date symlink: /home/ming/turtle_ws/install/local/lib/python3.10/dist-packages/turtlebot3_msgs-2.4.0-py3.10.egg-info/top_level.txt
[0.281s] -- Up-to-date symlink: /home/ming/turtle_ws/install/local/lib/python3.10/dist-packages/turtlebot3_msgs/__init__.py
[0.281s] -- Up-to-date symlink: /home/ming/turtle_ws/install/local/lib/python3.10/dist-packages/turtlebot3_msgs/_turtlebot3_msgs_s.ep.rosidl_typesupport_c.c
[0.281s] -- Up-to-date symlink: /home/ming/turtle_ws/install/local/lib/python3.10/dist-packages/turtlebot3_msgs/_turtlebot3_msgs_s.ep.rosidl_typesupport_fastrtps_c.c
[0.281s] -- Up-to-date symlink: /home/ming/turtle_ws/install/local/lib/python3.10/dist-packages/turtlebot3_msgs/_turtlebot3_msgs_s.ep.rosidl_typesupport_introspection_c.c
[0.281s] -- Up-to-date symlink: /home/ming/turtle_ws/install/local/lib/python3.10/dist-packages/turtlebot3_msgs/action/__init__.py
[0.281s] -- Up-to-date symlink: /home/ming/turtle_ws/install/local/lib/python3.10/dist-packages/turtlebot3_msgs/action/_patrol.py
[0.281s] -- Up-to-date symlink: /home/ming/turtle_ws/install/local/lib/python3.10/dist-packages/turtlebot3_msgs/action/_patrol_s.c
[0.282s] -- Up-to-date symlink: /home/ming/turtle_ws/install/local/lib/python3.10/dist-packages/turtlebot3_msgs/libturtlebot3_msgs__rosidl_generator_py.so
[0.282s] -- Up-to-date symlink: /home/ming/turtle_ws/install/local/lib/python3.10/dist-packages/turtlebot3_msgs/msg/__init__.py
[0.282s] -- Up-to-date symlink: /home/ming/turtle_ws/install/local/lib/python3.10/dist-packages/turtlebot3_msgs/msg/_sensor_state.py
[0.282s] -- Up-to-date symlink: /home/ming/turtle_ws/install/local/lib/python3.10/dist-packages/turtlebot3_msgs/msg/_sensor_state_s.c
[0.282s] -- Up-to-date symlink: /home/ming/turtle_ws/install/local/lib/python3.10/dist-packages/turtlebot3_msgs/msg/_sound.py
[0.282s] -- Up-to-date symlink: /home/ming/turtle_ws/install/local/lib/python3.10/dist-packages/turtlebot3_msgs/msg/_sound_s.c
[0.282s] -- Up-to-date symlink: /home/ming/turtle_ws/install/local/lib/python3.10/dist-packages/turtlebot3_msgs/msg/_version_info.py
[0.282s] -- Up-to-date symlink: /home/ming/turtle_ws/install/local/lib/python3.10/dist-packages/turtlebot3_msgs/msg/_version_info_s.c
[0.282s] -- Up-to-date symlink: /home/ming/turtle_ws/install/local/lib/python3.10/dist-packages/turtlebot3_msgs/srv/__init__.py
[0.282s] -- Up-to-date symlink: /home/ming/turtle_ws/install/local/lib/python3.10/dist-packages/turtlebot3_msgs/srv/_dqn.py
[0.282s] -- Up-to-date symlink: /home/ming/turtle_ws/install/local/lib/python3.10/dist-packages/turtlebot3_msgs/srv/_dqn_s.c
[0.282s] -- Up-to-date symlink: /home/ming/turtle_ws/install/local/lib/python3.10/dist-packages/turtlebot3_msgs/srv/_goal.py
[0.282s] -- Up-to-date symlink: /home/ming/turtle_ws/install/local/lib/python3.10/dist-packages/turtlebot3_msgs/srv/_goal_s.c
[0.282s] -- Up-to-date symlink: /home/ming/turtle_ws/install/local/lib/python3.10/dist-packages/turtlebot3_msgs/srv/_sound.py
[0.282s] -- Up-to-date symlink: /home/ming/turtle_ws/install/local/lib/python3.10/dist-packages/turtlebot3_msgs/srv/_sound_s.c
[0.282s] -- Up-to-date symlink: /home/ming/turtle_ws/install/local/lib/python3.10/dist-packages/turtlebot3_msgs/turtlebot3_msgs_s__rosidl_typesupport_c.cpython-310-x86_64-linux-gnu.so
[0.282s] -- Up-to-date symlink: /home/ming/turtle_ws/install/local/lib/python3.10/dist-packages/turtlebot3_msgs/turtlebot3_msgs_s__rosidl_typesupport_fastrtps_c.cpython-310-x86_64-linux-gnu.so
[0.283s] -- Up-to-date symlink: /home/ming/turtle_ws/install/local/lib/python3.10/dist-packages/turtlebot3_msgs/turtlebot3_msgs_s__rosidl_typesupport_introspection_c.cpython-310-x86_64-linux-gnu.so
[0.283s] -- Up-to-date symlink: /home/ming/turtle_ws/install/local/lib/python3.10/dist-packages/turtlebot3_msgs/turtlebot3_msgs_s__rosidl_typesupport_fastrtps_c.cpython-310-x86_64-linux-gnu.so
[0.283s] -- Up-to-date symlink: /home/ming/turtle_ws/install/local/lib/python3.10/dist-packages/turtlebot3_msgs/turtlebot3_msgs_s__rosidl_typesupport_introspection_c.cpython-310-x86_64-linux-gnu.so
[0.283s] -- Up-to-date symlink: /home/ming/turtle_ws/install/local/lib/python3.10/dist-packages/turtlebot3_msgs/turtlebot3_msgs_s__rosidl_typesupport_c.cpython-310-x86_64-linux-gnu.so
[0.283s] -- Up-to-date symlink: /home/ming/turtle_ws/install/share/turtlebot3_msgs/msg/SensorState.idl
[0.283s] -- Up-to-date symlink: /home/ming/turtle_ws/install/share/turtlebot3_msgs/msg/Sound.idl
[0.283s] -- Up-to-date symlink: /home/ming/turtle_ws/install/share/turtlebot3_msgs/msg/VersionInfo.idl
[0.283s] -- Up-to-date symlink: /home/ming/turtle_ws/install/share/turtlebot3_msgs/srv/Sound.idl
[0.283s] -- Up-to-date symlink: /home/ming/turtle_ws/install/share/turtlebot3_msgs/srv/Dqn.idl
[0.283s] -- Up-to-date symlink: /home/ming/turtle_ws/install/share/turtlebot3_msgs/srv/Goal.idl
[0.283s] -- Up-to-date symlink: /home/ming/turtle_ws/install/share/turtlebot3_msgs/action/Patrol.idl
[0.283s] -- Up-to-date symlink: /home/ming/turtle_ws/install/share/turtlebot3_msgs/msg/SensorState.msg
[0.283s] -- Up-to-date symlink: /home/ming/turtle_ws/install/share/turtlebot3_msgs/msg/Sound.msg
[0.283s] -- Up-to-date symlink: /home/ming/turtle_ws/install/share/turtlebot3_msgs/msg/VersionInfo.msg
[0.283s] -- Up-to-date symlink: /home/ming/turtle_ws/install/share/turtlebot3_msgs/srv/Sound.srv
[0.283s] -- Up-to-date symlink: /home/ming/turtle_ws/install/share/turtlebot3_msgs/srv/Sound_Request.msg
[0.284s] -- Up-to-date symlink: /home/ming/turtle_ws/install/share/turtlebot3_msgs/srv/Sound_Response.msg
[0.284s] -- Up-to-date symlink: /home/ming/turtle_ws/install/share/turtlebot3_msgs/srv/Dqn.srv
[0.284s] -- Up-to-date symlink: /home/ming/turtle_ws/install/share/turtlebot3_msgs/srv/Dqn_Request.msg
[0.284s] -- Up-to-date symlink: /home/ming/turtle_ws/install/share/turtlebot3_msgs/srv/Dqn_Response.msg
[0.284s] -- Up-to-date symlink: /home/ming/turtle_ws/install/share/turtlebot3_msgs/srv/Goal.srv
[0.284s] -- Up-to-date symlink: /home/ming/turtle_ws/install/share/turtlebot3_msgs/srv/Goal_Request.msg
[0.284s] -- Up-to-date symlink: /home/ming/turtle_ws/install/share/turtlebot3_msgs/srv/Goal_Response.msg
[0.284s] -- Up-to-date symlink: /home/ming/turtle_ws/install/share/turtlebot3_msgs/action/Patrol.action
[0.284s] -- Up-to-date symlink: /home/ming/turtle_ws/install/share/ament_index/resource_index/package_run_dependencies/turtlebot3_msgs
[0.284s] -- Up-to-date symlink: /home/ming/turtle_ws/install/share/ament_index/resource_index/parent_prefix_path/turtlebot3_msgs
[0.284s] -- Up-to-date symlink: /home/ming/turtle_ws/install/share/turtlebot3_msgs/environment/ament_prefix_path.sh
[0.284s] -- Up-to-date symlink: /home/ming/turtle_ws/install/share/turtlebot3_msgs/environment/ament_prefix_path.dsv
[0.284s] -- Up-to-date symlink: /home/ming/turtle_ws/install/share/turtlebot3_msgs/environment/path.sh
[0.284s] -- Up-to-date symlink: /home/ming/turtle_ws/install/share/turtlebot3_msgs/environment/path.dsv
[0.284s] -- Up-to-date symlink: /home/ming/turtle_ws/install/share/turtlebot3_msgs/local_setup.bash
[0.284s] -- Up-to-date symlink: /home/ming/turtle_ws/install/share/turtlebot3_msgs/local_setup.sh
[0.284s] -- Up-to-date symlink: /home/ming/turtle_ws/install/share/turtlebot3_msgs/local_setup.zsh
[0.284s] -- Up-to-date symlink: /home/ming/turtle_ws/install/share/turtlebot3_msgs/local_setup.dsv
[0.284s] -- Symlinking: /home/ming/turtle_ws/install/share/turtlebot3_msgs/package.dsv
[0.284s] -- Up-to-date symlink: /home/ming/turtle_ws/install/share/ament_index/resource_index/packages/turtlebot3_msgs
[0.284s] -- Up-to-date symlink: /home/ming/turtle_ws/install/share/turtlebot3_msgs/cmake/rosidl_cmake-extras.cmake
[0.284s] -- Up-to-date symlink: /home/ming/turtle_ws/install/share/turtlebot3_msgs/cmake/ament_cmake_export_dependencies-extras.cmake
[0.284s] -- Up-to-date symlink: /home/ming/turtle_ws/install/share/turtlebot3_msgs/cmake/ament_cmake_export_include_directories-extras.cmake
[0.284s] -- Up-to-date symlink: /home/ming/turtle_ws/install/share/turtlebot3_msgs/cmake/ament_cmake_export_libraries-extras.cmake
[0.284s] -- Up-to-date symlink: /home/ming/turtle_ws/install/share/turtlebot3_msgs/cmake/ament_cmake_export_targets-extras.cmake
[0.284s] -- Up-to-date symlink: /home/ming/turtle_ws/install/share/turtlebot3_msgs/cmake/rosidl_cmake_export_typesupport_targets-extras.cmake
[0.284s] -- Up-to-date symlink: /home/ming/turtle_ws/install/share/turtlebot3_msgs/cmake/rosidl_cmake_export_typesupport_libraries-extras.cmake
[0.284s] -- Up-to-date symlink: /home/ming/turtle_ws/install/share/turtlebot3_msgs/cmake/turtlebot3_msgsConfig.cmake
[0.284s] -- Up-to-date symlink: /home/ming/turtle_ws/install/share/turtlebot3_msgs/cmake/turtlebot3_msgsConfig-version.cmake
[0.284s] -- Up-to-date symlink: /home/ming/turtle_ws/install/share/turtlebot3_msgs/package.xml
[0.284s] -- Up-to-date: /home/ming/turtle_ws/install/lib/libturtlebot3_msgs__rosidl_generator_c.so
[0.284s] -- Up-to-date: /home/ming/turtle_ws/install/lib/libturtlebot3_msgs__rosidl_typesupport_fastrtps_c.so
[0.285s] -- Up-to-date: /home/ming/turtle_ws/install/lib/libturtlebot3_msgs__rosidl_typesupport_fastrtps_cpp.so
[0.285s] -- Up-to-date: /home/ming/turtle_ws/install/lib/libturtlebot3_msgs__rosidl_typesupport_introspection_c.so
[0.285s] -- Up-to-date: /home/ming/turtle_ws/install/lib/libturtlebot3_msgs__rosidl_typesupport_c.so
[0.285s] -- Up-to-date: /home/ming/turtle_ws/install/lib/libturtlebot3_msgs__rosidl_typesupport_introspection_cpp.so
[0.285s] -- Up-to-date: /home/ming/turtle_ws/install/lib/libturtlebot3_msgs__rosidl_typesupport_cpp.so
[0.294s] Listing '/home/ming/turtle_ws/install/local/lib/python3.10/dist-packages/turtlebot3_msgs'...
[0.294s] Listing '/home/ming/turtle_ws/install/local/lib/python3.10/dist-packages/turtlebot3_msgs/action'...
[0.294s] Listing '/home/ming/turtle_ws/install/local/lib/python3.10/dist-packages/turtlebot3_msgs/msg'...
[0.294s] Listing '/home/ming/turtle_ws/install/local/lib/python3.10/dist-packages/turtlebot3_msgs/srv'...
[0.297s] -- Up-to-date: /home/ming/turtle_ws/install/lib/libturtlebot3_msgs__rosidl_generator_py.so
[0.297s] -- Up-to-date: /home/ming/turtle_ws/install/share/turtlebot3_msgs/cmake/export_turtlebot3_msgs__rosidl_generator_cExport.cmake
[0.297s] -- Up-to-date: /home/ming/turtle_ws/install/share/turtlebot3_msgs/cmake/export_turtlebot3_msgs__rosidl_generator_cExport-noconfig.cmake
[0.297s] -- Up-to-date: /home/ming/turtle_ws/install/share/turtlebot3_msgs/cmake/export_turtlebot3_msgs__rosidl_typesupport_fastrtps_cExport.cmake
[0.297s] -- Up-to-date: /home/ming/turtle_ws/install/share/turtlebot3_msgs/cmake/export_turtlebot3_msgs__rosidl_typesupport_fastrtps_cExport-noconfig.cmake
[0.297s] -- Up-to-date: /home/ming/turtle_ws/install/share/turtlebot3_msgs/cmake/export_turtlebot3_msgs__rosidl_generator_cppExport.cmake
[0.297s] -- Up-to-date: /home/ming/turtle_ws/install/share/turtlebot3_msgs/cmake/export_turtlebot3_msgs__rosidl_typesupport_fastrtps_cppExport.cmake
[0.297s] -- Up-to-date: /home/ming/turtle_ws/install/share/turtlebot3_msgs/cmake/export_turtlebot3_msgs__rosidl_typesupport_fastrtps_cppExport-noconfig.cmake
[0.297s] -- Up-to-date: /home/ming/turtle_ws/install/share/turtlebot3_msgs/cmake/turtlebot3_msgs__rosidl_typesupport_introspection_cExport.cmake
[0.297s] -- Up-to-date: /home/ming/turtle_ws/install/share/turtlebot3_msgs/cmake/turtlebot3_msgs__rosidl_typesupport_introspection_cExport-noconfig.cmake
[0.297s] -- Up-to-date: /home/ming/turtle_ws/install/share/turtlebot3_msgs/cmake/turtlebot3_msgs__rosidl_typesupport_cExport.cmake
[0.297s] -- Up-to-date: /home/ming/turtle_ws/install/share/turtlebot3_msgs/cmake/turtlebot3_msgs__rosidl_typesupport_cExport-noconfig.cmake
[0.297s] -- Up-to-date: /home/ming/turtle_ws/install/share/turtlebot3_msgs/cmake/turtlebot3_msgs__rosidl_typesupport_introspection_cppExport.cmake
[0.297s] -- Up-to-date: /home/ming/turtle_ws/install/share/turtlebot3_msgs/cmake/turtlebot3_msgs__rosidl_typesupport_introspection_cppExport-noconfig.cmake
[0.298s] -- Up-to-date: /home/ming/turtle_ws/install/share/turtlebot3_msgs/cmake/turtlebot3_msgs__rosidl_typesupport_cppExport.cmake
[0.298s] -- Up-to-date: /home/ming/turtle_ws/install/share/turtlebot3_msgs/cmake/turtlebot3_msgs__rosidl_typesupport_cppExport-noconfig.cmake
[0.298s] -- Up-to-date: /home/ming/turtle_ws/install/share/turtlebot3_msgs/cmake/export_turtlebot3_msgs__rosidl_generator_pyExport.cmake
[0.298s] -- Up-to-date: /home/ming/turtle_ws/install/share/turtlebot3_msgs/cmake/export_turtlebot3_msgs__rosidl_generator_pyExport-noconfig.cmake
[0.344s] Invoked command in '/home/ming/turtle_ws/build/turtlebot3_msgs' returned '0': CMAKE_PREFIX_PATH=/opt/ros/humble:${CMAKE_PREFIX_PATH} /usr/bin/cmake --install /home/ming/turtle_ws/build/turtlebot3_msgs
