[0.148s] Invoking command in '/home/ming/turtle_ws/build/turtlebot3_fake_node': CMAKE_PREFIX_PATH=/opt/ros/humble:${CMAKE_PREFIX_PATH} PYTHONPATH=/home/ming/turtle_ws/install/lib/python3.10/site-packages:/home/ming/turtle_ws/build/turtlebot3_teleop:/home/ming/turtle_ws/build/turtlebot3_example:/home/ming/turtle_ws/install/local/lib/python3.10/dist-packages:/opt/ros/humble/lib/python3.10/site-packages:/opt/ros/humble/local/lib/python3.10/dist-packages /usr/bin/cmake --build /home/ming/turtle_ws/build/turtlebot3_fake_node -- -j16 -l16
[0.196s] [100%] Built target turtlebot3_fake_node
[0.203s] Invoked command in '/home/ming/turtle_ws/build/turtlebot3_fake_node' returned '0': CMAKE_PREFIX_PATH=/opt/ros/humble:${CMAKE_PREFIX_PATH} PYTHONPATH=/home/ming/turtle_ws/install/lib/python3.10/site-packages:/home/ming/turtle_ws/build/turtlebot3_teleop:/home/ming/turtle_ws/build/turtlebot3_example:/home/ming/turtle_ws/install/local/lib/python3.10/dist-packages:/opt/ros/humble/lib/python3.10/site-packages:/opt/ros/humble/local/lib/python3.10/dist-packages /usr/bin/cmake --build /home/ming/turtle_ws/build/turtlebot3_fake_node -- -j16 -l16
[0.205s] Invoking command in '/home/ming/turtle_ws/build/turtlebot3_fake_node': CMAKE_PREFIX_PATH=/opt/ros/humble:${CMAKE_PREFIX_PATH} PYTHONPATH=/home/ming/turtle_ws/install/lib/python3.10/site-packages:/home/ming/turtle_ws/build/turtlebot3_teleop:/home/ming/turtle_ws/build/turtlebot3_example:/home/ming/turtle_ws/install/local/lib/python3.10/dist-packages:/opt/ros/humble/lib/python3.10/site-packages:/opt/ros/humble/local/lib/python3.10/dist-packages /usr/bin/cmake --install /home/ming/turtle_ws/build/turtlebot3_fake_node
[0.211s] -- Install configuration: ""
[0.212s] -- Execute custom install script
[0.212s] -- Up-to-date symlink: /home/ming/turtle_ws/install/lib/turtlebot3_fake_node/turtlebot3_fake_node
[0.212s] -- Up-to-date symlink: /home/ming/turtle_ws/install/share/turtlebot3_fake_node/launch/rviz2.launch.py
[0.212s] -- Up-to-date symlink: /home/ming/turtle_ws/install/share/turtlebot3_fake_node/launch/turtlebot3_fake_node.launch.py
[0.212s] -- Up-to-date symlink: /home/ming/turtle_ws/install/share/turtlebot3_fake_node/param/burger.yaml
[0.213s] -- Up-to-date symlink: /home/ming/turtle_ws/install/share/turtlebot3_fake_node/param/waffle.yaml
[0.213s] -- Up-to-date symlink: /home/ming/turtle_ws/install/share/turtlebot3_fake_node/param/waffle_pi.yaml
[0.213s] -- Up-to-date symlink: /home/ming/turtle_ws/install/include//turtlebot3_fake_node/turtlebot3_fake_node.hpp
[0.213s] -- Up-to-date symlink: /home/ming/turtle_ws/install/share/ament_index/resource_index/package_run_dependencies/turtlebot3_fake_node
[0.213s] -- Up-to-date symlink: /home/ming/turtle_ws/install/share/ament_index/resource_index/parent_prefix_path/turtlebot3_fake_node
[0.213s] -- Up-to-date symlink: /home/ming/turtle_ws/install/share/turtlebot3_fake_node/environment/ament_prefix_path.sh
[0.214s] -- Up-to-date symlink: /home/ming/turtle_ws/install/share/turtlebot3_fake_node/environment/ament_prefix_path.dsv
[0.214s] -- Up-to-date symlink: /home/ming/turtle_ws/install/share/turtlebot3_fake_node/environment/path.sh
[0.214s] -- Up-to-date symlink: /home/ming/turtle_ws/install/share/turtlebot3_fake_node/environment/path.dsv
[0.214s] -- Up-to-date symlink: /home/ming/turtle_ws/install/share/turtlebot3_fake_node/local_setup.bash
[0.214s] -- Up-to-date symlink: /home/ming/turtle_ws/install/share/turtlebot3_fake_node/local_setup.sh
[0.214s] -- Up-to-date symlink: /home/ming/turtle_ws/install/share/turtlebot3_fake_node/local_setup.zsh
[0.214s] -- Up-to-date symlink: /home/ming/turtle_ws/install/share/turtlebot3_fake_node/local_setup.dsv
[0.214s] -- Symlinking: /home/ming/turtle_ws/install/share/turtlebot3_fake_node/package.dsv
[0.223s] -- Up-to-date symlink: /home/ming/turtle_ws/install/share/ament_index/resource_index/packages/turtlebot3_fake_node
[0.223s] -- Up-to-date symlink: /home/ming/turtle_ws/install/share/turtlebot3_fake_node/cmake/ament_cmake_export_include_directories-extras.cmake
[0.223s] -- Up-to-date symlink: /home/ming/turtle_ws/install/share/turtlebot3_fake_node/cmake/ament_cmake_export_dependencies-extras.cmake
[0.223s] -- Up-to-date symlink: /home/ming/turtle_ws/install/share/turtlebot3_fake_node/cmake/turtlebot3_fake_nodeConfig.cmake
[0.223s] -- Up-to-date symlink: /home/ming/turtle_ws/install/share/turtlebot3_fake_node/cmake/turtlebot3_fake_nodeConfig-version.cmake
[0.223s] -- Up-to-date symlink: /home/ming/turtle_ws/install/share/turtlebot3_fake_node/package.xml
[0.225s] Invoked command in '/home/ming/turtle_ws/build/turtlebot3_fake_node' returned '0': CMAKE_PREFIX_PATH=/opt/ros/humble:${CMAKE_PREFIX_PATH} PYTHONPATH=/home/ming/turtle_ws/install/lib/python3.10/site-packages:/home/ming/turtle_ws/build/turtlebot3_teleop:/home/ming/turtle_ws/build/turtlebot3_example:/home/ming/turtle_ws/install/local/lib/python3.10/dist-packages:/opt/ros/humble/lib/python3.10/site-packages:/opt/ros/humble/local/lib/python3.10/dist-packages /usr/bin/cmake --install /home/ming/turtle_ws/build/turtlebot3_fake_node
