[0.027s] Invoking command in '/home/ming/turtle_ws/build/turtlebot3_cartographer': CMAKE_PREFIX_PATH=/opt/ros/humble:${CMAKE_PREFIX_PATH} /usr/bin/cmake --build /home/ming/turtle_ws/build/turtlebot3_cartographer -- -j16 -l16
[0.230s] Invoked command in '/home/ming/turtle_ws/build/turtlebot3_cartographer' returned '0': CMAKE_PREFIX_PATH=/opt/ros/humble:${CMAKE_PREFIX_PATH} /usr/bin/cmake --build /home/ming/turtle_ws/build/turtlebot3_cartographer -- -j16 -l16
[0.232s] Invoking command in '/home/ming/turtle_ws/build/turtlebot3_cartographer': CMAKE_PREFIX_PATH=/opt/ros/humble:${CMAKE_PREFIX_PATH} /usr/bin/cmake --install /home/ming/turtle_ws/build/turtlebot3_cartographer
[0.249s] -- Install configuration: ""
[0.249s] -- Execute custom install script
[0.249s] -- Up-to-date symlink: /home/ming/turtle_ws/install/share/turtlebot3_cartographer/config/turtlebot3_lds_2d.lua
[0.249s] -- Up-to-date symlink: /home/ming/turtle_ws/install/share/turtlebot3_cartographer/launch/cartographer.launch.py
[0.250s] -- Up-to-date symlink: /home/ming/turtle_ws/install/share/turtlebot3_cartographer/launch/occupancy_grid.launch.py
[0.250s] -- Up-to-date symlink: /home/ming/turtle_ws/install/share/turtlebot3_cartographer/rviz/tb3_cartographer.rviz
[0.250s] -- Up-to-date symlink: /home/ming/turtle_ws/install/share/ament_index/resource_index/package_run_dependencies/turtlebot3_cartographer
[0.250s] -- Up-to-date symlink: /home/ming/turtle_ws/install/share/ament_index/resource_index/parent_prefix_path/turtlebot3_cartographer
[0.250s] -- Up-to-date symlink: /home/ming/turtle_ws/install/share/turtlebot3_cartographer/environment/ament_prefix_path.sh
[0.250s] -- Up-to-date symlink: /home/ming/turtle_ws/install/share/turtlebot3_cartographer/environment/ament_prefix_path.dsv
[0.250s] -- Up-to-date symlink: /home/ming/turtle_ws/install/share/turtlebot3_cartographer/environment/path.sh
[0.250s] -- Up-to-date symlink: /home/ming/turtle_ws/install/share/turtlebot3_cartographer/environment/path.dsv
[0.250s] -- Up-to-date symlink: /home/ming/turtle_ws/install/share/turtlebot3_cartographer/local_setup.bash
[0.250s] -- Up-to-date symlink: /home/ming/turtle_ws/install/share/turtlebot3_cartographer/local_setup.sh
[0.250s] -- Up-to-date symlink: /home/ming/turtle_ws/install/share/turtlebot3_cartographer/local_setup.zsh
[0.250s] -- Up-to-date symlink: /home/ming/turtle_ws/install/share/turtlebot3_cartographer/local_setup.dsv
[0.250s] -- Symlinking: /home/ming/turtle_ws/install/share/turtlebot3_cartographer/package.dsv
[0.252s] -- Up-to-date symlink: /home/ming/turtle_ws/install/share/ament_index/resource_index/packages/turtlebot3_cartographer
[0.253s] -- Up-to-date symlink: /home/ming/turtle_ws/install/share/turtlebot3_cartographer/cmake/turtlebot3_cartographerConfig.cmake
[0.253s] -- Up-to-date symlink: /home/ming/turtle_ws/install/share/turtlebot3_cartographer/cmake/turtlebot3_cartographerConfig-version.cmake
[0.253s] -- Up-to-date symlink: /home/ming/turtle_ws/install/share/turtlebot3_cartographer/package.xml
[0.304s] Invoked command in '/home/ming/turtle_ws/build/turtlebot3_cartographer' returned '0': CMAKE_PREFIX_PATH=/opt/ros/humble:${CMAKE_PREFIX_PATH} /usr/bin/cmake --install /home/ming/turtle_ws/build/turtlebot3_cartographer
