[0.016s] Invoking command in '/home/ming/turtle_ws/build/turtlebot3': CMAKE_PREFIX_PATH=/opt/ros/humble:${CMAKE_PREFIX_PATH} PYTHONPATH=/home/ming/turtle_ws/install/lib/python3.10/site-packages:/home/ming/turtle_ws/build/turtlebot3_example:/home/ming/turtle_ws/build/turtlebot3_teleop:/home/ming/turtle_ws/install/local/lib/python3.10/dist-packages:/opt/ros/humble/lib/python3.10/site-packages:/opt/ros/humble/local/lib/python3.10/dist-packages /usr/bin/cmake --build /home/ming/turtle_ws/build/turtlebot3 -- -j16 -l16
[0.065s] Invoked command in '/home/ming/turtle_ws/build/turtlebot3' returned '0': CMAKE_PREFIX_PATH=/opt/ros/humble:${CMAKE_PREFIX_PATH} PYTHONPATH=/home/ming/turtle_ws/install/lib/python3.10/site-packages:/home/ming/turtle_ws/build/turtlebot3_example:/home/ming/turtle_ws/build/turtlebot3_teleop:/home/ming/turtle_ws/install/local/lib/python3.10/dist-packages:/opt/ros/humble/lib/python3.10/site-packages:/opt/ros/humble/local/lib/python3.10/dist-packages /usr/bin/cmake --build /home/ming/turtle_ws/build/turtlebot3 -- -j16 -l16
[0.066s] Invoking command in '/home/ming/turtle_ws/build/turtlebot3': CMAKE_PREFIX_PATH=/opt/ros/humble:${CMAKE_PREFIX_PATH} PYTHONPATH=/home/ming/turtle_ws/install/lib/python3.10/site-packages:/home/ming/turtle_ws/build/turtlebot3_example:/home/ming/turtle_ws/build/turtlebot3_teleop:/home/ming/turtle_ws/install/local/lib/python3.10/dist-packages:/opt/ros/humble/lib/python3.10/site-packages:/opt/ros/humble/local/lib/python3.10/dist-packages /usr/bin/cmake --install /home/ming/turtle_ws/build/turtlebot3
[0.075s] -- Install configuration: ""
[0.075s] -- Execute custom install script
[0.075s] -- Up-to-date symlink: /home/ming/turtle_ws/install/share/ament_index/resource_index/package_run_dependencies/turtlebot3
[0.075s] -- Up-to-date symlink: /home/ming/turtle_ws/install/share/ament_index/resource_index/parent_prefix_path/turtlebot3
[0.075s] -- Up-to-date symlink: /home/ming/turtle_ws/install/share/turtlebot3/environment/ament_prefix_path.sh
[0.075s] -- Up-to-date symlink: /home/ming/turtle_ws/install/share/turtlebot3/environment/ament_prefix_path.dsv
[0.075s] -- Up-to-date symlink: /home/ming/turtle_ws/install/share/turtlebot3/environment/path.sh
[0.076s] -- Up-to-date symlink: /home/ming/turtle_ws/install/share/turtlebot3/environment/path.dsv
[0.076s] -- Up-to-date symlink: /home/ming/turtle_ws/install/share/turtlebot3/local_setup.bash
[0.076s] -- Up-to-date symlink: /home/ming/turtle_ws/install/share/turtlebot3/local_setup.sh
[0.076s] -- Up-to-date symlink: /home/ming/turtle_ws/install/share/turtlebot3/local_setup.zsh
[0.076s] -- Up-to-date symlink: /home/ming/turtle_ws/install/share/turtlebot3/local_setup.dsv
[0.076s] -- Symlinking: /home/ming/turtle_ws/install/share/turtlebot3/package.dsv
[0.082s] -- Up-to-date symlink: /home/ming/turtle_ws/install/share/ament_index/resource_index/packages/turtlebot3
[0.082s] -- Up-to-date symlink: /home/ming/turtle_ws/install/share/turtlebot3/cmake/turtlebot3Config.cmake
[0.082s] -- Up-to-date symlink: /home/ming/turtle_ws/install/share/turtlebot3/cmake/turtlebot3Config-version.cmake
[0.083s] -- Up-to-date symlink: /home/ming/turtle_ws/install/share/turtlebot3/package.xml
[0.084s] Invoked command in '/home/ming/turtle_ws/build/turtlebot3' returned '0': CMAKE_PREFIX_PATH=/opt/ros/humble:${CMAKE_PREFIX_PATH} PYTHONPATH=/home/ming/turtle_ws/install/lib/python3.10/site-packages:/home/ming/turtle_ws/build/turtlebot3_example:/home/ming/turtle_ws/build/turtlebot3_teleop:/home/ming/turtle_ws/install/local/lib/python3.10/dist-packages:/opt/ros/humble/lib/python3.10/site-packages:/opt/ros/humble/local/lib/python3.10/dist-packages /usr/bin/cmake --install /home/ming/turtle_ws/build/turtlebot3
