[0.015s] Invoking command in '/home/ming/turtle_ws/build/turtlebot3_cartographer': CMAKE_PREFIX_PATH=${CMAKE_PREFIX_PATH}:/opt/ros/humble /usr/bin/cmake /home/ming/turtle_ws/src/turtlebot3/turtlebot3_cartographer -DAMENT_CMAKE_SYMLINK_INSTALL=1 -DCMAKE_INSTALL_PREFIX=/home/ming/turtle_ws/install
[0.185s] -- The C compiler identification is GNU 11.4.0
[0.185s] -- The CXX compiler identification is GNU 11.4.0
[0.185s] -- Detecting C compiler ABI info
[0.185s] -- Detecting C compiler ABI info - done
[0.185s] -- Check for working C compiler: /usr/bin/cc - skipped
[0.185s] -- Detecting C compile features
[0.185s] -- Detecting C compile features - done
[0.185s] -- Detecting CXX compiler ABI info
[0.218s] -- Detecting CXX compiler ABI info - done
[0.227s] -- Check for working CXX compiler: /usr/bin/c++ - skipped
[0.228s] -- Detecting CXX compile features
[0.228s] -- Detecting CXX compile features - done
[0.231s] -- Found ament_cmake: 1.3.12 (/opt/ros/humble/share/ament_cmake/cmake)
[0.349s] -- Found Python3: /usr/bin/python3 (found version "3.10.12") found components: Interpreter 
[0.419s] -- Override CMake install command with custom implementation using symlinks instead of copying resources
[0.492s] -- Configuring done
[0.495s] -- Generating done
[0.496s] -- Build files have been written to: /home/ming/turtle_ws/build/turtlebot3_cartographer
[0.501s] Invoked command in '/home/ming/turtle_ws/build/turtlebot3_cartographer' returned '0': CMAKE_PREFIX_PATH=${CMAKE_PREFIX_PATH}:/opt/ros/humble /usr/bin/cmake /home/ming/turtle_ws/src/turtlebot3/turtlebot3_cartographer -DAMENT_CMAKE_SYMLINK_INSTALL=1 -DCMAKE_INSTALL_PREFIX=/home/ming/turtle_ws/install
[0.503s] Invoking command in '/home/ming/turtle_ws/build/turtlebot3_cartographer': CMAKE_PREFIX_PATH=${CMAKE_PREFIX_PATH}:/opt/ros/humble /usr/bin/cmake --build /home/ming/turtle_ws/build/turtlebot3_cartographer -- -j16 -l16
[0.527s] Invoked command in '/home/ming/turtle_ws/build/turtlebot3_cartographer' returned '0': CMAKE_PREFIX_PATH=${CMAKE_PREFIX_PATH}:/opt/ros/humble /usr/bin/cmake --build /home/ming/turtle_ws/build/turtlebot3_cartographer -- -j16 -l16
[0.537s] Invoking command in '/home/ming/turtle_ws/build/turtlebot3_cartographer': CMAKE_PREFIX_PATH=${CMAKE_PREFIX_PATH}:/opt/ros/humble /usr/bin/cmake --install /home/ming/turtle_ws/build/turtlebot3_cartographer
[0.544s] -- Install configuration: ""
[0.545s] -- Execute custom install script
[0.545s] -- Symlinking: /home/ming/turtle_ws/install/share/turtlebot3_cartographer/config/turtlebot3_lds_2d.lua
[0.551s] -- Symlinking: /home/ming/turtle_ws/install/share/turtlebot3_cartographer/launch/cartographer.launch.py
[0.555s] -- Symlinking: /home/ming/turtle_ws/install/share/turtlebot3_cartographer/launch/occupancy_grid.launch.py
[0.561s] -- Symlinking: /home/ming/turtle_ws/install/share/turtlebot3_cartographer/rviz/tb3_cartographer.rviz
[0.567s] -- Symlinking: /home/ming/turtle_ws/install/share/ament_index/resource_index/package_run_dependencies/turtlebot3_cartographer
[0.572s] -- Symlinking: /home/ming/turtle_ws/install/share/ament_index/resource_index/parent_prefix_path/turtlebot3_cartographer
[0.580s] -- Symlinking: /home/ming/turtle_ws/install/share/turtlebot3_cartographer/environment/ament_prefix_path.sh
[0.587s] -- Symlinking: /home/ming/turtle_ws/install/share/turtlebot3_cartographer/environment/ament_prefix_path.dsv
[0.592s] -- Symlinking: /home/ming/turtle_ws/install/share/turtlebot3_cartographer/environment/path.sh
[0.598s] -- Symlinking: /home/ming/turtle_ws/install/share/turtlebot3_cartographer/environment/path.dsv
[0.607s] -- Symlinking: /home/ming/turtle_ws/install/share/turtlebot3_cartographer/local_setup.bash
[0.615s] -- Symlinking: /home/ming/turtle_ws/install/share/turtlebot3_cartographer/local_setup.sh
[0.622s] -- Symlinking: /home/ming/turtle_ws/install/share/turtlebot3_cartographer/local_setup.zsh
[0.627s] -- Symlinking: /home/ming/turtle_ws/install/share/turtlebot3_cartographer/local_setup.dsv
[0.633s] -- Symlinking: /home/ming/turtle_ws/install/share/turtlebot3_cartographer/package.dsv
[0.639s] -- Symlinking: /home/ming/turtle_ws/install/share/ament_index/resource_index/packages/turtlebot3_cartographer
[0.647s] -- Symlinking: /home/ming/turtle_ws/install/share/turtlebot3_cartographer/cmake/turtlebot3_cartographerConfig.cmake
[0.654s] -- Symlinking: /home/ming/turtle_ws/install/share/turtlebot3_cartographer/cmake/turtlebot3_cartographerConfig-version.cmake
[0.659s] -- Symlinking: /home/ming/turtle_ws/install/share/turtlebot3_cartographer/package.xml
[0.669s] Invoked command in '/home/ming/turtle_ws/build/turtlebot3_cartographer' returned '0': CMAKE_PREFIX_PATH=${CMAKE_PREFIX_PATH}:/opt/ros/humble /usr/bin/cmake --install /home/ming/turtle_ws/build/turtlebot3_cartographer
