[0.021s] Invoking command in '/home/ming/turtle_ws/build/graph_world': PYTHONPATH=/home/ming/turtle_ws/install/lib/python3.10/site-packages:/home/ming/turtle_ws/build/turtlebot3_teleop:/home/ming/turtle_ws/build/turtlebot3_example:/home/ming/turtle_ws/install/local/lib/python3.10/dist-packages:/opt/ros/humble/lib/python3.10/site-packages:/opt/ros/humble/local/lib/python3.10/dist-packages /usr/bin/cmake /home/ming/turtle_ws/src/graph_world -DCATKIN_INSTALL_INTO_PREFIX_ROOT=0 -DCATKIN_SYMLINK_INSTALL=ON -DCMAKE_INSTALL_PREFIX=/home/ming/turtle_ws/install
[0.063s] -- The C compiler identification is GNU 11.4.0
[0.108s] -- The CXX compiler identification is GNU 11.4.0
[0.115s] -- Detecting C compiler ABI info
[0.165s] -- Detecting C compiler ABI info - done
[0.172s] -- Check for working C compiler: /usr/bin/cc - skipped
[0.173s] -- Detecting C compile features
[0.173s] -- Detecting C compile features - done
[0.177s] -- Detecting CXX compiler ABI info
[0.238s] -- Detecting CXX compiler ABI info - done
[0.244s] -- Check for working CXX compiler: /usr/bin/c++ - skipped
[0.244s] -- Detecting CXX compile features
[0.244s] -- Detecting CXX compile features - done
[0.246s] -- Found ament_cmake: 1.3.12 (/opt/ros/humble/share/ament_cmake/cmake)
[0.354s] -- Found Python3: /usr/bin/python3 (found version "3.10.12") found components: Interpreter 
[0.479s] -- Configuring done
[0.480s] -- Generating done
[0.480s] [33mCMake Warning:
[0.480s]   Manually-specified variables were not used by the project:
[0.480s] 
[0.480s]     CATKIN_INSTALL_INTO_PREFIX_ROOT
[0.480s]     CATKIN_SYMLINK_INSTALL
[0.480s] 
[0.480s] [0m
[0.481s] -- Build files have been written to: /home/ming/turtle_ws/build/graph_world
[0.484s] Invoked command in '/home/ming/turtle_ws/build/graph_world' returned '0': PYTHONPATH=/home/ming/turtle_ws/install/lib/python3.10/site-packages:/home/ming/turtle_ws/build/turtlebot3_teleop:/home/ming/turtle_ws/build/turtlebot3_example:/home/ming/turtle_ws/install/local/lib/python3.10/dist-packages:/opt/ros/humble/lib/python3.10/site-packages:/opt/ros/humble/local/lib/python3.10/dist-packages /usr/bin/cmake /home/ming/turtle_ws/src/graph_world -DCATKIN_INSTALL_INTO_PREFIX_ROOT=0 -DCATKIN_SYMLINK_INSTALL=ON -DCMAKE_INSTALL_PREFIX=/home/ming/turtle_ws/install
[0.485s] Invoking command in '/home/ming/turtle_ws/build/graph_world': PYTHONPATH=/home/ming/turtle_ws/install/lib/python3.10/site-packages:/home/ming/turtle_ws/build/turtlebot3_teleop:/home/ming/turtle_ws/build/turtlebot3_example:/home/ming/turtle_ws/install/local/lib/python3.10/dist-packages:/opt/ros/humble/lib/python3.10/site-packages:/opt/ros/humble/local/lib/python3.10/dist-packages /usr/bin/cmake --build /home/ming/turtle_ws/build/graph_world -- -j16 -l16
[0.512s] Invoked command in '/home/ming/turtle_ws/build/graph_world' returned '0': PYTHONPATH=/home/ming/turtle_ws/install/lib/python3.10/site-packages:/home/ming/turtle_ws/build/turtlebot3_teleop:/home/ming/turtle_ws/build/turtlebot3_example:/home/ming/turtle_ws/install/local/lib/python3.10/dist-packages:/opt/ros/humble/lib/python3.10/site-packages:/opt/ros/humble/local/lib/python3.10/dist-packages /usr/bin/cmake --build /home/ming/turtle_ws/build/graph_world -- -j16 -l16
[0.514s] Invoking command in '/home/ming/turtle_ws/build/graph_world': PYTHONPATH=/home/ming/turtle_ws/install/lib/python3.10/site-packages:/home/ming/turtle_ws/build/turtlebot3_teleop:/home/ming/turtle_ws/build/turtlebot3_example:/home/ming/turtle_ws/install/local/lib/python3.10/dist-packages:/opt/ros/humble/lib/python3.10/site-packages:/opt/ros/humble/local/lib/python3.10/dist-packages /usr/bin/cmake --install /home/ming/turtle_ws/build/graph_world
[0.520s] -- Install configuration: ""
[0.520s] -- Installing: /home/ming/turtle_ws/install/share/graph_world/launch
[0.520s] -- Installing: /home/ming/turtle_ws/install/share/graph_world/launch/graph_routes.launch.py
[0.521s] -- Installing: /home/ming/turtle_ws/install/share/graph_world/worlds
[0.521s] -- Installing: /home/ming/turtle_ws/install/share/graph_world/worlds/graph_routes.world
[0.521s] -- Installing: /home/ming/turtle_ws/install/lib/graph_world/world_gen.py
[0.521s] -- Installing: /home/ming/turtle_ws/install/share/ament_index/resource_index/package_run_dependencies/graph_world
[0.521s] -- Installing: /home/ming/turtle_ws/install/share/ament_index/resource_index/parent_prefix_path/graph_world
[0.521s] -- Installing: /home/ming/turtle_ws/install/share/graph_world/environment/ament_prefix_path.sh
[0.521s] -- Installing: /home/ming/turtle_ws/install/share/graph_world/environment/ament_prefix_path.dsv
[0.521s] -- Installing: /home/ming/turtle_ws/install/share/graph_world/environment/path.sh
[0.521s] -- Installing: /home/ming/turtle_ws/install/share/graph_world/environment/path.dsv
[0.521s] -- Installing: /home/ming/turtle_ws/install/share/graph_world/local_setup.bash
[0.522s] -- Installing: /home/ming/turtle_ws/install/share/graph_world/local_setup.sh
[0.522s] -- Installing: /home/ming/turtle_ws/install/share/graph_world/local_setup.zsh
[0.522s] -- Installing: /home/ming/turtle_ws/install/share/graph_world/local_setup.dsv
[0.522s] -- Installing: /home/ming/turtle_ws/install/share/graph_world/package.dsv
[0.522s] -- Installing: /home/ming/turtle_ws/install/share/ament_index/resource_index/packages/graph_world
[0.522s] -- Installing: /home/ming/turtle_ws/install/share/graph_world/cmake/graph_worldConfig.cmake
[0.522s] -- Installing: /home/ming/turtle_ws/install/share/graph_world/cmake/graph_worldConfig-version.cmake
[0.522s] -- Installing: /home/ming/turtle_ws/install/share/graph_world/package.xml
[0.524s] Invoked command in '/home/ming/turtle_ws/build/graph_world' returned '0': PYTHONPATH=/home/ming/turtle_ws/install/lib/python3.10/site-packages:/home/ming/turtle_ws/build/turtlebot3_teleop:/home/ming/turtle_ws/build/turtlebot3_example:/home/ming/turtle_ws/install/local/lib/python3.10/dist-packages:/opt/ros/humble/lib/python3.10/site-packages:/opt/ros/humble/local/lib/python3.10/dist-packages /usr/bin/cmake --install /home/ming/turtle_ws/build/graph_world
