-- The C compiler identification is GNU 11.4.0
-- The CXX compiler identification is GNU 11.4.0
-- Detecting C compiler ABI info
-- Detecting C compiler ABI info - done
-- Check for working C compiler: /usr/bin/cc - skipped
-- Detecting C compile features
-- Detecting C compile features - done
-- Detecting CXX compiler ABI info
-- Detecting CXX compiler ABI info - done
-- Check for working CXX compiler: /usr/bin/c++ - skipped
-- Detecting CXX compile features
-- Detecting CXX compile features - done
-- Found ament_cmake: 1.3.12 (/opt/ros/humble/share/ament_cmake/cmake)
-- Found Python3: /usr/bin/python3 (found version "3.10.12") found components: Interpreter 
-- Configuring done
-- Generating done
[33mCMake Warning:
  Manually-specified variables were not used by the project:

    CATKIN_INSTALL_INTO_PREFIX_ROOT
    CATKIN_SYMLINK_INSTALL

[0m
-- Build files have been written to: /home/ming/turtle_ws/build/my_worlds
-- Install configuration: ""
-- Installing: /home/ming/turtle_ws/install/share/my_worlds/worlds
-- Installing: /home/ming/turtle_ws/install/share/my_worlds/worlds/grid_world.world
-- Installing: /home/ming/turtle_ws/install/share/ament_index/resource_index/package_run_dependencies/my_worlds
-- Installing: /home/ming/turtle_ws/install/share/ament_index/resource_index/parent_prefix_path/my_worlds
-- Installing: /home/ming/turtle_ws/install/share/my_worlds/environment/ament_prefix_path.sh
-- Installing: /home/ming/turtle_ws/install/share/my_worlds/environment/ament_prefix_path.dsv
-- Installing: /home/ming/turtle_ws/install/share/my_worlds/environment/path.sh
-- Installing: /home/ming/turtle_ws/install/share/my_worlds/environment/path.dsv
-- Installing: /home/ming/turtle_ws/install/share/my_worlds/local_setup.bash
-- Installing: /home/ming/turtle_ws/install/share/my_worlds/local_setup.sh
-- Installing: /home/ming/turtle_ws/install/share/my_worlds/local_setup.zsh
-- Installing: /home/ming/turtle_ws/install/share/my_worlds/local_setup.dsv
-- Installing: /home/ming/turtle_ws/install/share/my_worlds/package.dsv
-- Installing: /home/ming/turtle_ws/install/share/ament_index/resource_index/packages/my_worlds
-- Installing: /home/ming/turtle_ws/install/share/my_worlds/cmake/my_worldsConfig.cmake
-- Installing: /home/ming/turtle_ws/install/share/my_worlds/cmake/my_worldsConfig-version.cmake
-- Installing: /home/ming/turtle_ws/install/share/my_worlds/package.xml
