[0.181s] Invoking command in '/home/ming/turtle_ws/build/my_worlds': /usr/bin/cmake /home/ming/turtle_ws/src/my_worlds -DCATKIN_INSTALL_INTO_PREFIX_ROOT=0 -DCATKIN_SYMLINK_INSTALL=ON -DCMAKE_INSTALL_PREFIX=/home/ming/turtle_ws/install
[0.226s] -- The C compiler identification is GNU 11.4.0
[0.269s] -- The CXX compiler identification is GNU 11.4.0
[0.276s] -- Detecting C compiler ABI info
[0.336s] -- Detecting C compiler ABI info - done
[0.344s] -- Check for working C compiler: /usr/bin/cc - skipped
[0.344s] -- Detecting C compile features
[0.344s] -- Detecting C compile features - done
[0.348s] -- Detecting CXX compiler ABI info
[0.411s] -- Detecting CXX compiler ABI info - done
[0.419s] -- Check for working CXX compiler: /usr/bin/c++ - skipped
[0.420s] -- Detecting CXX compile features
[0.420s] -- Detecting CXX compile features - done
[0.423s] -- Found ament_cmake: 1.3.12 (/opt/ros/humble/share/ament_cmake/cmake)
[0.561s] -- Found Python3: /usr/bin/python3 (found version "3.10.12") found components: Interpreter 
[0.732s] -- Configuring done
[0.733s] -- Generating done
[0.733s] [33mCMake Warning:
[0.733s]   Manually-specified variables were not used by the project:
[0.733s] 
[0.733s]     CATKIN_INSTALL_INTO_PREFIX_ROOT
[0.733s]     CATKIN_SYMLINK_INSTALL
[0.733s] 
[0.733s] [0m
[0.733s] -- Build files have been written to: /home/ming/turtle_ws/build/my_worlds
[0.750s] Invoked command in '/home/ming/turtle_ws/build/my_worlds' returned '0': /usr/bin/cmake /home/ming/turtle_ws/src/my_worlds -DCATKIN_INSTALL_INTO_PREFIX_ROOT=0 -DCATKIN_SYMLINK_INSTALL=ON -DCMAKE_INSTALL_PREFIX=/home/ming/turtle_ws/install
[0.752s] Invoking command in '/home/ming/turtle_ws/build/my_worlds': /usr/bin/cmake --build /home/ming/turtle_ws/build/my_worlds -- -j16 -l16
[0.782s] Invoked command in '/home/ming/turtle_ws/build/my_worlds' returned '0': /usr/bin/cmake --build /home/ming/turtle_ws/build/my_worlds -- -j16 -l16
[0.784s] Invoking command in '/home/ming/turtle_ws/build/my_worlds': /usr/bin/cmake --install /home/ming/turtle_ws/build/my_worlds
[0.790s] -- Install configuration: ""
[0.790s] -- Installing: /home/ming/turtle_ws/install/share/my_worlds/worlds
[0.790s] -- Installing: /home/ming/turtle_ws/install/share/my_worlds/worlds/grid_world.world
[0.790s] -- Installing: /home/ming/turtle_ws/install/share/ament_index/resource_index/package_run_dependencies/my_worlds
[0.790s] -- Installing: /home/ming/turtle_ws/install/share/ament_index/resource_index/parent_prefix_path/my_worlds
[0.791s] -- Installing: /home/ming/turtle_ws/install/share/my_worlds/environment/ament_prefix_path.sh
[0.791s] -- Installing: /home/ming/turtle_ws/install/share/my_worlds/environment/ament_prefix_path.dsv
[0.791s] -- Installing: /home/ming/turtle_ws/install/share/my_worlds/environment/path.sh
[0.791s] -- Installing: /home/ming/turtle_ws/install/share/my_worlds/environment/path.dsv
[0.791s] -- Installing: /home/ming/turtle_ws/install/share/my_worlds/local_setup.bash
[0.791s] -- Installing: /home/ming/turtle_ws/install/share/my_worlds/local_setup.sh
[0.791s] -- Installing: /home/ming/turtle_ws/install/share/my_worlds/local_setup.zsh
[0.791s] -- Installing: /home/ming/turtle_ws/install/share/my_worlds/local_setup.dsv
[0.791s] -- Installing: /home/ming/turtle_ws/install/share/my_worlds/package.dsv
[0.791s] -- Installing: /home/ming/turtle_ws/install/share/ament_index/resource_index/packages/my_worlds
[0.792s] -- Installing: /home/ming/turtle_ws/install/share/my_worlds/cmake/my_worldsConfig.cmake
[0.792s] -- Installing: /home/ming/turtle_ws/install/share/my_worlds/cmake/my_worldsConfig-version.cmake
[0.792s] -- Installing: /home/ming/turtle_ws/install/share/my_worlds/package.xml
[0.803s] Invoked command in '/home/ming/turtle_ws/build/my_worlds' returned '0': /usr/bin/cmake --install /home/ming/turtle_ws/build/my_worlds
